ARM GAS  C:\Users\ALEX'S~1\AppData\Local\Temp\ccZyrH2y.s 			page 1


   1              		.cpu cortex-m4
   2              		.eabi_attribute 27, 1
   3              		.eabi_attribute 28, 1
   4              		.eabi_attribute 20, 1
   5              		.eabi_attribute 21, 1
   6              		.eabi_attribute 23, 3
   7              		.eabi_attribute 24, 1
   8              		.eabi_attribute 25, 1
   9              		.eabi_attribute 26, 1
  10              		.eabi_attribute 30, 2
  11              		.eabi_attribute 34, 1
  12              		.eabi_attribute 18, 4
  13              		.file	"freertos.c"
  14              		.text
  15              	.Ltext0:
  16              		.cfi_sections	.debug_frame
  17              		.section	.text.StartDefaultTask,"ax",%progbits
  18              		.align	1
  19              		.p2align 2,,3
  20              		.global	StartDefaultTask
  21              		.syntax unified
  22              		.thumb
  23              		.thumb_func
  24              		.fpu fpv4-sp-d16
  26              	StartDefaultTask:
  27              	.LFB132:
  28              		.file 1 "Src/freertos.c"
   1:Src/freertos.c **** /* USER CODE BEGIN Header */
   2:Src/freertos.c **** /**
   3:Src/freertos.c ****   ******************************************************************************
   4:Src/freertos.c ****   * File Name          : freertos.c
   5:Src/freertos.c ****   * Description        : Code for freertos applications
   6:Src/freertos.c ****   ******************************************************************************
   7:Src/freertos.c ****   * This notice applies to any and all portions of this file
   8:Src/freertos.c ****   * that are not between comment pairs USER CODE BEGIN and
   9:Src/freertos.c ****   * USER CODE END. Other portions of this file, whether 
  10:Src/freertos.c ****   * inserted by the user or by software development tools
  11:Src/freertos.c ****   * are owned by their respective copyright owners.
  12:Src/freertos.c ****   *
  13:Src/freertos.c ****   * Copyright (c) 2018 STMicroelectronics International N.V. 
  14:Src/freertos.c ****   * All rights reserved.
  15:Src/freertos.c ****   *
  16:Src/freertos.c ****   * Redistribution and use in source and binary forms, with or without 
  17:Src/freertos.c ****   * modification, are permitted, provided that the following conditions are met:
  18:Src/freertos.c ****   *
  19:Src/freertos.c ****   * 1. Redistribution of source code must retain the above copyright notice, 
  20:Src/freertos.c ****   *    this list of conditions and the following disclaimer.
  21:Src/freertos.c ****   * 2. Redistributions in binary form must reproduce the above copyright notice,
  22:Src/freertos.c ****   *    this list of conditions and the following disclaimer in the documentation
  23:Src/freertos.c ****   *    and/or other materials provided with the distribution.
  24:Src/freertos.c ****   * 3. Neither the name of STMicroelectronics nor the names of other 
  25:Src/freertos.c ****   *    contributors to this software may be used to endorse or promote products 
  26:Src/freertos.c ****   *    derived from this software without specific written permission.
  27:Src/freertos.c ****   * 4. This software, including modifications and/or derivative works of this 
  28:Src/freertos.c ****   *    software, must execute solely and exclusively on microcontroller or
  29:Src/freertos.c ****   *    microprocessor devices manufactured by or for STMicroelectronics.
  30:Src/freertos.c ****   * 5. Redistribution and use of this software other than as permitted under 
ARM GAS  C:\Users\ALEX'S~1\AppData\Local\Temp\ccZyrH2y.s 			page 2


  31:Src/freertos.c ****   *    this license is void and will automatically terminate your rights under 
  32:Src/freertos.c ****   *    this license. 
  33:Src/freertos.c ****   *
  34:Src/freertos.c ****   * THIS SOFTWARE IS PROVIDED BY STMICROELECTRONICS AND CONTRIBUTORS "AS IS" 
  35:Src/freertos.c ****   * AND ANY EXPRESS, IMPLIED OR STATUTORY WARRANTIES, INCLUDING, BUT NOT 
  36:Src/freertos.c ****   * LIMITED TO, THE IMPLIED WARRANTIES OF MERCHANTABILITY, FITNESS FOR A 
  37:Src/freertos.c ****   * PARTICULAR PURPOSE AND NON-INFRINGEMENT OF THIRD PARTY INTELLECTUAL PROPERTY
  38:Src/freertos.c ****   * RIGHTS ARE DISCLAIMED TO THE FULLEST EXTENT PERMITTED BY LAW. IN NO EVENT 
  39:Src/freertos.c ****   * SHALL STMICROELECTRONICS OR CONTRIBUTORS BE LIABLE FOR ANY DIRECT, INDIRECT,
  40:Src/freertos.c ****   * INCIDENTAL, SPECIAL, EXEMPLARY, OR CONSEQUENTIAL DAMAGES (INCLUDING, BUT NOT
  41:Src/freertos.c ****   * LIMITED TO, PROCUREMENT OF SUBSTITUTE GOODS OR SERVICES; LOSS OF USE, DATA, 
  42:Src/freertos.c ****   * OR PROFITS; OR BUSINESS INTERRUPTION) HOWEVER CAUSED AND ON ANY THEORY OF 
  43:Src/freertos.c ****   * LIABILITY, WHETHER IN CONTRACT, STRICT LIABILITY, OR TORT (INCLUDING 
  44:Src/freertos.c ****   * NEGLIGENCE OR OTHERWISE) ARISING IN ANY WAY OUT OF THE USE OF THIS SOFTWARE,
  45:Src/freertos.c ****   * EVEN IF ADVISED OF THE POSSIBILITY OF SUCH DAMAGE.
  46:Src/freertos.c ****   *
  47:Src/freertos.c ****   ******************************************************************************
  48:Src/freertos.c ****   */
  49:Src/freertos.c **** /* USER CODE END Header */
  50:Src/freertos.c **** 
  51:Src/freertos.c **** /* Includes ------------------------------------------------------------------*/
  52:Src/freertos.c **** #include "FreeRTOS.h"
  53:Src/freertos.c **** #include "task.h"
  54:Src/freertos.c **** #include "main.h"
  55:Src/freertos.c **** #include "cmsis_os.h"
  56:Src/freertos.c **** 
  57:Src/freertos.c **** /* Private includes ----------------------------------------------------------*/
  58:Src/freertos.c **** /* USER CODE BEGIN Includes */     
  59:Src/freertos.c **** #include "stm32f3xx_hal.h"
  60:Src/freertos.c **** /* USER CODE END Includes */
  61:Src/freertos.c **** 
  62:Src/freertos.c **** /* Private typedef -----------------------------------------------------------*/
  63:Src/freertos.c **** /* USER CODE BEGIN PTD */
  64:Src/freertos.c **** 
  65:Src/freertos.c **** /* USER CODE END PTD */
  66:Src/freertos.c **** 
  67:Src/freertos.c **** /* Private define ------------------------------------------------------------*/
  68:Src/freertos.c **** /* USER CODE BEGIN PD */
  69:Src/freertos.c **** 
  70:Src/freertos.c **** /* USER CODE END PD */
  71:Src/freertos.c **** 
  72:Src/freertos.c **** /* Private macro -------------------------------------------------------------*/
  73:Src/freertos.c **** /* USER CODE BEGIN PM */
  74:Src/freertos.c **** 
  75:Src/freertos.c **** /* USER CODE END PM */
  76:Src/freertos.c **** 
  77:Src/freertos.c **** /* Private variables ---------------------------------------------------------*/
  78:Src/freertos.c **** /* USER CODE BEGIN Variables */
  79:Src/freertos.c **** extern TIM_HandleTypeDef htim19;
  80:Src/freertos.c **** 
  81:Src/freertos.c **** uint32_t encoderCount;
  82:Src/freertos.c **** uint8_t encoderDirection;
  83:Src/freertos.c **** /* USER CODE END Variables */
  84:Src/freertos.c **** osThreadId defaultTaskHandle;
  85:Src/freertos.c **** 
  86:Src/freertos.c **** /* Private function prototypes -----------------------------------------------*/
  87:Src/freertos.c **** /* USER CODE BEGIN FunctionPrototypes */
ARM GAS  C:\Users\ALEX'S~1\AppData\Local\Temp\ccZyrH2y.s 			page 3


  88:Src/freertos.c **** 
  89:Src/freertos.c **** /* USER CODE END FunctionPrototypes */
  90:Src/freertos.c **** 
  91:Src/freertos.c **** void StartDefaultTask(void const * argument);
  92:Src/freertos.c **** 
  93:Src/freertos.c **** void MX_FREERTOS_Init(void); /* (MISRA C 2004 rule 8.1) */
  94:Src/freertos.c **** 
  95:Src/freertos.c **** /**
  96:Src/freertos.c ****   * @brief  FreeRTOS initialization
  97:Src/freertos.c ****   * @param  None
  98:Src/freertos.c ****   * @retval None
  99:Src/freertos.c ****   */
 100:Src/freertos.c **** void MX_FREERTOS_Init(void) {
 101:Src/freertos.c ****   /* USER CODE BEGIN Init */
 102:Src/freertos.c ****        
 103:Src/freertos.c ****   /* USER CODE END Init */
 104:Src/freertos.c **** 
 105:Src/freertos.c ****   /* USER CODE BEGIN RTOS_MUTEX */
 106:Src/freertos.c ****   /* add mutexes, ... */
 107:Src/freertos.c ****   /* USER CODE END RTOS_MUTEX */
 108:Src/freertos.c **** 
 109:Src/freertos.c ****   /* USER CODE BEGIN RTOS_SEMAPHORES */
 110:Src/freertos.c ****   /* add semaphores, ... */
 111:Src/freertos.c ****   /* USER CODE END RTOS_SEMAPHORES */
 112:Src/freertos.c **** 
 113:Src/freertos.c ****   /* USER CODE BEGIN RTOS_TIMERS */
 114:Src/freertos.c ****   /* start timers, add new ones, ... */
 115:Src/freertos.c ****   /* USER CODE END RTOS_TIMERS */
 116:Src/freertos.c **** 
 117:Src/freertos.c ****   /* Create the thread(s) */
 118:Src/freertos.c ****   /* definition and creation of defaultTask */
 119:Src/freertos.c ****   osThreadDef(defaultTask, StartDefaultTask, osPriorityNormal, 0, 128);
 120:Src/freertos.c ****   defaultTaskHandle = osThreadCreate(osThread(defaultTask), NULL);
 121:Src/freertos.c **** 
 122:Src/freertos.c ****   /* USER CODE BEGIN RTOS_THREADS */
 123:Src/freertos.c ****   /* add threads, ... */
 124:Src/freertos.c ****   /* USER CODE END RTOS_THREADS */
 125:Src/freertos.c **** 
 126:Src/freertos.c ****   /* USER CODE BEGIN RTOS_QUEUES */
 127:Src/freertos.c ****   /* add queues, ... */
 128:Src/freertos.c ****   /* USER CODE END RTOS_QUEUES */
 129:Src/freertos.c **** }
 130:Src/freertos.c **** 
 131:Src/freertos.c **** /* USER CODE BEGIN Header_StartDefaultTask */
 132:Src/freertos.c **** /**
 133:Src/freertos.c ****   * @brief  Function implementing the defaultTask thread.
 134:Src/freertos.c ****   * @param  argument: Not used 
 135:Src/freertos.c ****   * @retval None
 136:Src/freertos.c ****   */
 137:Src/freertos.c **** /* USER CODE END Header_StartDefaultTask */
 138:Src/freertos.c **** void StartDefaultTask(void const * argument)
 139:Src/freertos.c **** {
  29              		.loc 1 139 0
  30              		.cfi_startproc
  31              		@ Volatile: function does not return.
  32              		@ args = 0, pretend = 0, frame = 0
  33              		@ frame_needed = 0, uses_anonymous_args = 0
ARM GAS  C:\Users\ALEX'S~1\AppData\Local\Temp\ccZyrH2y.s 			page 4


  34              	.LVL0:
 140:Src/freertos.c **** 
 141:Src/freertos.c ****   /* USER CODE BEGIN StartDefaultTask */
 142:Src/freertos.c **** 
 143:Src/freertos.c ****   HAL_TIM_Encoder_Start(&htim19, TIM_CHANNEL_ALL);
  35              		.loc 1 143 0
  36 0000 0648     		ldr	r0, .L5
  37              	.LVL1:
  38 0002 074C     		ldr	r4, .L5+4
 139:Src/freertos.c **** 
  39              		.loc 1 139 0
  40 0004 08B5     		push	{r3, lr}
  41              	.LCFI0:
  42              		.cfi_def_cfa_offset 8
  43              		.cfi_offset 3, -8
  44              		.cfi_offset 14, -4
  45              		.loc 1 143 0
  46 0006 1821     		movs	r1, #24
  47 0008 0546     		mov	r5, r0
  48 000a FFF7FEFF 		bl	HAL_TIM_Encoder_Start
  49              	.LVL2:
  50              	.L2:
 144:Src/freertos.c **** 
 145:Src/freertos.c ****   /* Infinite loop */
 146:Src/freertos.c ****   for(;;)
 147:Src/freertos.c ****   {
 148:Src/freertos.c ****     //HAL_GPIO_TogglePin(LED_GPIO_Port, LED_Pin);
 149:Src/freertos.c ****     encoderCount = __HAL_TIM_GET_COUNTER(&htim19);
  51              		.loc 1 149 0 discriminator 1
  52 000e 2B68     		ldr	r3, [r5]
 150:Src/freertos.c ****     osDelay(1);
  53              		.loc 1 150 0 discriminator 1
  54 0010 0120     		movs	r0, #1
 149:Src/freertos.c ****     osDelay(1);
  55              		.loc 1 149 0 discriminator 1
  56 0012 5B6A     		ldr	r3, [r3, #36]
  57 0014 2360     		str	r3, [r4]
  58              		.loc 1 150 0 discriminator 1
  59 0016 FFF7FEFF 		bl	osDelay
  60              	.LVL3:
  61 001a F8E7     		b	.L2
  62              	.L6:
  63              		.align	2
  64              	.L5:
  65 001c 00000000 		.word	htim19
  66 0020 00000000 		.word	encoderCount
  67              		.cfi_endproc
  68              	.LFE132:
  70              		.section	.text.MX_FREERTOS_Init,"ax",%progbits
  71              		.align	1
  72              		.p2align 2,,3
  73              		.global	MX_FREERTOS_Init
  74              		.syntax unified
  75              		.thumb
  76              		.thumb_func
  77              		.fpu fpv4-sp-d16
  79              	MX_FREERTOS_Init:
ARM GAS  C:\Users\ALEX'S~1\AppData\Local\Temp\ccZyrH2y.s 			page 5


  80              	.LFB131:
 100:Src/freertos.c ****   /* USER CODE BEGIN Init */
  81              		.loc 1 100 0
  82              		.cfi_startproc
  83              		@ args = 0, pretend = 0, frame = 24
  84              		@ frame_needed = 0, uses_anonymous_args = 0
  85 0000 30B5     		push	{r4, r5, lr}
  86              	.LCFI1:
  87              		.cfi_def_cfa_offset 12
  88              		.cfi_offset 4, -12
  89              		.cfi_offset 5, -8
  90              		.cfi_offset 14, -4
 119:Src/freertos.c ****   defaultTaskHandle = osThreadCreate(osThread(defaultTask), NULL);
  91              		.loc 1 119 0
  92 0002 074D     		ldr	r5, .L9
  93 0004 0FCD     		ldmia	r5!, {r0, r1, r2, r3}
 100:Src/freertos.c ****   /* USER CODE BEGIN Init */
  94              		.loc 1 100 0
  95 0006 87B0     		sub	sp, sp, #28
  96              	.LCFI2:
  97              		.cfi_def_cfa_offset 40
 119:Src/freertos.c ****   defaultTaskHandle = osThreadCreate(osThread(defaultTask), NULL);
  98              		.loc 1 119 0
  99 0008 01AC     		add	r4, sp, #4
 100 000a 0FC4     		stmia	r4!, {r0, r1, r2, r3}
 101 000c 2B68     		ldr	r3, [r5]
 102 000e 2360     		str	r3, [r4]
 120:Src/freertos.c **** 
 103              		.loc 1 120 0
 104 0010 0021     		movs	r1, #0
 105 0012 01A8     		add	r0, sp, #4
 106 0014 FFF7FEFF 		bl	osThreadCreate
 107              	.LVL4:
 108 0018 024B     		ldr	r3, .L9+4
 109 001a 1860     		str	r0, [r3]
 129:Src/freertos.c **** 
 110              		.loc 1 129 0
 111 001c 07B0     		add	sp, sp, #28
 112              	.LCFI3:
 113              		.cfi_def_cfa_offset 12
 114              		@ sp needed
 115 001e 30BD     		pop	{r4, r5, pc}
 116              	.L10:
 117              		.align	2
 118              	.L9:
 119 0020 00000000 		.word	.LANCHOR0
 120 0024 00000000 		.word	defaultTaskHandle
 121              		.cfi_endproc
 122              	.LFE131:
 124              		.comm	defaultTaskHandle,4,4
 125              		.comm	encoderDirection,1,1
 126              		.comm	encoderCount,4,4
 127              		.section	.rodata
 128              		.align	2
 129              		.set	.LANCHOR0,. + 0
 130              	.LC2:
 131 0000 00000000 		.word	.LC0
ARM GAS  C:\Users\ALEX'S~1\AppData\Local\Temp\ccZyrH2y.s 			page 6


 132 0004 00000000 		.word	StartDefaultTask
 133 0008 0000     		.short	0
 134 000a 0000     		.space	2
 135 000c 00000000 		.word	0
 136 0010 80000000 		.word	128
 137              		.section	.rodata.str1.4,"aMS",%progbits,1
 138              		.align	2
 139              	.LC0:
 140 0000 64656661 		.ascii	"defaultTask\000"
 140      756C7454 
 140      61736B00 
 141              		.text
 142              	.Letext0:
 143              		.file 2 "c:\\program files (x86)\\gnu tools arm embedded\\7 2018-q2-update\\arm-none-eabi\\include
 144              		.file 3 "c:\\program files (x86)\\gnu tools arm embedded\\7 2018-q2-update\\arm-none-eabi\\include
 145              		.file 4 "Middlewares/Third_Party/FreeRTOS/Source/include/task.h"
 146              		.file 5 "Middlewares/Third_Party/FreeRTOS/Source/CMSIS_RTOS/cmsis_os.h"
 147              		.file 6 "Inc/FreeRTOSConfig.h"
 148              		.file 7 "Drivers/CMSIS/Include/core_cm4.h"
 149              		.file 8 "Drivers/CMSIS/Device/ST/STM32F3xx/Include/system_stm32f3xx.h"
 150              		.file 9 "Drivers/CMSIS/Device/ST/STM32F3xx/Include/stm32f373xc.h"
 151              		.file 10 "c:\\program files (x86)\\gnu tools arm embedded\\7 2018-q2-update\\arm-none-eabi\\includ
 152              		.file 11 "c:\\program files (x86)\\gnu tools arm embedded\\7 2018-q2-update\\arm-none-eabi\\includ
 153              		.file 12 "c:\\program files (x86)\\gnu tools arm embedded\\7 2018-q2-update\\lib\\gcc\\arm-none-ea
 154              		.file 13 "c:\\program files (x86)\\gnu tools arm embedded\\7 2018-q2-update\\arm-none-eabi\\includ
 155              		.file 14 "Drivers/STM32F3xx_HAL_Driver/Inc/stm32f3xx_hal_def.h"
 156              		.file 15 "Drivers/STM32F3xx_HAL_Driver/Inc/stm32f3xx_hal_dma.h"
 157              		.file 16 "Drivers/STM32F3xx_HAL_Driver/Inc/stm32f3xx_hal_tim.h"
 158              		.file 17 "Drivers/STM32F3xx_HAL_Driver/Inc/stm32f3xx_hal.h"
ARM GAS  C:\Users\ALEX'S~1\AppData\Local\Temp\ccZyrH2y.s 			page 7


DEFINED SYMBOLS
                            *ABS*:00000000 freertos.c
C:\Users\ALEX'S~1\AppData\Local\Temp\ccZyrH2y.s:18     .text.StartDefaultTask:00000000 $t
C:\Users\ALEX'S~1\AppData\Local\Temp\ccZyrH2y.s:26     .text.StartDefaultTask:00000000 StartDefaultTask
C:\Users\ALEX'S~1\AppData\Local\Temp\ccZyrH2y.s:65     .text.StartDefaultTask:0000001c $d
                            *COM*:00000004 encoderCount
C:\Users\ALEX'S~1\AppData\Local\Temp\ccZyrH2y.s:71     .text.MX_FREERTOS_Init:00000000 $t
C:\Users\ALEX'S~1\AppData\Local\Temp\ccZyrH2y.s:79     .text.MX_FREERTOS_Init:00000000 MX_FREERTOS_Init
C:\Users\ALEX'S~1\AppData\Local\Temp\ccZyrH2y.s:119    .text.MX_FREERTOS_Init:00000020 $d
                            *COM*:00000004 defaultTaskHandle
                            *COM*:00000001 encoderDirection
C:\Users\ALEX'S~1\AppData\Local\Temp\ccZyrH2y.s:128    .rodata:00000000 $d
C:\Users\ALEX'S~1\AppData\Local\Temp\ccZyrH2y.s:138    .rodata.str1.4:00000000 $d

UNDEFINED SYMBOLS
HAL_TIM_Encoder_Start
osDelay
htim19
osThreadCreate
