ARM GAS  C:\Users\ALEX'S~1\AppData\Local\Temp\cc9bzKeW.s 			page 1


   1              		.cpu cortex-m4
   2              		.eabi_attribute 27, 1
   3              		.eabi_attribute 28, 1
   4              		.eabi_attribute 20, 1
   5              		.eabi_attribute 21, 1
   6              		.eabi_attribute 23, 3
   7              		.eabi_attribute 24, 1
   8              		.eabi_attribute 25, 1
   9              		.eabi_attribute 26, 1
  10              		.eabi_attribute 30, 2
  11              		.eabi_attribute 34, 1
  12              		.eabi_attribute 18, 4
  13              		.file	"stm32f3xx_hal.c"
  14              		.text
  15              	.Ltext0:
  16              		.cfi_sections	.debug_frame
  17              		.section	.text.HAL_MspInit,"ax",%progbits
  18              		.align	1
  19              		.p2align 2,,3
  20              		.weak	HAL_MspInit
  21              		.syntax unified
  22              		.thumb
  23              		.thumb_func
  24              		.fpu fpv4-sp-d16
  26              	HAL_MspInit:
  27              	.LFB128:
  28              		.file 1 "Drivers/STM32F3xx_HAL_Driver/Src/stm32f3xx_hal.c"
   1:Drivers/STM32F3xx_HAL_Driver/Src/stm32f3xx_hal.c **** /**
   2:Drivers/STM32F3xx_HAL_Driver/Src/stm32f3xx_hal.c ****   ******************************************************************************
   3:Drivers/STM32F3xx_HAL_Driver/Src/stm32f3xx_hal.c ****   * @file    stm32f3xx_hal.c
   4:Drivers/STM32F3xx_HAL_Driver/Src/stm32f3xx_hal.c ****   * @author  MCD Application Team
   5:Drivers/STM32F3xx_HAL_Driver/Src/stm32f3xx_hal.c ****   * @brief   HAL module driver.
   6:Drivers/STM32F3xx_HAL_Driver/Src/stm32f3xx_hal.c ****   *          This is the common part of the HAL initialization
   7:Drivers/STM32F3xx_HAL_Driver/Src/stm32f3xx_hal.c ****   *
   8:Drivers/STM32F3xx_HAL_Driver/Src/stm32f3xx_hal.c ****   @verbatim
   9:Drivers/STM32F3xx_HAL_Driver/Src/stm32f3xx_hal.c ****   ==============================================================================
  10:Drivers/STM32F3xx_HAL_Driver/Src/stm32f3xx_hal.c ****                      ##### How to use this driver #####
  11:Drivers/STM32F3xx_HAL_Driver/Src/stm32f3xx_hal.c ****   ==============================================================================
  12:Drivers/STM32F3xx_HAL_Driver/Src/stm32f3xx_hal.c ****     [..]
  13:Drivers/STM32F3xx_HAL_Driver/Src/stm32f3xx_hal.c ****     The common HAL driver contains a set of generic and common APIs that can be
  14:Drivers/STM32F3xx_HAL_Driver/Src/stm32f3xx_hal.c ****     used by the PPP peripheral drivers and the user to start using the HAL.
  15:Drivers/STM32F3xx_HAL_Driver/Src/stm32f3xx_hal.c ****     [..]
  16:Drivers/STM32F3xx_HAL_Driver/Src/stm32f3xx_hal.c ****     The HAL contains two APIs categories:
  17:Drivers/STM32F3xx_HAL_Driver/Src/stm32f3xx_hal.c ****          (+) HAL Initialization and de-initialization functions
  18:Drivers/STM32F3xx_HAL_Driver/Src/stm32f3xx_hal.c ****          (+) HAL Control functions
  19:Drivers/STM32F3xx_HAL_Driver/Src/stm32f3xx_hal.c **** 
  20:Drivers/STM32F3xx_HAL_Driver/Src/stm32f3xx_hal.c ****   @endverbatim
  21:Drivers/STM32F3xx_HAL_Driver/Src/stm32f3xx_hal.c ****   ******************************************************************************
  22:Drivers/STM32F3xx_HAL_Driver/Src/stm32f3xx_hal.c ****   * @attention
  23:Drivers/STM32F3xx_HAL_Driver/Src/stm32f3xx_hal.c ****   *
  24:Drivers/STM32F3xx_HAL_Driver/Src/stm32f3xx_hal.c ****   * <h2><center>&copy; COPYRIGHT(c) 2016 STMicroelectronics</center></h2>
  25:Drivers/STM32F3xx_HAL_Driver/Src/stm32f3xx_hal.c ****   *
  26:Drivers/STM32F3xx_HAL_Driver/Src/stm32f3xx_hal.c ****   * Redistribution and use in source and binary forms, with or without modification,
  27:Drivers/STM32F3xx_HAL_Driver/Src/stm32f3xx_hal.c ****   * are permitted provided that the following conditions are met:
  28:Drivers/STM32F3xx_HAL_Driver/Src/stm32f3xx_hal.c ****   *   1. Redistributions of source code must retain the above copyright notice,
  29:Drivers/STM32F3xx_HAL_Driver/Src/stm32f3xx_hal.c ****   *      this list of conditions and the following disclaimer.
  30:Drivers/STM32F3xx_HAL_Driver/Src/stm32f3xx_hal.c ****   *   2. Redistributions in binary form must reproduce the above copyright notice,
ARM GAS  C:\Users\ALEX'S~1\AppData\Local\Temp\cc9bzKeW.s 			page 2


  31:Drivers/STM32F3xx_HAL_Driver/Src/stm32f3xx_hal.c ****   *      this list of conditions and the following disclaimer in the documentation
  32:Drivers/STM32F3xx_HAL_Driver/Src/stm32f3xx_hal.c ****   *      and/or other materials provided with the distribution.
  33:Drivers/STM32F3xx_HAL_Driver/Src/stm32f3xx_hal.c ****   *   3. Neither the name of STMicroelectronics nor the names of its contributors
  34:Drivers/STM32F3xx_HAL_Driver/Src/stm32f3xx_hal.c ****   *      may be used to endorse or promote products derived from this software
  35:Drivers/STM32F3xx_HAL_Driver/Src/stm32f3xx_hal.c ****   *      without specific prior written permission.
  36:Drivers/STM32F3xx_HAL_Driver/Src/stm32f3xx_hal.c ****   *
  37:Drivers/STM32F3xx_HAL_Driver/Src/stm32f3xx_hal.c ****   * THIS SOFTWARE IS PROVIDED BY THE COPYRIGHT HOLDERS AND CONTRIBUTORS "AS IS"
  38:Drivers/STM32F3xx_HAL_Driver/Src/stm32f3xx_hal.c ****   * AND ANY EXPRESS OR IMPLIED WARRANTIES, INCLUDING, BUT NOT LIMITED TO, THE
  39:Drivers/STM32F3xx_HAL_Driver/Src/stm32f3xx_hal.c ****   * IMPLIED WARRANTIES OF MERCHANTABILITY AND FITNESS FOR A PARTICULAR PURPOSE ARE
  40:Drivers/STM32F3xx_HAL_Driver/Src/stm32f3xx_hal.c ****   * DISCLAIMED. IN NO EVENT SHALL THE COPYRIGHT HOLDER OR CONTRIBUTORS BE LIABLE
  41:Drivers/STM32F3xx_HAL_Driver/Src/stm32f3xx_hal.c ****   * FOR ANY DIRECT, INDIRECT, INCIDENTAL, SPECIAL, EXEMPLARY, OR CONSEQUENTIAL
  42:Drivers/STM32F3xx_HAL_Driver/Src/stm32f3xx_hal.c ****   * DAMAGES (INCLUDING, BUT NOT LIMITED TO, PROCUREMENT OF SUBSTITUTE GOODS OR
  43:Drivers/STM32F3xx_HAL_Driver/Src/stm32f3xx_hal.c ****   * SERVICES; LOSS OF USE, DATA, OR PROFITS; OR BUSINESS INTERRUPTION) HOWEVER
  44:Drivers/STM32F3xx_HAL_Driver/Src/stm32f3xx_hal.c ****   * CAUSED AND ON ANY THEORY OF LIABILITY, WHETHER IN CONTRACT, STRICT LIABILITY,
  45:Drivers/STM32F3xx_HAL_Driver/Src/stm32f3xx_hal.c ****   * OR TORT (INCLUDING NEGLIGENCE OR OTHERWISE) ARISING IN ANY WAY OUT OF THE USE
  46:Drivers/STM32F3xx_HAL_Driver/Src/stm32f3xx_hal.c ****   * OF THIS SOFTWARE, EVEN IF ADVISED OF THE POSSIBILITY OF SUCH DAMAGE.
  47:Drivers/STM32F3xx_HAL_Driver/Src/stm32f3xx_hal.c ****   *
  48:Drivers/STM32F3xx_HAL_Driver/Src/stm32f3xx_hal.c ****   ******************************************************************************  
  49:Drivers/STM32F3xx_HAL_Driver/Src/stm32f3xx_hal.c ****   */
  50:Drivers/STM32F3xx_HAL_Driver/Src/stm32f3xx_hal.c **** 
  51:Drivers/STM32F3xx_HAL_Driver/Src/stm32f3xx_hal.c **** /* Includes ------------------------------------------------------------------*/
  52:Drivers/STM32F3xx_HAL_Driver/Src/stm32f3xx_hal.c **** #include "stm32f3xx_hal.h"
  53:Drivers/STM32F3xx_HAL_Driver/Src/stm32f3xx_hal.c **** 
  54:Drivers/STM32F3xx_HAL_Driver/Src/stm32f3xx_hal.c **** /** @addtogroup STM32F3xx_HAL_Driver
  55:Drivers/STM32F3xx_HAL_Driver/Src/stm32f3xx_hal.c ****   * @{
  56:Drivers/STM32F3xx_HAL_Driver/Src/stm32f3xx_hal.c ****   */
  57:Drivers/STM32F3xx_HAL_Driver/Src/stm32f3xx_hal.c **** 
  58:Drivers/STM32F3xx_HAL_Driver/Src/stm32f3xx_hal.c **** /** @defgroup HAL HAL
  59:Drivers/STM32F3xx_HAL_Driver/Src/stm32f3xx_hal.c ****   * @brief HAL module driver.
  60:Drivers/STM32F3xx_HAL_Driver/Src/stm32f3xx_hal.c ****   * @{
  61:Drivers/STM32F3xx_HAL_Driver/Src/stm32f3xx_hal.c ****   */
  62:Drivers/STM32F3xx_HAL_Driver/Src/stm32f3xx_hal.c **** 
  63:Drivers/STM32F3xx_HAL_Driver/Src/stm32f3xx_hal.c **** #ifdef HAL_MODULE_ENABLED
  64:Drivers/STM32F3xx_HAL_Driver/Src/stm32f3xx_hal.c **** 
  65:Drivers/STM32F3xx_HAL_Driver/Src/stm32f3xx_hal.c **** /* Private typedef -----------------------------------------------------------*/
  66:Drivers/STM32F3xx_HAL_Driver/Src/stm32f3xx_hal.c **** /* Private define ------------------------------------------------------------*/
  67:Drivers/STM32F3xx_HAL_Driver/Src/stm32f3xx_hal.c **** /** @defgroup HAL_Private Constants
  68:Drivers/STM32F3xx_HAL_Driver/Src/stm32f3xx_hal.c ****   * @{
  69:Drivers/STM32F3xx_HAL_Driver/Src/stm32f3xx_hal.c ****   */
  70:Drivers/STM32F3xx_HAL_Driver/Src/stm32f3xx_hal.c **** /**
  71:Drivers/STM32F3xx_HAL_Driver/Src/stm32f3xx_hal.c ****  * @brief STM32F3xx HAL Driver version number V1.5.2
  72:Drivers/STM32F3xx_HAL_Driver/Src/stm32f3xx_hal.c ****    */
  73:Drivers/STM32F3xx_HAL_Driver/Src/stm32f3xx_hal.c **** #define __STM32F3xx_HAL_VERSION_MAIN   (0x01U) /*!< [31:24] main version */
  74:Drivers/STM32F3xx_HAL_Driver/Src/stm32f3xx_hal.c **** #define __STM32F3xx_HAL_VERSION_SUB1   (0x05U) /*!< [23:16] sub1 version */
  75:Drivers/STM32F3xx_HAL_Driver/Src/stm32f3xx_hal.c **** #define __STM32F3xx_HAL_VERSION_SUB2   (0x02U) /*!< [15:8]  sub2 version */
  76:Drivers/STM32F3xx_HAL_Driver/Src/stm32f3xx_hal.c **** #define __STM32F3xx_HAL_VERSION_RC     (0x00U) /*!< [7:0]  release candidate */
  77:Drivers/STM32F3xx_HAL_Driver/Src/stm32f3xx_hal.c **** #define __STM32F3xx_HAL_VERSION         ((__STM32F3xx_HAL_VERSION_MAIN << 24U)\
  78:Drivers/STM32F3xx_HAL_Driver/Src/stm32f3xx_hal.c ****                                         |(__STM32F3xx_HAL_VERSION_SUB1 << 16U)\
  79:Drivers/STM32F3xx_HAL_Driver/Src/stm32f3xx_hal.c ****                                         |(__STM32F3xx_HAL_VERSION_SUB2 << 8U )\
  80:Drivers/STM32F3xx_HAL_Driver/Src/stm32f3xx_hal.c ****                                         |(__STM32F3xx_HAL_VERSION_RC))
  81:Drivers/STM32F3xx_HAL_Driver/Src/stm32f3xx_hal.c **** 
  82:Drivers/STM32F3xx_HAL_Driver/Src/stm32f3xx_hal.c **** #define IDCODE_DEVID_MASK    (0x00000FFFU)
  83:Drivers/STM32F3xx_HAL_Driver/Src/stm32f3xx_hal.c **** /**
  84:Drivers/STM32F3xx_HAL_Driver/Src/stm32f3xx_hal.c ****   * @}
  85:Drivers/STM32F3xx_HAL_Driver/Src/stm32f3xx_hal.c ****   */
  86:Drivers/STM32F3xx_HAL_Driver/Src/stm32f3xx_hal.c ****   
  87:Drivers/STM32F3xx_HAL_Driver/Src/stm32f3xx_hal.c **** /* Private macro -------------------------------------------------------------*/
ARM GAS  C:\Users\ALEX'S~1\AppData\Local\Temp\cc9bzKeW.s 			page 3


  88:Drivers/STM32F3xx_HAL_Driver/Src/stm32f3xx_hal.c **** /* Exported variables --------------------------------------------------------*/
  89:Drivers/STM32F3xx_HAL_Driver/Src/stm32f3xx_hal.c **** /** @defgroup HAL_Exported_Variables HAL Exported Variables
  90:Drivers/STM32F3xx_HAL_Driver/Src/stm32f3xx_hal.c ****   * @{
  91:Drivers/STM32F3xx_HAL_Driver/Src/stm32f3xx_hal.c ****   */
  92:Drivers/STM32F3xx_HAL_Driver/Src/stm32f3xx_hal.c **** __IO uint32_t uwTick;
  93:Drivers/STM32F3xx_HAL_Driver/Src/stm32f3xx_hal.c **** uint32_t uwTickPrio   = (1UL << __NVIC_PRIO_BITS); /* Invalid PRIO */
  94:Drivers/STM32F3xx_HAL_Driver/Src/stm32f3xx_hal.c **** HAL_TickFreqTypeDef uwTickFreq = HAL_TICK_FREQ_DEFAULT;  /* 1KHz */
  95:Drivers/STM32F3xx_HAL_Driver/Src/stm32f3xx_hal.c **** /**
  96:Drivers/STM32F3xx_HAL_Driver/Src/stm32f3xx_hal.c ****   * @}
  97:Drivers/STM32F3xx_HAL_Driver/Src/stm32f3xx_hal.c ****   */
  98:Drivers/STM32F3xx_HAL_Driver/Src/stm32f3xx_hal.c **** /* Private function prototypes -----------------------------------------------*/
  99:Drivers/STM32F3xx_HAL_Driver/Src/stm32f3xx_hal.c **** /* Exported functions ---------------------------------------------------------*/
 100:Drivers/STM32F3xx_HAL_Driver/Src/stm32f3xx_hal.c **** 
 101:Drivers/STM32F3xx_HAL_Driver/Src/stm32f3xx_hal.c **** /** @defgroup HAL_Exported_Functions HAL Exported Functions
 102:Drivers/STM32F3xx_HAL_Driver/Src/stm32f3xx_hal.c ****   * @{
 103:Drivers/STM32F3xx_HAL_Driver/Src/stm32f3xx_hal.c ****   */
 104:Drivers/STM32F3xx_HAL_Driver/Src/stm32f3xx_hal.c **** 
 105:Drivers/STM32F3xx_HAL_Driver/Src/stm32f3xx_hal.c **** /** @defgroup HAL_Exported_Functions_Group1 Initialization and de-initialization Functions 
 106:Drivers/STM32F3xx_HAL_Driver/Src/stm32f3xx_hal.c ****  *  @brief    Initialization and de-initialization functions
 107:Drivers/STM32F3xx_HAL_Driver/Src/stm32f3xx_hal.c ****  *
 108:Drivers/STM32F3xx_HAL_Driver/Src/stm32f3xx_hal.c **** @verbatim
 109:Drivers/STM32F3xx_HAL_Driver/Src/stm32f3xx_hal.c ****  ===============================================================================
 110:Drivers/STM32F3xx_HAL_Driver/Src/stm32f3xx_hal.c ****               ##### Initialization and de-initialization functions #####
 111:Drivers/STM32F3xx_HAL_Driver/Src/stm32f3xx_hal.c ****  ===============================================================================
 112:Drivers/STM32F3xx_HAL_Driver/Src/stm32f3xx_hal.c ****     [..]  This section provides functions allowing to:
 113:Drivers/STM32F3xx_HAL_Driver/Src/stm32f3xx_hal.c ****       (+) Initializes the Flash interface, the NVIC allocation and initial clock 
 114:Drivers/STM32F3xx_HAL_Driver/Src/stm32f3xx_hal.c ****           configuration. It initializes the systick also when timeout is needed
 115:Drivers/STM32F3xx_HAL_Driver/Src/stm32f3xx_hal.c ****           and the backup domain when enabled.
 116:Drivers/STM32F3xx_HAL_Driver/Src/stm32f3xx_hal.c ****       (+) de-Initializes common part of the HAL.
 117:Drivers/STM32F3xx_HAL_Driver/Src/stm32f3xx_hal.c ****       (+) Configure The time base source to have 1ms time base with a dedicated 
 118:Drivers/STM32F3xx_HAL_Driver/Src/stm32f3xx_hal.c ****           Tick interrupt priority. 
 119:Drivers/STM32F3xx_HAL_Driver/Src/stm32f3xx_hal.c ****         (++) SysTick timer is used by default as source of time base, but user 
 120:Drivers/STM32F3xx_HAL_Driver/Src/stm32f3xx_hal.c ****              can eventually implement his proper time base source (a general purpose 
 121:Drivers/STM32F3xx_HAL_Driver/Src/stm32f3xx_hal.c ****              timer for example or other time source), keeping in mind that Time base 
 122:Drivers/STM32F3xx_HAL_Driver/Src/stm32f3xx_hal.c ****              duration should be kept 1ms since PPP_TIMEOUT_VALUEs are defined and 
 123:Drivers/STM32F3xx_HAL_Driver/Src/stm32f3xx_hal.c ****              handled in milliseconds basis.
 124:Drivers/STM32F3xx_HAL_Driver/Src/stm32f3xx_hal.c ****         (++) Time base configuration function (HAL_InitTick ()) is called automatically 
 125:Drivers/STM32F3xx_HAL_Driver/Src/stm32f3xx_hal.c ****              at the beginning of the program after reset by HAL_Init() or at any time 
 126:Drivers/STM32F3xx_HAL_Driver/Src/stm32f3xx_hal.c ****              when clock is configured, by HAL_RCC_ClockConfig(). 
 127:Drivers/STM32F3xx_HAL_Driver/Src/stm32f3xx_hal.c ****         (++) Source of time base is configured  to generate interrupts at regular 
 128:Drivers/STM32F3xx_HAL_Driver/Src/stm32f3xx_hal.c ****              time intervals. Care must be taken if HAL_Delay() is called from a 
 129:Drivers/STM32F3xx_HAL_Driver/Src/stm32f3xx_hal.c ****              peripheral ISR process, the Tick interrupt line must have higher priority 
 130:Drivers/STM32F3xx_HAL_Driver/Src/stm32f3xx_hal.c ****             (numerically lower) than the peripheral interrupt. Otherwise the caller 
 131:Drivers/STM32F3xx_HAL_Driver/Src/stm32f3xx_hal.c ****             ISR process will be blocked. 
 132:Drivers/STM32F3xx_HAL_Driver/Src/stm32f3xx_hal.c ****        (++) functions affecting time base configurations are declared as __Weak  
 133:Drivers/STM32F3xx_HAL_Driver/Src/stm32f3xx_hal.c ****              to make  override possible  in case of other  implementations in user file.
 134:Drivers/STM32F3xx_HAL_Driver/Src/stm32f3xx_hal.c **** 
 135:Drivers/STM32F3xx_HAL_Driver/Src/stm32f3xx_hal.c **** @endverbatim
 136:Drivers/STM32F3xx_HAL_Driver/Src/stm32f3xx_hal.c ****   * @{
 137:Drivers/STM32F3xx_HAL_Driver/Src/stm32f3xx_hal.c ****   */
 138:Drivers/STM32F3xx_HAL_Driver/Src/stm32f3xx_hal.c **** 
 139:Drivers/STM32F3xx_HAL_Driver/Src/stm32f3xx_hal.c **** /**
 140:Drivers/STM32F3xx_HAL_Driver/Src/stm32f3xx_hal.c ****   * @brief  This function configures the Flash prefetch, 
 141:Drivers/STM32F3xx_HAL_Driver/Src/stm32f3xx_hal.c ****   *         Configures time base source, NVIC and Low level hardware
 142:Drivers/STM32F3xx_HAL_Driver/Src/stm32f3xx_hal.c ****   * @note   This function is called at the beginning of program after reset and before 
 143:Drivers/STM32F3xx_HAL_Driver/Src/stm32f3xx_hal.c ****   *         the clock configuration
 144:Drivers/STM32F3xx_HAL_Driver/Src/stm32f3xx_hal.c ****   *             
ARM GAS  C:\Users\ALEX'S~1\AppData\Local\Temp\cc9bzKeW.s 			page 4


 145:Drivers/STM32F3xx_HAL_Driver/Src/stm32f3xx_hal.c ****   * @note   The Systick configuration is based on HSI clock, as HSI is the clock
 146:Drivers/STM32F3xx_HAL_Driver/Src/stm32f3xx_hal.c ****   *         used after a system Reset and the NVIC configuration is set to Priority group 4 
 147:Drivers/STM32F3xx_HAL_Driver/Src/stm32f3xx_hal.c ****   *            
 148:Drivers/STM32F3xx_HAL_Driver/Src/stm32f3xx_hal.c ****   * @note   The time base configuration is based on MSI clock when exting from Reset.
 149:Drivers/STM32F3xx_HAL_Driver/Src/stm32f3xx_hal.c ****   *         Once done, time base tick start incrementing.
 150:Drivers/STM32F3xx_HAL_Driver/Src/stm32f3xx_hal.c ****   *         In the default implementation,Systick is used as source of time base.
 151:Drivers/STM32F3xx_HAL_Driver/Src/stm32f3xx_hal.c ****   *       The tick variable is incremented each 1ms in its ISR.
 152:Drivers/STM32F3xx_HAL_Driver/Src/stm32f3xx_hal.c ****   * @retval HAL status
 153:Drivers/STM32F3xx_HAL_Driver/Src/stm32f3xx_hal.c ****   */
 154:Drivers/STM32F3xx_HAL_Driver/Src/stm32f3xx_hal.c **** HAL_StatusTypeDef HAL_Init(void)
 155:Drivers/STM32F3xx_HAL_Driver/Src/stm32f3xx_hal.c **** {
 156:Drivers/STM32F3xx_HAL_Driver/Src/stm32f3xx_hal.c ****   /* Configure Flash prefetch */
 157:Drivers/STM32F3xx_HAL_Driver/Src/stm32f3xx_hal.c **** #if (PREFETCH_ENABLE != 0U)
 158:Drivers/STM32F3xx_HAL_Driver/Src/stm32f3xx_hal.c ****   __HAL_FLASH_PREFETCH_BUFFER_ENABLE();
 159:Drivers/STM32F3xx_HAL_Driver/Src/stm32f3xx_hal.c **** #endif /* PREFETCH_ENABLE */
 160:Drivers/STM32F3xx_HAL_Driver/Src/stm32f3xx_hal.c **** 
 161:Drivers/STM32F3xx_HAL_Driver/Src/stm32f3xx_hal.c ****   /* Set Interrupt Group Priority */
 162:Drivers/STM32F3xx_HAL_Driver/Src/stm32f3xx_hal.c ****   HAL_NVIC_SetPriorityGrouping(NVIC_PRIORITYGROUP_4);
 163:Drivers/STM32F3xx_HAL_Driver/Src/stm32f3xx_hal.c **** 
 164:Drivers/STM32F3xx_HAL_Driver/Src/stm32f3xx_hal.c ****   /* Enable systick and configure 1ms tick (default clock after Reset is HSI) */
 165:Drivers/STM32F3xx_HAL_Driver/Src/stm32f3xx_hal.c ****   HAL_InitTick(TICK_INT_PRIORITY);
 166:Drivers/STM32F3xx_HAL_Driver/Src/stm32f3xx_hal.c **** 
 167:Drivers/STM32F3xx_HAL_Driver/Src/stm32f3xx_hal.c ****   /* Init the low level hardware */
 168:Drivers/STM32F3xx_HAL_Driver/Src/stm32f3xx_hal.c ****   HAL_MspInit();
 169:Drivers/STM32F3xx_HAL_Driver/Src/stm32f3xx_hal.c **** 
 170:Drivers/STM32F3xx_HAL_Driver/Src/stm32f3xx_hal.c ****   /* Return function status */
 171:Drivers/STM32F3xx_HAL_Driver/Src/stm32f3xx_hal.c ****   return HAL_OK;
 172:Drivers/STM32F3xx_HAL_Driver/Src/stm32f3xx_hal.c **** }
 173:Drivers/STM32F3xx_HAL_Driver/Src/stm32f3xx_hal.c **** 
 174:Drivers/STM32F3xx_HAL_Driver/Src/stm32f3xx_hal.c **** /**
 175:Drivers/STM32F3xx_HAL_Driver/Src/stm32f3xx_hal.c ****   * @brief  This function de-Initializes common part of the HAL and stops the systick.
 176:Drivers/STM32F3xx_HAL_Driver/Src/stm32f3xx_hal.c ****   * @note This function is optional.
 177:Drivers/STM32F3xx_HAL_Driver/Src/stm32f3xx_hal.c ****   * @retval HAL status
 178:Drivers/STM32F3xx_HAL_Driver/Src/stm32f3xx_hal.c ****   */
 179:Drivers/STM32F3xx_HAL_Driver/Src/stm32f3xx_hal.c **** HAL_StatusTypeDef HAL_DeInit(void)
 180:Drivers/STM32F3xx_HAL_Driver/Src/stm32f3xx_hal.c **** {
 181:Drivers/STM32F3xx_HAL_Driver/Src/stm32f3xx_hal.c ****   /* Reset of all peripherals */
 182:Drivers/STM32F3xx_HAL_Driver/Src/stm32f3xx_hal.c ****   __HAL_RCC_APB1_FORCE_RESET();
 183:Drivers/STM32F3xx_HAL_Driver/Src/stm32f3xx_hal.c ****   __HAL_RCC_APB1_RELEASE_RESET();
 184:Drivers/STM32F3xx_HAL_Driver/Src/stm32f3xx_hal.c **** 
 185:Drivers/STM32F3xx_HAL_Driver/Src/stm32f3xx_hal.c ****   __HAL_RCC_APB2_FORCE_RESET();
 186:Drivers/STM32F3xx_HAL_Driver/Src/stm32f3xx_hal.c ****   __HAL_RCC_APB2_RELEASE_RESET();
 187:Drivers/STM32F3xx_HAL_Driver/Src/stm32f3xx_hal.c **** 
 188:Drivers/STM32F3xx_HAL_Driver/Src/stm32f3xx_hal.c ****   __HAL_RCC_AHB_FORCE_RESET();
 189:Drivers/STM32F3xx_HAL_Driver/Src/stm32f3xx_hal.c ****   __HAL_RCC_AHB_RELEASE_RESET();
 190:Drivers/STM32F3xx_HAL_Driver/Src/stm32f3xx_hal.c **** 
 191:Drivers/STM32F3xx_HAL_Driver/Src/stm32f3xx_hal.c ****   /* De-Init the low level hardware */
 192:Drivers/STM32F3xx_HAL_Driver/Src/stm32f3xx_hal.c ****   HAL_MspDeInit();
 193:Drivers/STM32F3xx_HAL_Driver/Src/stm32f3xx_hal.c **** 
 194:Drivers/STM32F3xx_HAL_Driver/Src/stm32f3xx_hal.c ****   /* Return function status */
 195:Drivers/STM32F3xx_HAL_Driver/Src/stm32f3xx_hal.c ****   return HAL_OK;
 196:Drivers/STM32F3xx_HAL_Driver/Src/stm32f3xx_hal.c **** }
 197:Drivers/STM32F3xx_HAL_Driver/Src/stm32f3xx_hal.c **** 
 198:Drivers/STM32F3xx_HAL_Driver/Src/stm32f3xx_hal.c **** /**
 199:Drivers/STM32F3xx_HAL_Driver/Src/stm32f3xx_hal.c ****   * @brief  Initialize the MSP.
 200:Drivers/STM32F3xx_HAL_Driver/Src/stm32f3xx_hal.c ****   * @retval None
 201:Drivers/STM32F3xx_HAL_Driver/Src/stm32f3xx_hal.c ****   */
ARM GAS  C:\Users\ALEX'S~1\AppData\Local\Temp\cc9bzKeW.s 			page 5


 202:Drivers/STM32F3xx_HAL_Driver/Src/stm32f3xx_hal.c **** __weak void HAL_MspInit(void)
 203:Drivers/STM32F3xx_HAL_Driver/Src/stm32f3xx_hal.c **** {
  29              		.loc 1 203 0
  30              		.cfi_startproc
  31              		@ args = 0, pretend = 0, frame = 0
  32              		@ frame_needed = 0, uses_anonymous_args = 0
  33              		@ link register save eliminated.
 204:Drivers/STM32F3xx_HAL_Driver/Src/stm32f3xx_hal.c ****   /* NOTE : This function should not be modified, when the callback is needed,
 205:Drivers/STM32F3xx_HAL_Driver/Src/stm32f3xx_hal.c ****             the HAL_MspInit could be implemented in the user file
 206:Drivers/STM32F3xx_HAL_Driver/Src/stm32f3xx_hal.c ****    */
 207:Drivers/STM32F3xx_HAL_Driver/Src/stm32f3xx_hal.c **** }
  34              		.loc 1 207 0
  35 0000 7047     		bx	lr
  36              		.cfi_endproc
  37              	.LFE128:
  39 0002 00BF     		.section	.text.HAL_MspDeInit,"ax",%progbits
  40              		.align	1
  41              		.p2align 2,,3
  42              		.weak	HAL_MspDeInit
  43              		.syntax unified
  44              		.thumb
  45              		.thumb_func
  46              		.fpu fpv4-sp-d16
  48              	HAL_MspDeInit:
  49              	.LFB153:
  50              		.cfi_startproc
  51              		@ args = 0, pretend = 0, frame = 0
  52              		@ frame_needed = 0, uses_anonymous_args = 0
  53              		@ link register save eliminated.
  54 0000 7047     		bx	lr
  55              		.cfi_endproc
  56              	.LFE153:
  58 0002 00BF     		.section	.text.HAL_DeInit,"ax",%progbits
  59              		.align	1
  60              		.p2align 2,,3
  61              		.global	HAL_DeInit
  62              		.syntax unified
  63              		.thumb
  64              		.thumb_func
  65              		.fpu fpv4-sp-d16
  67              	HAL_DeInit:
  68              	.LFB127:
 180:Drivers/STM32F3xx_HAL_Driver/Src/stm32f3xx_hal.c ****   /* Reset of all peripherals */
  69              		.loc 1 180 0
  70              		.cfi_startproc
  71              		@ args = 0, pretend = 0, frame = 0
  72              		@ frame_needed = 0, uses_anonymous_args = 0
 180:Drivers/STM32F3xx_HAL_Driver/Src/stm32f3xx_hal.c ****   /* Reset of all peripherals */
  73              		.loc 1 180 0
  74 0000 10B5     		push	{r4, lr}
  75              	.LCFI0:
  76              		.cfi_def_cfa_offset 8
  77              		.cfi_offset 4, -8
  78              		.cfi_offset 14, -4
 182:Drivers/STM32F3xx_HAL_Driver/Src/stm32f3xx_hal.c ****   __HAL_RCC_APB1_RELEASE_RESET();
  79              		.loc 1 182 0
  80 0002 074B     		ldr	r3, .L6
ARM GAS  C:\Users\ALEX'S~1\AppData\Local\Temp\cc9bzKeW.s 			page 6


  81 0004 4FF0FF32 		mov	r2, #-1
 183:Drivers/STM32F3xx_HAL_Driver/Src/stm32f3xx_hal.c **** 
  82              		.loc 1 183 0
  83 0008 0024     		movs	r4, #0
 182:Drivers/STM32F3xx_HAL_Driver/Src/stm32f3xx_hal.c ****   __HAL_RCC_APB1_RELEASE_RESET();
  84              		.loc 1 182 0
  85 000a 1A61     		str	r2, [r3, #16]
 183:Drivers/STM32F3xx_HAL_Driver/Src/stm32f3xx_hal.c **** 
  86              		.loc 1 183 0
  87 000c 1C61     		str	r4, [r3, #16]
 185:Drivers/STM32F3xx_HAL_Driver/Src/stm32f3xx_hal.c ****   __HAL_RCC_APB2_RELEASE_RESET();
  88              		.loc 1 185 0
  89 000e DA60     		str	r2, [r3, #12]
 186:Drivers/STM32F3xx_HAL_Driver/Src/stm32f3xx_hal.c **** 
  90              		.loc 1 186 0
  91 0010 DC60     		str	r4, [r3, #12]
 188:Drivers/STM32F3xx_HAL_Driver/Src/stm32f3xx_hal.c ****   __HAL_RCC_AHB_RELEASE_RESET();
  92              		.loc 1 188 0
  93 0012 9A62     		str	r2, [r3, #40]
 189:Drivers/STM32F3xx_HAL_Driver/Src/stm32f3xx_hal.c **** 
  94              		.loc 1 189 0
  95 0014 9C62     		str	r4, [r3, #40]
 192:Drivers/STM32F3xx_HAL_Driver/Src/stm32f3xx_hal.c **** 
  96              		.loc 1 192 0
  97 0016 FFF7FEFF 		bl	HAL_MspDeInit
  98              	.LVL0:
 196:Drivers/STM32F3xx_HAL_Driver/Src/stm32f3xx_hal.c **** 
  99              		.loc 1 196 0
 100 001a 2046     		mov	r0, r4
 101 001c 10BD     		pop	{r4, pc}
 102              	.L7:
 103 001e 00BF     		.align	2
 104              	.L6:
 105 0020 00100240 		.word	1073876992
 106              		.cfi_endproc
 107              	.LFE127:
 109              		.section	.text.HAL_InitTick,"ax",%progbits
 110              		.align	1
 111              		.p2align 2,,3
 112              		.weak	HAL_InitTick
 113              		.syntax unified
 114              		.thumb
 115              		.thumb_func
 116              		.fpu fpv4-sp-d16
 118              	HAL_InitTick:
 119              	.LFB130:
 208:Drivers/STM32F3xx_HAL_Driver/Src/stm32f3xx_hal.c **** 
 209:Drivers/STM32F3xx_HAL_Driver/Src/stm32f3xx_hal.c **** /**
 210:Drivers/STM32F3xx_HAL_Driver/Src/stm32f3xx_hal.c ****   * @brief  DeInitialize the MSP.
 211:Drivers/STM32F3xx_HAL_Driver/Src/stm32f3xx_hal.c ****   * @retval None
 212:Drivers/STM32F3xx_HAL_Driver/Src/stm32f3xx_hal.c ****   */
 213:Drivers/STM32F3xx_HAL_Driver/Src/stm32f3xx_hal.c **** __weak void HAL_MspDeInit(void)
 214:Drivers/STM32F3xx_HAL_Driver/Src/stm32f3xx_hal.c **** {
 215:Drivers/STM32F3xx_HAL_Driver/Src/stm32f3xx_hal.c ****   /* NOTE : This function should not be modified, when the callback is needed,
 216:Drivers/STM32F3xx_HAL_Driver/Src/stm32f3xx_hal.c ****             the HAL_MspDeInit could be implemented in the user file
 217:Drivers/STM32F3xx_HAL_Driver/Src/stm32f3xx_hal.c ****    */
 218:Drivers/STM32F3xx_HAL_Driver/Src/stm32f3xx_hal.c **** }
ARM GAS  C:\Users\ALEX'S~1\AppData\Local\Temp\cc9bzKeW.s 			page 7


 219:Drivers/STM32F3xx_HAL_Driver/Src/stm32f3xx_hal.c **** 
 220:Drivers/STM32F3xx_HAL_Driver/Src/stm32f3xx_hal.c **** /**
 221:Drivers/STM32F3xx_HAL_Driver/Src/stm32f3xx_hal.c ****   * @brief  This function configures the source of the time base. 
 222:Drivers/STM32F3xx_HAL_Driver/Src/stm32f3xx_hal.c ****   *         The time source is configured  to have 1ms time base with a dedicated 
 223:Drivers/STM32F3xx_HAL_Driver/Src/stm32f3xx_hal.c ****   *         Tick interrupt priority. 
 224:Drivers/STM32F3xx_HAL_Driver/Src/stm32f3xx_hal.c ****   * @note   This function is called  automatically at the beginning of program after
 225:Drivers/STM32F3xx_HAL_Driver/Src/stm32f3xx_hal.c ****   *         reset by HAL_Init() or at any time when clock is reconfigured  by HAL_RCC_ClockConfig()
 226:Drivers/STM32F3xx_HAL_Driver/Src/stm32f3xx_hal.c ****   * @note   In the default implementation , SysTick timer is the source of time base. 
 227:Drivers/STM32F3xx_HAL_Driver/Src/stm32f3xx_hal.c ****   *         It is used to generate interrupts at regular time intervals. 
 228:Drivers/STM32F3xx_HAL_Driver/Src/stm32f3xx_hal.c ****   *         Care must be taken if HAL_Delay() is called from a peripheral ISR process, 
 229:Drivers/STM32F3xx_HAL_Driver/Src/stm32f3xx_hal.c ****   *         The SysTick interrupt must have higher priority (numerically lower) 
 230:Drivers/STM32F3xx_HAL_Driver/Src/stm32f3xx_hal.c ****   *         than the peripheral interrupt. Otherwise the caller ISR process will be blocked.
 231:Drivers/STM32F3xx_HAL_Driver/Src/stm32f3xx_hal.c ****   *         The function is declared as __Weak  to be overwritten  in case of other
 232:Drivers/STM32F3xx_HAL_Driver/Src/stm32f3xx_hal.c ****   *         implementation  in user file.
 233:Drivers/STM32F3xx_HAL_Driver/Src/stm32f3xx_hal.c ****   * @param TickPriority Tick interrupt priority.
 234:Drivers/STM32F3xx_HAL_Driver/Src/stm32f3xx_hal.c ****   * @retval HAL status
 235:Drivers/STM32F3xx_HAL_Driver/Src/stm32f3xx_hal.c ****   */
 236:Drivers/STM32F3xx_HAL_Driver/Src/stm32f3xx_hal.c **** __weak HAL_StatusTypeDef HAL_InitTick(uint32_t TickPriority)
 237:Drivers/STM32F3xx_HAL_Driver/Src/stm32f3xx_hal.c **** {
 120              		.loc 1 237 0
 121              		.cfi_startproc
 122              		@ args = 0, pretend = 0, frame = 0
 123              		@ frame_needed = 0, uses_anonymous_args = 0
 124              	.LVL1:
 125 0000 38B5     		push	{r3, r4, r5, lr}
 126              	.LCFI1:
 127              		.cfi_def_cfa_offset 16
 128              		.cfi_offset 3, -16
 129              		.cfi_offset 4, -12
 130              		.cfi_offset 5, -8
 131              		.cfi_offset 14, -4
 238:Drivers/STM32F3xx_HAL_Driver/Src/stm32f3xx_hal.c ****   /* Configure the SysTick to have interrupt in 1ms time basis*/
 239:Drivers/STM32F3xx_HAL_Driver/Src/stm32f3xx_hal.c ****   if (HAL_SYSTICK_Config(SystemCoreClock / (1000U / uwTickFreq)) > 0U)
 132              		.loc 1 239 0
 133 0002 0E4A     		ldr	r2, .L14
 134 0004 0E4B     		ldr	r3, .L14+4
 135 0006 1278     		ldrb	r2, [r2]	@ zero_extendqisi2
 136 0008 1B68     		ldr	r3, [r3]
 237:Drivers/STM32F3xx_HAL_Driver/Src/stm32f3xx_hal.c ****   /* Configure the SysTick to have interrupt in 1ms time basis*/
 137              		.loc 1 237 0
 138 000a 0546     		mov	r5, r0
 139              		.loc 1 239 0
 140 000c 4FF47A70 		mov	r0, #1000
 141              	.LVL2:
 142 0010 B0FBF2F0 		udiv	r0, r0, r2
 143 0014 B3FBF0F0 		udiv	r0, r3, r0
 144 0018 FFF7FEFF 		bl	HAL_SYSTICK_Config
 145              	.LVL3:
 146 001c 08B9     		cbnz	r0, .L11
 240:Drivers/STM32F3xx_HAL_Driver/Src/stm32f3xx_hal.c ****   {
 241:Drivers/STM32F3xx_HAL_Driver/Src/stm32f3xx_hal.c ****     return HAL_ERROR;
 242:Drivers/STM32F3xx_HAL_Driver/Src/stm32f3xx_hal.c ****   }
 243:Drivers/STM32F3xx_HAL_Driver/Src/stm32f3xx_hal.c **** 
 244:Drivers/STM32F3xx_HAL_Driver/Src/stm32f3xx_hal.c ****   /* Configure the SysTick IRQ priority */
 245:Drivers/STM32F3xx_HAL_Driver/Src/stm32f3xx_hal.c ****   if (TickPriority < (1UL << __NVIC_PRIO_BITS))
 147              		.loc 1 245 0
 148 001e 0F2D     		cmp	r5, #15
ARM GAS  C:\Users\ALEX'S~1\AppData\Local\Temp\cc9bzKeW.s 			page 8


 149 0020 01D9     		bls	.L13
 150              	.L11:
 241:Drivers/STM32F3xx_HAL_Driver/Src/stm32f3xx_hal.c ****   }
 151              		.loc 1 241 0
 152 0022 0120     		movs	r0, #1
 246:Drivers/STM32F3xx_HAL_Driver/Src/stm32f3xx_hal.c ****   {
 247:Drivers/STM32F3xx_HAL_Driver/Src/stm32f3xx_hal.c ****     HAL_NVIC_SetPriority(SysTick_IRQn, TickPriority, 0U);
 248:Drivers/STM32F3xx_HAL_Driver/Src/stm32f3xx_hal.c ****     uwTickPrio = TickPriority;
 249:Drivers/STM32F3xx_HAL_Driver/Src/stm32f3xx_hal.c ****   }
 250:Drivers/STM32F3xx_HAL_Driver/Src/stm32f3xx_hal.c ****   else
 251:Drivers/STM32F3xx_HAL_Driver/Src/stm32f3xx_hal.c ****   {
 252:Drivers/STM32F3xx_HAL_Driver/Src/stm32f3xx_hal.c ****     return HAL_ERROR;
 253:Drivers/STM32F3xx_HAL_Driver/Src/stm32f3xx_hal.c ****   }
 254:Drivers/STM32F3xx_HAL_Driver/Src/stm32f3xx_hal.c ****    /* Return function status */
 255:Drivers/STM32F3xx_HAL_Driver/Src/stm32f3xx_hal.c ****   return HAL_OK;
 256:Drivers/STM32F3xx_HAL_Driver/Src/stm32f3xx_hal.c **** }
 153              		.loc 1 256 0
 154 0024 38BD     		pop	{r3, r4, r5, pc}
 155              	.LVL4:
 156              	.L13:
 157 0026 0446     		mov	r4, r0
 158              	.LVL5:
 159              	.LBB4:
 160              	.LBB5:
 247:Drivers/STM32F3xx_HAL_Driver/Src/stm32f3xx_hal.c ****     uwTickPrio = TickPriority;
 161              		.loc 1 247 0
 162 0028 0246     		mov	r2, r0
 163 002a 2946     		mov	r1, r5
 164 002c 4FF0FF30 		mov	r0, #-1
 165 0030 FFF7FEFF 		bl	HAL_NVIC_SetPriority
 166              	.LVL6:
 248:Drivers/STM32F3xx_HAL_Driver/Src/stm32f3xx_hal.c ****   }
 167              		.loc 1 248 0
 168 0034 034B     		ldr	r3, .L14+8
 169 0036 2046     		mov	r0, r4
 170 0038 1D60     		str	r5, [r3]
 171              	.LVL7:
 172              	.LBE5:
 173              	.LBE4:
 174              		.loc 1 256 0
 175 003a 38BD     		pop	{r3, r4, r5, pc}
 176              	.LVL8:
 177              	.L15:
 178              		.align	2
 179              	.L14:
 180 003c 00000000 		.word	.LANCHOR0
 181 0040 00000000 		.word	SystemCoreClock
 182 0044 00000000 		.word	.LANCHOR1
 183              		.cfi_endproc
 184              	.LFE130:
 186              		.section	.text.HAL_Init,"ax",%progbits
 187              		.align	1
 188              		.p2align 2,,3
 189              		.global	HAL_Init
 190              		.syntax unified
 191              		.thumb
 192              		.thumb_func
ARM GAS  C:\Users\ALEX'S~1\AppData\Local\Temp\cc9bzKeW.s 			page 9


 193              		.fpu fpv4-sp-d16
 195              	HAL_Init:
 196              	.LFB126:
 155:Drivers/STM32F3xx_HAL_Driver/Src/stm32f3xx_hal.c ****   /* Configure Flash prefetch */
 197              		.loc 1 155 0
 198              		.cfi_startproc
 199              		@ args = 0, pretend = 0, frame = 0
 200              		@ frame_needed = 0, uses_anonymous_args = 0
 158:Drivers/STM32F3xx_HAL_Driver/Src/stm32f3xx_hal.c **** #endif /* PREFETCH_ENABLE */
 201              		.loc 1 158 0
 202 0000 074A     		ldr	r2, .L18
 155:Drivers/STM32F3xx_HAL_Driver/Src/stm32f3xx_hal.c ****   /* Configure Flash prefetch */
 203              		.loc 1 155 0
 204 0002 08B5     		push	{r3, lr}
 205              	.LCFI2:
 206              		.cfi_def_cfa_offset 8
 207              		.cfi_offset 3, -8
 208              		.cfi_offset 14, -4
 158:Drivers/STM32F3xx_HAL_Driver/Src/stm32f3xx_hal.c **** #endif /* PREFETCH_ENABLE */
 209              		.loc 1 158 0
 210 0004 1368     		ldr	r3, [r2]
 211 0006 43F01003 		orr	r3, r3, #16
 212 000a 1360     		str	r3, [r2]
 162:Drivers/STM32F3xx_HAL_Driver/Src/stm32f3xx_hal.c **** 
 213              		.loc 1 162 0
 214 000c 0320     		movs	r0, #3
 215 000e FFF7FEFF 		bl	HAL_NVIC_SetPriorityGrouping
 216              	.LVL9:
 165:Drivers/STM32F3xx_HAL_Driver/Src/stm32f3xx_hal.c **** 
 217              		.loc 1 165 0
 218 0012 0020     		movs	r0, #0
 219 0014 FFF7FEFF 		bl	HAL_InitTick
 220              	.LVL10:
 168:Drivers/STM32F3xx_HAL_Driver/Src/stm32f3xx_hal.c **** 
 221              		.loc 1 168 0
 222 0018 FFF7FEFF 		bl	HAL_MspInit
 223              	.LVL11:
 172:Drivers/STM32F3xx_HAL_Driver/Src/stm32f3xx_hal.c **** 
 224              		.loc 1 172 0
 225 001c 0020     		movs	r0, #0
 226 001e 08BD     		pop	{r3, pc}
 227              	.L19:
 228              		.align	2
 229              	.L18:
 230 0020 00200240 		.word	1073881088
 231              		.cfi_endproc
 232              	.LFE126:
 234              		.section	.text.HAL_IncTick,"ax",%progbits
 235              		.align	1
 236              		.p2align 2,,3
 237              		.weak	HAL_IncTick
 238              		.syntax unified
 239              		.thumb
 240              		.thumb_func
 241              		.fpu fpv4-sp-d16
 243              	HAL_IncTick:
 244              	.LFB131:
ARM GAS  C:\Users\ALEX'S~1\AppData\Local\Temp\cc9bzKeW.s 			page 10


 257:Drivers/STM32F3xx_HAL_Driver/Src/stm32f3xx_hal.c **** 
 258:Drivers/STM32F3xx_HAL_Driver/Src/stm32f3xx_hal.c **** /**
 259:Drivers/STM32F3xx_HAL_Driver/Src/stm32f3xx_hal.c ****   * @}
 260:Drivers/STM32F3xx_HAL_Driver/Src/stm32f3xx_hal.c ****   */
 261:Drivers/STM32F3xx_HAL_Driver/Src/stm32f3xx_hal.c **** 
 262:Drivers/STM32F3xx_HAL_Driver/Src/stm32f3xx_hal.c **** /** @defgroup HAL_Exported_Functions_Group2 HAL Control functions 
 263:Drivers/STM32F3xx_HAL_Driver/Src/stm32f3xx_hal.c ****  *  @brief    HAL Control functions
 264:Drivers/STM32F3xx_HAL_Driver/Src/stm32f3xx_hal.c ****  *
 265:Drivers/STM32F3xx_HAL_Driver/Src/stm32f3xx_hal.c **** @verbatim
 266:Drivers/STM32F3xx_HAL_Driver/Src/stm32f3xx_hal.c ****  ===============================================================================
 267:Drivers/STM32F3xx_HAL_Driver/Src/stm32f3xx_hal.c ****                       ##### HAL Control functions #####
 268:Drivers/STM32F3xx_HAL_Driver/Src/stm32f3xx_hal.c ****  ===============================================================================
 269:Drivers/STM32F3xx_HAL_Driver/Src/stm32f3xx_hal.c ****     [..]  This section provides functions allowing to:
 270:Drivers/STM32F3xx_HAL_Driver/Src/stm32f3xx_hal.c ****       (+) Provide a tick value in millisecond
 271:Drivers/STM32F3xx_HAL_Driver/Src/stm32f3xx_hal.c ****       (+) Provide a blocking delay in millisecond
 272:Drivers/STM32F3xx_HAL_Driver/Src/stm32f3xx_hal.c ****       (+) Suspend the time base source interrupt
 273:Drivers/STM32F3xx_HAL_Driver/Src/stm32f3xx_hal.c ****       (+) Resume the time base source interrupt
 274:Drivers/STM32F3xx_HAL_Driver/Src/stm32f3xx_hal.c ****       (+) Get the HAL API driver version
 275:Drivers/STM32F3xx_HAL_Driver/Src/stm32f3xx_hal.c ****       (+) Get the device identifier
 276:Drivers/STM32F3xx_HAL_Driver/Src/stm32f3xx_hal.c ****       (+) Get the device revision identifier
 277:Drivers/STM32F3xx_HAL_Driver/Src/stm32f3xx_hal.c ****       (+) Enable/Disable Debug module during Sleep mode
 278:Drivers/STM32F3xx_HAL_Driver/Src/stm32f3xx_hal.c ****       (+) Enable/Disable Debug module during STOP mode
 279:Drivers/STM32F3xx_HAL_Driver/Src/stm32f3xx_hal.c ****       (+) Enable/Disable Debug module during STANDBY mode
 280:Drivers/STM32F3xx_HAL_Driver/Src/stm32f3xx_hal.c ****       
 281:Drivers/STM32F3xx_HAL_Driver/Src/stm32f3xx_hal.c **** @endverbatim
 282:Drivers/STM32F3xx_HAL_Driver/Src/stm32f3xx_hal.c ****   * @{
 283:Drivers/STM32F3xx_HAL_Driver/Src/stm32f3xx_hal.c ****   */
 284:Drivers/STM32F3xx_HAL_Driver/Src/stm32f3xx_hal.c **** 
 285:Drivers/STM32F3xx_HAL_Driver/Src/stm32f3xx_hal.c **** /**
 286:Drivers/STM32F3xx_HAL_Driver/Src/stm32f3xx_hal.c ****   * @brief  This function is called to increment  a global variable "uwTick"
 287:Drivers/STM32F3xx_HAL_Driver/Src/stm32f3xx_hal.c ****   *         used as application time base.
 288:Drivers/STM32F3xx_HAL_Driver/Src/stm32f3xx_hal.c ****   * @note In the default implementation, this variable is incremented each 1ms
 289:Drivers/STM32F3xx_HAL_Driver/Src/stm32f3xx_hal.c ****   *         in SysTick ISR.
 290:Drivers/STM32F3xx_HAL_Driver/Src/stm32f3xx_hal.c ****   * @note This function is declared as __weak to be overwritten in case of other 
 291:Drivers/STM32F3xx_HAL_Driver/Src/stm32f3xx_hal.c ****   *         implementations  in user file.
 292:Drivers/STM32F3xx_HAL_Driver/Src/stm32f3xx_hal.c ****   * @retval None
 293:Drivers/STM32F3xx_HAL_Driver/Src/stm32f3xx_hal.c ****   */
 294:Drivers/STM32F3xx_HAL_Driver/Src/stm32f3xx_hal.c **** __weak void HAL_IncTick(void)
 295:Drivers/STM32F3xx_HAL_Driver/Src/stm32f3xx_hal.c **** {
 245              		.loc 1 295 0
 246              		.cfi_startproc
 247              		@ args = 0, pretend = 0, frame = 0
 248              		@ frame_needed = 0, uses_anonymous_args = 0
 249              		@ link register save eliminated.
 296:Drivers/STM32F3xx_HAL_Driver/Src/stm32f3xx_hal.c ****   uwTick += uwTickFreq;
 250              		.loc 1 296 0
 251 0000 034A     		ldr	r2, .L21
 252 0002 044B     		ldr	r3, .L21+4
 253 0004 1168     		ldr	r1, [r2]
 254 0006 1B78     		ldrb	r3, [r3]	@ zero_extendqisi2
 255 0008 0B44     		add	r3, r3, r1
 256 000a 1360     		str	r3, [r2]
 297:Drivers/STM32F3xx_HAL_Driver/Src/stm32f3xx_hal.c **** }
 257              		.loc 1 297 0
 258 000c 7047     		bx	lr
 259              	.L22:
 260 000e 00BF     		.align	2
ARM GAS  C:\Users\ALEX'S~1\AppData\Local\Temp\cc9bzKeW.s 			page 11


 261              	.L21:
 262 0010 00000000 		.word	uwTick
 263 0014 00000000 		.word	.LANCHOR0
 264              		.cfi_endproc
 265              	.LFE131:
 267              		.section	.text.HAL_GetTick,"ax",%progbits
 268              		.align	1
 269              		.p2align 2,,3
 270              		.weak	HAL_GetTick
 271              		.syntax unified
 272              		.thumb
 273              		.thumb_func
 274              		.fpu fpv4-sp-d16
 276              	HAL_GetTick:
 277              	.LFB132:
 298:Drivers/STM32F3xx_HAL_Driver/Src/stm32f3xx_hal.c **** 
 299:Drivers/STM32F3xx_HAL_Driver/Src/stm32f3xx_hal.c **** /**
 300:Drivers/STM32F3xx_HAL_Driver/Src/stm32f3xx_hal.c ****   * @brief  Povides a tick value in millisecond.
 301:Drivers/STM32F3xx_HAL_Driver/Src/stm32f3xx_hal.c ****   * @note   The function is declared as __Weak  to be overwritten  in case of other 
 302:Drivers/STM32F3xx_HAL_Driver/Src/stm32f3xx_hal.c ****   *         implementations  in user file.
 303:Drivers/STM32F3xx_HAL_Driver/Src/stm32f3xx_hal.c ****   * @retval tick value
 304:Drivers/STM32F3xx_HAL_Driver/Src/stm32f3xx_hal.c ****   */
 305:Drivers/STM32F3xx_HAL_Driver/Src/stm32f3xx_hal.c **** __weak uint32_t HAL_GetTick(void)
 306:Drivers/STM32F3xx_HAL_Driver/Src/stm32f3xx_hal.c **** {
 278              		.loc 1 306 0
 279              		.cfi_startproc
 280              		@ args = 0, pretend = 0, frame = 0
 281              		@ frame_needed = 0, uses_anonymous_args = 0
 282              		@ link register save eliminated.
 307:Drivers/STM32F3xx_HAL_Driver/Src/stm32f3xx_hal.c ****   return uwTick;  
 283              		.loc 1 307 0
 284 0000 014B     		ldr	r3, .L24
 285 0002 1868     		ldr	r0, [r3]
 308:Drivers/STM32F3xx_HAL_Driver/Src/stm32f3xx_hal.c **** }
 286              		.loc 1 308 0
 287 0004 7047     		bx	lr
 288              	.L25:
 289 0006 00BF     		.align	2
 290              	.L24:
 291 0008 00000000 		.word	uwTick
 292              		.cfi_endproc
 293              	.LFE132:
 295              		.section	.text.HAL_GetTickPrio,"ax",%progbits
 296              		.align	1
 297              		.p2align 2,,3
 298              		.global	HAL_GetTickPrio
 299              		.syntax unified
 300              		.thumb
 301              		.thumb_func
 302              		.fpu fpv4-sp-d16
 304              	HAL_GetTickPrio:
 305              	.LFB133:
 309:Drivers/STM32F3xx_HAL_Driver/Src/stm32f3xx_hal.c **** 
 310:Drivers/STM32F3xx_HAL_Driver/Src/stm32f3xx_hal.c **** /**
 311:Drivers/STM32F3xx_HAL_Driver/Src/stm32f3xx_hal.c ****   * @brief This function returns a tick priority.
 312:Drivers/STM32F3xx_HAL_Driver/Src/stm32f3xx_hal.c ****   * @retval tick priority
 313:Drivers/STM32F3xx_HAL_Driver/Src/stm32f3xx_hal.c ****   */
ARM GAS  C:\Users\ALEX'S~1\AppData\Local\Temp\cc9bzKeW.s 			page 12


 314:Drivers/STM32F3xx_HAL_Driver/Src/stm32f3xx_hal.c **** uint32_t HAL_GetTickPrio(void)
 315:Drivers/STM32F3xx_HAL_Driver/Src/stm32f3xx_hal.c **** {
 306              		.loc 1 315 0
 307              		.cfi_startproc
 308              		@ args = 0, pretend = 0, frame = 0
 309              		@ frame_needed = 0, uses_anonymous_args = 0
 310              		@ link register save eliminated.
 316:Drivers/STM32F3xx_HAL_Driver/Src/stm32f3xx_hal.c ****   return uwTickPrio;
 311              		.loc 1 316 0
 312 0000 014B     		ldr	r3, .L27
 317:Drivers/STM32F3xx_HAL_Driver/Src/stm32f3xx_hal.c **** }
 313              		.loc 1 317 0
 314 0002 1868     		ldr	r0, [r3]
 315 0004 7047     		bx	lr
 316              	.L28:
 317 0006 00BF     		.align	2
 318              	.L27:
 319 0008 00000000 		.word	.LANCHOR1
 320              		.cfi_endproc
 321              	.LFE133:
 323              		.section	.text.HAL_SetTickFreq,"ax",%progbits
 324              		.align	1
 325              		.p2align 2,,3
 326              		.global	HAL_SetTickFreq
 327              		.syntax unified
 328              		.thumb
 329              		.thumb_func
 330              		.fpu fpv4-sp-d16
 332              	HAL_SetTickFreq:
 333              	.LFB134:
 318:Drivers/STM32F3xx_HAL_Driver/Src/stm32f3xx_hal.c **** 
 319:Drivers/STM32F3xx_HAL_Driver/Src/stm32f3xx_hal.c **** /**
 320:Drivers/STM32F3xx_HAL_Driver/Src/stm32f3xx_hal.c ****   * @brief Set new tick Freq.
 321:Drivers/STM32F3xx_HAL_Driver/Src/stm32f3xx_hal.c ****   * @retval Status
 322:Drivers/STM32F3xx_HAL_Driver/Src/stm32f3xx_hal.c ****   */
 323:Drivers/STM32F3xx_HAL_Driver/Src/stm32f3xx_hal.c **** HAL_StatusTypeDef HAL_SetTickFreq(HAL_TickFreqTypeDef Freq)
 324:Drivers/STM32F3xx_HAL_Driver/Src/stm32f3xx_hal.c **** {
 334              		.loc 1 324 0
 335              		.cfi_startproc
 336              		@ args = 0, pretend = 0, frame = 0
 337              		@ frame_needed = 0, uses_anonymous_args = 0
 338              	.LVL12:
 325:Drivers/STM32F3xx_HAL_Driver/Src/stm32f3xx_hal.c ****   HAL_StatusTypeDef status  = HAL_OK;
 326:Drivers/STM32F3xx_HAL_Driver/Src/stm32f3xx_hal.c ****   assert_param(IS_TICKFREQ(Freq));
 339              		.loc 1 326 0
 340 0000 6428     		cmp	r0, #100
 324:Drivers/STM32F3xx_HAL_Driver/Src/stm32f3xx_hal.c ****   HAL_StatusTypeDef status  = HAL_OK;
 341              		.loc 1 324 0
 342 0002 10B5     		push	{r4, lr}
 343              	.LCFI3:
 344              		.cfi_def_cfa_offset 8
 345              		.cfi_offset 4, -8
 346              		.cfi_offset 14, -4
 324:Drivers/STM32F3xx_HAL_Driver/Src/stm32f3xx_hal.c ****   HAL_StatusTypeDef status  = HAL_OK;
 347              		.loc 1 324 0
 348 0004 0446     		mov	r4, r0
 349              		.loc 1 326 0
ARM GAS  C:\Users\ALEX'S~1\AppData\Local\Temp\cc9bzKeW.s 			page 13


 350 0006 08D0     		beq	.L30
 351              		.loc 1 326 0 is_stmt 0 discriminator 1
 352 0008 0A28     		cmp	r0, #10
 353 000a 06D0     		beq	.L30
 354              		.loc 1 326 0 discriminator 2
 355 000c 0128     		cmp	r0, #1
 356 000e 04D0     		beq	.L30
 357              		.loc 1 326 0 discriminator 3
 358 0010 4FF4A371 		mov	r1, #326
 359 0014 0748     		ldr	r0, .L43
 360              	.LVL13:
 361 0016 FFF7FEFF 		bl	assert_failed
 362              	.LVL14:
 363              	.L30:
 327:Drivers/STM32F3xx_HAL_Driver/Src/stm32f3xx_hal.c **** 
 328:Drivers/STM32F3xx_HAL_Driver/Src/stm32f3xx_hal.c ****   if (uwTickFreq != Freq)
 364              		.loc 1 328 0 is_stmt 1
 365 001a 074B     		ldr	r3, .L43+4
 366 001c 1A78     		ldrb	r2, [r3]	@ zero_extendqisi2
 367 001e A242     		cmp	r2, r4
 368 0020 05D0     		beq	.L32
 329:Drivers/STM32F3xx_HAL_Driver/Src/stm32f3xx_hal.c ****   {
 330:Drivers/STM32F3xx_HAL_Driver/Src/stm32f3xx_hal.c ****     uwTickFreq = Freq;
 331:Drivers/STM32F3xx_HAL_Driver/Src/stm32f3xx_hal.c **** 
 332:Drivers/STM32F3xx_HAL_Driver/Src/stm32f3xx_hal.c ****     /* Apply the new tick Freq  */
 333:Drivers/STM32F3xx_HAL_Driver/Src/stm32f3xx_hal.c ****     status = HAL_InitTick(uwTickPrio);
 369              		.loc 1 333 0
 370 0022 064A     		ldr	r2, .L43+8
 330:Drivers/STM32F3xx_HAL_Driver/Src/stm32f3xx_hal.c **** 
 371              		.loc 1 330 0
 372 0024 1C70     		strb	r4, [r3]
 373              		.loc 1 333 0
 374 0026 1068     		ldr	r0, [r2]
 375 0028 FFF7FEFF 		bl	HAL_InitTick
 376              	.LVL15:
 334:Drivers/STM32F3xx_HAL_Driver/Src/stm32f3xx_hal.c ****   }
 335:Drivers/STM32F3xx_HAL_Driver/Src/stm32f3xx_hal.c **** 
 336:Drivers/STM32F3xx_HAL_Driver/Src/stm32f3xx_hal.c ****   return status;
 337:Drivers/STM32F3xx_HAL_Driver/Src/stm32f3xx_hal.c **** }
 377              		.loc 1 337 0
 378 002c 10BD     		pop	{r4, pc}
 379              	.LVL16:
 380              	.L32:
 325:Drivers/STM32F3xx_HAL_Driver/Src/stm32f3xx_hal.c ****   assert_param(IS_TICKFREQ(Freq));
 381              		.loc 1 325 0
 382 002e 0020     		movs	r0, #0
 383              	.LVL17:
 384              		.loc 1 337 0
 385 0030 10BD     		pop	{r4, pc}
 386              	.L44:
 387 0032 00BF     		.align	2
 388              	.L43:
 389 0034 00000000 		.word	.LC0
 390 0038 00000000 		.word	.LANCHOR0
 391 003c 00000000 		.word	.LANCHOR1
 392              		.cfi_endproc
 393              	.LFE134:
ARM GAS  C:\Users\ALEX'S~1\AppData\Local\Temp\cc9bzKeW.s 			page 14


 395              		.section	.text.HAL_GetTickFreq,"ax",%progbits
 396              		.align	1
 397              		.p2align 2,,3
 398              		.global	HAL_GetTickFreq
 399              		.syntax unified
 400              		.thumb
 401              		.thumb_func
 402              		.fpu fpv4-sp-d16
 404              	HAL_GetTickFreq:
 405              	.LFB135:
 338:Drivers/STM32F3xx_HAL_Driver/Src/stm32f3xx_hal.c **** 
 339:Drivers/STM32F3xx_HAL_Driver/Src/stm32f3xx_hal.c **** /**
 340:Drivers/STM32F3xx_HAL_Driver/Src/stm32f3xx_hal.c ****   * @brief Return tick frequency.
 341:Drivers/STM32F3xx_HAL_Driver/Src/stm32f3xx_hal.c ****   * @retval tick period in Hz
 342:Drivers/STM32F3xx_HAL_Driver/Src/stm32f3xx_hal.c ****   */
 343:Drivers/STM32F3xx_HAL_Driver/Src/stm32f3xx_hal.c **** HAL_TickFreqTypeDef HAL_GetTickFreq(void)
 344:Drivers/STM32F3xx_HAL_Driver/Src/stm32f3xx_hal.c **** {
 406              		.loc 1 344 0
 407              		.cfi_startproc
 408              		@ args = 0, pretend = 0, frame = 0
 409              		@ frame_needed = 0, uses_anonymous_args = 0
 410              		@ link register save eliminated.
 345:Drivers/STM32F3xx_HAL_Driver/Src/stm32f3xx_hal.c ****   return uwTickFreq;
 411              		.loc 1 345 0
 412 0000 014B     		ldr	r3, .L46
 346:Drivers/STM32F3xx_HAL_Driver/Src/stm32f3xx_hal.c **** }
 413              		.loc 1 346 0
 414 0002 1878     		ldrb	r0, [r3]	@ zero_extendqisi2
 415 0004 7047     		bx	lr
 416              	.L47:
 417 0006 00BF     		.align	2
 418              	.L46:
 419 0008 00000000 		.word	.LANCHOR0
 420              		.cfi_endproc
 421              	.LFE135:
 423              		.section	.text.HAL_Delay,"ax",%progbits
 424              		.align	1
 425              		.p2align 2,,3
 426              		.weak	HAL_Delay
 427              		.syntax unified
 428              		.thumb
 429              		.thumb_func
 430              		.fpu fpv4-sp-d16
 432              	HAL_Delay:
 433              	.LFB136:
 347:Drivers/STM32F3xx_HAL_Driver/Src/stm32f3xx_hal.c **** 
 348:Drivers/STM32F3xx_HAL_Driver/Src/stm32f3xx_hal.c **** /**
 349:Drivers/STM32F3xx_HAL_Driver/Src/stm32f3xx_hal.c ****   * @brief  This function provides accurate delay (in milliseconds) based 
 350:Drivers/STM32F3xx_HAL_Driver/Src/stm32f3xx_hal.c ****   *         on variable incremented.
 351:Drivers/STM32F3xx_HAL_Driver/Src/stm32f3xx_hal.c ****   * @note   In the default implementation , SysTick timer is the source of time base. 
 352:Drivers/STM32F3xx_HAL_Driver/Src/stm32f3xx_hal.c ****   *         It is used to generate interrupts at regular time intervals where uwTick
 353:Drivers/STM32F3xx_HAL_Driver/Src/stm32f3xx_hal.c ****   *         is incremented.
 354:Drivers/STM32F3xx_HAL_Driver/Src/stm32f3xx_hal.c ****   *         The function is declared as __Weak  to be overwritten  in case of other
 355:Drivers/STM32F3xx_HAL_Driver/Src/stm32f3xx_hal.c ****   *         implementations  in user file.
 356:Drivers/STM32F3xx_HAL_Driver/Src/stm32f3xx_hal.c ****   * @param  Delay specifies the delay time length, in milliseconds.
 357:Drivers/STM32F3xx_HAL_Driver/Src/stm32f3xx_hal.c ****   * @retval None
 358:Drivers/STM32F3xx_HAL_Driver/Src/stm32f3xx_hal.c ****   */
ARM GAS  C:\Users\ALEX'S~1\AppData\Local\Temp\cc9bzKeW.s 			page 15


 359:Drivers/STM32F3xx_HAL_Driver/Src/stm32f3xx_hal.c **** __weak void HAL_Delay(uint32_t Delay)
 360:Drivers/STM32F3xx_HAL_Driver/Src/stm32f3xx_hal.c **** {
 434              		.loc 1 360 0
 435              		.cfi_startproc
 436              		@ args = 0, pretend = 0, frame = 0
 437              		@ frame_needed = 0, uses_anonymous_args = 0
 438              	.LVL18:
 439 0000 38B5     		push	{r3, r4, r5, lr}
 440              	.LCFI4:
 441              		.cfi_def_cfa_offset 16
 442              		.cfi_offset 3, -16
 443              		.cfi_offset 4, -12
 444              		.cfi_offset 5, -8
 445              		.cfi_offset 14, -4
 446              		.loc 1 360 0
 447 0002 0446     		mov	r4, r0
 361:Drivers/STM32F3xx_HAL_Driver/Src/stm32f3xx_hal.c ****   uint32_t tickstart = HAL_GetTick();
 448              		.loc 1 361 0
 449 0004 FFF7FEFF 		bl	HAL_GetTick
 450              	.LVL19:
 362:Drivers/STM32F3xx_HAL_Driver/Src/stm32f3xx_hal.c ****   uint32_t wait = Delay;
 363:Drivers/STM32F3xx_HAL_Driver/Src/stm32f3xx_hal.c ****   
 364:Drivers/STM32F3xx_HAL_Driver/Src/stm32f3xx_hal.c ****   /* Add freq to guarantee minimum wait */
 365:Drivers/STM32F3xx_HAL_Driver/Src/stm32f3xx_hal.c ****   if (wait < HAL_MAX_DELAY)
 451              		.loc 1 365 0
 452 0008 631C     		adds	r3, r4, #1
 361:Drivers/STM32F3xx_HAL_Driver/Src/stm32f3xx_hal.c ****   uint32_t tickstart = HAL_GetTick();
 453              		.loc 1 361 0
 454 000a 0546     		mov	r5, r0
 455              	.LVL20:
 456              		.loc 1 365 0
 457 000c 02D0     		beq	.L50
 366:Drivers/STM32F3xx_HAL_Driver/Src/stm32f3xx_hal.c ****   {
 367:Drivers/STM32F3xx_HAL_Driver/Src/stm32f3xx_hal.c ****     wait += (uint32_t)(uwTickFreq);
 458              		.loc 1 367 0
 459 000e 044B     		ldr	r3, .L56
 460 0010 1B78     		ldrb	r3, [r3]	@ zero_extendqisi2
 461 0012 1C44     		add	r4, r4, r3
 462              	.LVL21:
 463              	.L50:
 368:Drivers/STM32F3xx_HAL_Driver/Src/stm32f3xx_hal.c ****   }
 369:Drivers/STM32F3xx_HAL_Driver/Src/stm32f3xx_hal.c ****   
 370:Drivers/STM32F3xx_HAL_Driver/Src/stm32f3xx_hal.c ****   while((HAL_GetTick() - tickstart) < wait)
 464              		.loc 1 370 0 discriminator 1
 465 0014 FFF7FEFF 		bl	HAL_GetTick
 466              	.LVL22:
 467 0018 401B     		subs	r0, r0, r5
 468 001a A042     		cmp	r0, r4
 469 001c FAD3     		bcc	.L50
 371:Drivers/STM32F3xx_HAL_Driver/Src/stm32f3xx_hal.c ****   {
 372:Drivers/STM32F3xx_HAL_Driver/Src/stm32f3xx_hal.c ****   }
 373:Drivers/STM32F3xx_HAL_Driver/Src/stm32f3xx_hal.c **** }
 470              		.loc 1 373 0
 471 001e 38BD     		pop	{r3, r4, r5, pc}
 472              	.LVL23:
 473              	.L57:
 474              		.align	2
ARM GAS  C:\Users\ALEX'S~1\AppData\Local\Temp\cc9bzKeW.s 			page 16


 475              	.L56:
 476 0020 00000000 		.word	.LANCHOR0
 477              		.cfi_endproc
 478              	.LFE136:
 480              		.section	.text.HAL_SuspendTick,"ax",%progbits
 481              		.align	1
 482              		.p2align 2,,3
 483              		.weak	HAL_SuspendTick
 484              		.syntax unified
 485              		.thumb
 486              		.thumb_func
 487              		.fpu fpv4-sp-d16
 489              	HAL_SuspendTick:
 490              	.LFB137:
 374:Drivers/STM32F3xx_HAL_Driver/Src/stm32f3xx_hal.c **** 
 375:Drivers/STM32F3xx_HAL_Driver/Src/stm32f3xx_hal.c **** /**
 376:Drivers/STM32F3xx_HAL_Driver/Src/stm32f3xx_hal.c ****   * @brief  Suspend Tick increment.
 377:Drivers/STM32F3xx_HAL_Driver/Src/stm32f3xx_hal.c ****   * @note   In the default implementation , SysTick timer is the source of time base. It is  
 378:Drivers/STM32F3xx_HAL_Driver/Src/stm32f3xx_hal.c ****   *         used to generate interrupts at regular time intervals. Once HAL_SuspendTick()
 379:Drivers/STM32F3xx_HAL_Driver/Src/stm32f3xx_hal.c ****   *         is called, the the SysTick interrupt will be disabled and so Tick increment 
 380:Drivers/STM32F3xx_HAL_Driver/Src/stm32f3xx_hal.c ****   *         is suspended.
 381:Drivers/STM32F3xx_HAL_Driver/Src/stm32f3xx_hal.c ****   * @note This function is declared as __weak to be overwritten in case of other
 382:Drivers/STM32F3xx_HAL_Driver/Src/stm32f3xx_hal.c ****   *         implementations  in user file.
 383:Drivers/STM32F3xx_HAL_Driver/Src/stm32f3xx_hal.c ****   * @retval None
 384:Drivers/STM32F3xx_HAL_Driver/Src/stm32f3xx_hal.c ****   */
 385:Drivers/STM32F3xx_HAL_Driver/Src/stm32f3xx_hal.c **** __weak void HAL_SuspendTick(void)
 386:Drivers/STM32F3xx_HAL_Driver/Src/stm32f3xx_hal.c **** 
 387:Drivers/STM32F3xx_HAL_Driver/Src/stm32f3xx_hal.c **** {
 491              		.loc 1 387 0
 492              		.cfi_startproc
 493              		@ args = 0, pretend = 0, frame = 0
 494              		@ frame_needed = 0, uses_anonymous_args = 0
 495              		@ link register save eliminated.
 388:Drivers/STM32F3xx_HAL_Driver/Src/stm32f3xx_hal.c ****   /* Disable SysTick Interrupt */
 389:Drivers/STM32F3xx_HAL_Driver/Src/stm32f3xx_hal.c ****   SysTick->CTRL &= ~SysTick_CTRL_TICKINT_Msk;
 496              		.loc 1 389 0
 497 0000 024A     		ldr	r2, .L59
 498 0002 1368     		ldr	r3, [r2]
 499 0004 23F00203 		bic	r3, r3, #2
 500 0008 1360     		str	r3, [r2]
 390:Drivers/STM32F3xx_HAL_Driver/Src/stm32f3xx_hal.c ****                                                    
 391:Drivers/STM32F3xx_HAL_Driver/Src/stm32f3xx_hal.c **** }
 501              		.loc 1 391 0
 502 000a 7047     		bx	lr
 503              	.L60:
 504              		.align	2
 505              	.L59:
 506 000c 10E000E0 		.word	-536813552
 507              		.cfi_endproc
 508              	.LFE137:
 510              		.section	.text.HAL_ResumeTick,"ax",%progbits
 511              		.align	1
 512              		.p2align 2,,3
 513              		.weak	HAL_ResumeTick
 514              		.syntax unified
 515              		.thumb
 516              		.thumb_func
ARM GAS  C:\Users\ALEX'S~1\AppData\Local\Temp\cc9bzKeW.s 			page 17


 517              		.fpu fpv4-sp-d16
 519              	HAL_ResumeTick:
 520              	.LFB138:
 392:Drivers/STM32F3xx_HAL_Driver/Src/stm32f3xx_hal.c **** 
 393:Drivers/STM32F3xx_HAL_Driver/Src/stm32f3xx_hal.c **** /**
 394:Drivers/STM32F3xx_HAL_Driver/Src/stm32f3xx_hal.c ****   * @brief  Resume Tick increment.
 395:Drivers/STM32F3xx_HAL_Driver/Src/stm32f3xx_hal.c ****   * @note   In the default implementation , SysTick timer is the source of time base. It is  
 396:Drivers/STM32F3xx_HAL_Driver/Src/stm32f3xx_hal.c ****   *         used to generate interrupts at regular time intervals. Once HAL_ResumeTick()
 397:Drivers/STM32F3xx_HAL_Driver/Src/stm32f3xx_hal.c ****   *         is called, the the SysTick interrupt will be enabled and so Tick increment 
 398:Drivers/STM32F3xx_HAL_Driver/Src/stm32f3xx_hal.c ****   *         is resumed.
 399:Drivers/STM32F3xx_HAL_Driver/Src/stm32f3xx_hal.c ****   *         The function is declared as __Weak  to be overwritten  in case of other
 400:Drivers/STM32F3xx_HAL_Driver/Src/stm32f3xx_hal.c ****   *         implementations  in user file.
 401:Drivers/STM32F3xx_HAL_Driver/Src/stm32f3xx_hal.c ****   * @retval None
 402:Drivers/STM32F3xx_HAL_Driver/Src/stm32f3xx_hal.c ****   */
 403:Drivers/STM32F3xx_HAL_Driver/Src/stm32f3xx_hal.c **** __weak void HAL_ResumeTick(void)
 404:Drivers/STM32F3xx_HAL_Driver/Src/stm32f3xx_hal.c **** {
 521              		.loc 1 404 0
 522              		.cfi_startproc
 523              		@ args = 0, pretend = 0, frame = 0
 524              		@ frame_needed = 0, uses_anonymous_args = 0
 525              		@ link register save eliminated.
 405:Drivers/STM32F3xx_HAL_Driver/Src/stm32f3xx_hal.c ****   /* Enable SysTick Interrupt */
 406:Drivers/STM32F3xx_HAL_Driver/Src/stm32f3xx_hal.c ****   SysTick->CTRL  |= SysTick_CTRL_TICKINT_Msk;
 526              		.loc 1 406 0
 527 0000 024A     		ldr	r2, .L62
 528 0002 1368     		ldr	r3, [r2]
 529 0004 43F00203 		orr	r3, r3, #2
 530 0008 1360     		str	r3, [r2]
 407:Drivers/STM32F3xx_HAL_Driver/Src/stm32f3xx_hal.c ****   
 408:Drivers/STM32F3xx_HAL_Driver/Src/stm32f3xx_hal.c **** }
 531              		.loc 1 408 0
 532 000a 7047     		bx	lr
 533              	.L63:
 534              		.align	2
 535              	.L62:
 536 000c 10E000E0 		.word	-536813552
 537              		.cfi_endproc
 538              	.LFE138:
 540              		.section	.text.HAL_GetHalVersion,"ax",%progbits
 541              		.align	1
 542              		.p2align 2,,3
 543              		.global	HAL_GetHalVersion
 544              		.syntax unified
 545              		.thumb
 546              		.thumb_func
 547              		.fpu fpv4-sp-d16
 549              	HAL_GetHalVersion:
 550              	.LFB139:
 409:Drivers/STM32F3xx_HAL_Driver/Src/stm32f3xx_hal.c **** 
 410:Drivers/STM32F3xx_HAL_Driver/Src/stm32f3xx_hal.c **** /**
 411:Drivers/STM32F3xx_HAL_Driver/Src/stm32f3xx_hal.c ****   * @brief  This function returns the HAL revision
 412:Drivers/STM32F3xx_HAL_Driver/Src/stm32f3xx_hal.c ****   * @retval version 0xXYZR (8bits for each decimal, R for RC)
 413:Drivers/STM32F3xx_HAL_Driver/Src/stm32f3xx_hal.c ****   */
 414:Drivers/STM32F3xx_HAL_Driver/Src/stm32f3xx_hal.c **** uint32_t HAL_GetHalVersion(void)
 415:Drivers/STM32F3xx_HAL_Driver/Src/stm32f3xx_hal.c **** {
 551              		.loc 1 415 0
 552              		.cfi_startproc
ARM GAS  C:\Users\ALEX'S~1\AppData\Local\Temp\cc9bzKeW.s 			page 18


 553              		@ args = 0, pretend = 0, frame = 0
 554              		@ frame_needed = 0, uses_anonymous_args = 0
 555              		@ link register save eliminated.
 416:Drivers/STM32F3xx_HAL_Driver/Src/stm32f3xx_hal.c ****  return __STM32F3xx_HAL_VERSION;
 417:Drivers/STM32F3xx_HAL_Driver/Src/stm32f3xx_hal.c **** }
 556              		.loc 1 417 0
 557 0000 0048     		ldr	r0, .L65
 558 0002 7047     		bx	lr
 559              	.L66:
 560              		.align	2
 561              	.L65:
 562 0004 00020501 		.word	17105408
 563              		.cfi_endproc
 564              	.LFE139:
 566              		.section	.text.HAL_GetREVID,"ax",%progbits
 567              		.align	1
 568              		.p2align 2,,3
 569              		.global	HAL_GetREVID
 570              		.syntax unified
 571              		.thumb
 572              		.thumb_func
 573              		.fpu fpv4-sp-d16
 575              	HAL_GetREVID:
 576              	.LFB140:
 418:Drivers/STM32F3xx_HAL_Driver/Src/stm32f3xx_hal.c **** 
 419:Drivers/STM32F3xx_HAL_Driver/Src/stm32f3xx_hal.c **** /**
 420:Drivers/STM32F3xx_HAL_Driver/Src/stm32f3xx_hal.c ****   * @brief  Returns the device revision identifier.
 421:Drivers/STM32F3xx_HAL_Driver/Src/stm32f3xx_hal.c ****   * @retval Device revision identifier
 422:Drivers/STM32F3xx_HAL_Driver/Src/stm32f3xx_hal.c ****   */
 423:Drivers/STM32F3xx_HAL_Driver/Src/stm32f3xx_hal.c **** uint32_t HAL_GetREVID(void)
 424:Drivers/STM32F3xx_HAL_Driver/Src/stm32f3xx_hal.c **** {
 577              		.loc 1 424 0
 578              		.cfi_startproc
 579              		@ args = 0, pretend = 0, frame = 0
 580              		@ frame_needed = 0, uses_anonymous_args = 0
 581              		@ link register save eliminated.
 425:Drivers/STM32F3xx_HAL_Driver/Src/stm32f3xx_hal.c ****   return((DBGMCU->IDCODE) >> 16U);
 582              		.loc 1 425 0
 583 0000 014B     		ldr	r3, .L68
 584 0002 1868     		ldr	r0, [r3]
 426:Drivers/STM32F3xx_HAL_Driver/Src/stm32f3xx_hal.c **** }
 585              		.loc 1 426 0
 586 0004 000C     		lsrs	r0, r0, #16
 587 0006 7047     		bx	lr
 588              	.L69:
 589              		.align	2
 590              	.L68:
 591 0008 002004E0 		.word	-536600576
 592              		.cfi_endproc
 593              	.LFE140:
 595              		.section	.text.HAL_GetDEVID,"ax",%progbits
 596              		.align	1
 597              		.p2align 2,,3
 598              		.global	HAL_GetDEVID
 599              		.syntax unified
 600              		.thumb
 601              		.thumb_func
ARM GAS  C:\Users\ALEX'S~1\AppData\Local\Temp\cc9bzKeW.s 			page 19


 602              		.fpu fpv4-sp-d16
 604              	HAL_GetDEVID:
 605              	.LFB141:
 427:Drivers/STM32F3xx_HAL_Driver/Src/stm32f3xx_hal.c **** 
 428:Drivers/STM32F3xx_HAL_Driver/Src/stm32f3xx_hal.c **** /**
 429:Drivers/STM32F3xx_HAL_Driver/Src/stm32f3xx_hal.c ****   * @brief  Returns the device identifier.
 430:Drivers/STM32F3xx_HAL_Driver/Src/stm32f3xx_hal.c ****   * @retval Device identifier
 431:Drivers/STM32F3xx_HAL_Driver/Src/stm32f3xx_hal.c ****   */
 432:Drivers/STM32F3xx_HAL_Driver/Src/stm32f3xx_hal.c **** uint32_t HAL_GetDEVID(void)
 433:Drivers/STM32F3xx_HAL_Driver/Src/stm32f3xx_hal.c **** {
 606              		.loc 1 433 0
 607              		.cfi_startproc
 608              		@ args = 0, pretend = 0, frame = 0
 609              		@ frame_needed = 0, uses_anonymous_args = 0
 610              		@ link register save eliminated.
 434:Drivers/STM32F3xx_HAL_Driver/Src/stm32f3xx_hal.c ****   return((DBGMCU->IDCODE) & IDCODE_DEVID_MASK);
 611              		.loc 1 434 0
 612 0000 024B     		ldr	r3, .L71
 613 0002 1868     		ldr	r0, [r3]
 435:Drivers/STM32F3xx_HAL_Driver/Src/stm32f3xx_hal.c **** }
 614              		.loc 1 435 0
 615 0004 C0F30B00 		ubfx	r0, r0, #0, #12
 616 0008 7047     		bx	lr
 617              	.L72:
 618 000a 00BF     		.align	2
 619              	.L71:
 620 000c 002004E0 		.word	-536600576
 621              		.cfi_endproc
 622              	.LFE141:
 624              		.section	.text.HAL_GetUIDw0,"ax",%progbits
 625              		.align	1
 626              		.p2align 2,,3
 627              		.global	HAL_GetUIDw0
 628              		.syntax unified
 629              		.thumb
 630              		.thumb_func
 631              		.fpu fpv4-sp-d16
 633              	HAL_GetUIDw0:
 634              	.LFB142:
 436:Drivers/STM32F3xx_HAL_Driver/Src/stm32f3xx_hal.c **** 
 437:Drivers/STM32F3xx_HAL_Driver/Src/stm32f3xx_hal.c **** /**
 438:Drivers/STM32F3xx_HAL_Driver/Src/stm32f3xx_hal.c ****   * @brief  Returns first word of the unique device identifier (UID based on 96 bits)
 439:Drivers/STM32F3xx_HAL_Driver/Src/stm32f3xx_hal.c ****   * @retval Device identifier
 440:Drivers/STM32F3xx_HAL_Driver/Src/stm32f3xx_hal.c ****   */
 441:Drivers/STM32F3xx_HAL_Driver/Src/stm32f3xx_hal.c **** uint32_t HAL_GetUIDw0(void)
 442:Drivers/STM32F3xx_HAL_Driver/Src/stm32f3xx_hal.c **** {
 635              		.loc 1 442 0
 636              		.cfi_startproc
 637              		@ args = 0, pretend = 0, frame = 0
 638              		@ frame_needed = 0, uses_anonymous_args = 0
 639              		@ link register save eliminated.
 443:Drivers/STM32F3xx_HAL_Driver/Src/stm32f3xx_hal.c ****    return(READ_REG(*((uint32_t *)UID_BASE)));
 640              		.loc 1 443 0
 641 0000 014B     		ldr	r3, .L74
 444:Drivers/STM32F3xx_HAL_Driver/Src/stm32f3xx_hal.c **** }
 642              		.loc 1 444 0
 643 0002 1868     		ldr	r0, [r3]
ARM GAS  C:\Users\ALEX'S~1\AppData\Local\Temp\cc9bzKeW.s 			page 20


 644 0004 7047     		bx	lr
 645              	.L75:
 646 0006 00BF     		.align	2
 647              	.L74:
 648 0008 ACF7FF1F 		.word	536868780
 649              		.cfi_endproc
 650              	.LFE142:
 652              		.section	.text.HAL_GetUIDw1,"ax",%progbits
 653              		.align	1
 654              		.p2align 2,,3
 655              		.global	HAL_GetUIDw1
 656              		.syntax unified
 657              		.thumb
 658              		.thumb_func
 659              		.fpu fpv4-sp-d16
 661              	HAL_GetUIDw1:
 662              	.LFB143:
 445:Drivers/STM32F3xx_HAL_Driver/Src/stm32f3xx_hal.c **** 
 446:Drivers/STM32F3xx_HAL_Driver/Src/stm32f3xx_hal.c **** /**
 447:Drivers/STM32F3xx_HAL_Driver/Src/stm32f3xx_hal.c ****   * @brief  Returns second word of the unique device identifier (UID based on 96 bits)
 448:Drivers/STM32F3xx_HAL_Driver/Src/stm32f3xx_hal.c ****   * @retval Device identifier
 449:Drivers/STM32F3xx_HAL_Driver/Src/stm32f3xx_hal.c ****   */
 450:Drivers/STM32F3xx_HAL_Driver/Src/stm32f3xx_hal.c **** uint32_t HAL_GetUIDw1(void)
 451:Drivers/STM32F3xx_HAL_Driver/Src/stm32f3xx_hal.c **** {
 663              		.loc 1 451 0
 664              		.cfi_startproc
 665              		@ args = 0, pretend = 0, frame = 0
 666              		@ frame_needed = 0, uses_anonymous_args = 0
 667              		@ link register save eliminated.
 452:Drivers/STM32F3xx_HAL_Driver/Src/stm32f3xx_hal.c ****    return(READ_REG(*((uint32_t *)(UID_BASE + 4U))));
 668              		.loc 1 452 0
 669 0000 014B     		ldr	r3, .L77
 453:Drivers/STM32F3xx_HAL_Driver/Src/stm32f3xx_hal.c **** }
 670              		.loc 1 453 0
 671 0002 1868     		ldr	r0, [r3]
 672 0004 7047     		bx	lr
 673              	.L78:
 674 0006 00BF     		.align	2
 675              	.L77:
 676 0008 B0F7FF1F 		.word	536868784
 677              		.cfi_endproc
 678              	.LFE143:
 680              		.section	.text.HAL_GetUIDw2,"ax",%progbits
 681              		.align	1
 682              		.p2align 2,,3
 683              		.global	HAL_GetUIDw2
 684              		.syntax unified
 685              		.thumb
 686              		.thumb_func
 687              		.fpu fpv4-sp-d16
 689              	HAL_GetUIDw2:
 690              	.LFB144:
 454:Drivers/STM32F3xx_HAL_Driver/Src/stm32f3xx_hal.c **** 
 455:Drivers/STM32F3xx_HAL_Driver/Src/stm32f3xx_hal.c **** /**
 456:Drivers/STM32F3xx_HAL_Driver/Src/stm32f3xx_hal.c ****   * @brief  Returns third word of the unique device identifier (UID based on 96 bits)
 457:Drivers/STM32F3xx_HAL_Driver/Src/stm32f3xx_hal.c ****   * @retval Device identifier
 458:Drivers/STM32F3xx_HAL_Driver/Src/stm32f3xx_hal.c ****   */
ARM GAS  C:\Users\ALEX'S~1\AppData\Local\Temp\cc9bzKeW.s 			page 21


 459:Drivers/STM32F3xx_HAL_Driver/Src/stm32f3xx_hal.c **** uint32_t HAL_GetUIDw2(void)
 460:Drivers/STM32F3xx_HAL_Driver/Src/stm32f3xx_hal.c **** {
 691              		.loc 1 460 0
 692              		.cfi_startproc
 693              		@ args = 0, pretend = 0, frame = 0
 694              		@ frame_needed = 0, uses_anonymous_args = 0
 695              		@ link register save eliminated.
 461:Drivers/STM32F3xx_HAL_Driver/Src/stm32f3xx_hal.c ****    return(READ_REG(*((uint32_t *)(UID_BASE + 8U))));
 696              		.loc 1 461 0
 697 0000 014B     		ldr	r3, .L80
 462:Drivers/STM32F3xx_HAL_Driver/Src/stm32f3xx_hal.c **** }
 698              		.loc 1 462 0
 699 0002 1868     		ldr	r0, [r3]
 700 0004 7047     		bx	lr
 701              	.L81:
 702 0006 00BF     		.align	2
 703              	.L80:
 704 0008 B4F7FF1F 		.word	536868788
 705              		.cfi_endproc
 706              	.LFE144:
 708              		.section	.text.HAL_DBGMCU_EnableDBGSleepMode,"ax",%progbits
 709              		.align	1
 710              		.p2align 2,,3
 711              		.global	HAL_DBGMCU_EnableDBGSleepMode
 712              		.syntax unified
 713              		.thumb
 714              		.thumb_func
 715              		.fpu fpv4-sp-d16
 717              	HAL_DBGMCU_EnableDBGSleepMode:
 718              	.LFB145:
 463:Drivers/STM32F3xx_HAL_Driver/Src/stm32f3xx_hal.c **** 
 464:Drivers/STM32F3xx_HAL_Driver/Src/stm32f3xx_hal.c **** /**
 465:Drivers/STM32F3xx_HAL_Driver/Src/stm32f3xx_hal.c ****   * @brief  Enable the Debug Module during SLEEP mode
 466:Drivers/STM32F3xx_HAL_Driver/Src/stm32f3xx_hal.c ****   * @retval None
 467:Drivers/STM32F3xx_HAL_Driver/Src/stm32f3xx_hal.c ****   */
 468:Drivers/STM32F3xx_HAL_Driver/Src/stm32f3xx_hal.c **** void HAL_DBGMCU_EnableDBGSleepMode(void)
 469:Drivers/STM32F3xx_HAL_Driver/Src/stm32f3xx_hal.c **** {
 719              		.loc 1 469 0
 720              		.cfi_startproc
 721              		@ args = 0, pretend = 0, frame = 0
 722              		@ frame_needed = 0, uses_anonymous_args = 0
 723              		@ link register save eliminated.
 470:Drivers/STM32F3xx_HAL_Driver/Src/stm32f3xx_hal.c ****   SET_BIT(DBGMCU->CR, DBGMCU_CR_DBG_SLEEP);
 724              		.loc 1 470 0
 725 0000 024A     		ldr	r2, .L83
 726 0002 5368     		ldr	r3, [r2, #4]
 727 0004 43F00103 		orr	r3, r3, #1
 728 0008 5360     		str	r3, [r2, #4]
 471:Drivers/STM32F3xx_HAL_Driver/Src/stm32f3xx_hal.c **** }
 729              		.loc 1 471 0
 730 000a 7047     		bx	lr
 731              	.L84:
 732              		.align	2
 733              	.L83:
 734 000c 002004E0 		.word	-536600576
 735              		.cfi_endproc
 736              	.LFE145:
ARM GAS  C:\Users\ALEX'S~1\AppData\Local\Temp\cc9bzKeW.s 			page 22


 738              		.section	.text.HAL_DBGMCU_DisableDBGSleepMode,"ax",%progbits
 739              		.align	1
 740              		.p2align 2,,3
 741              		.global	HAL_DBGMCU_DisableDBGSleepMode
 742              		.syntax unified
 743              		.thumb
 744              		.thumb_func
 745              		.fpu fpv4-sp-d16
 747              	HAL_DBGMCU_DisableDBGSleepMode:
 748              	.LFB146:
 472:Drivers/STM32F3xx_HAL_Driver/Src/stm32f3xx_hal.c **** 
 473:Drivers/STM32F3xx_HAL_Driver/Src/stm32f3xx_hal.c **** /**
 474:Drivers/STM32F3xx_HAL_Driver/Src/stm32f3xx_hal.c ****   * @brief  Disable the Debug Module during SLEEP mode
 475:Drivers/STM32F3xx_HAL_Driver/Src/stm32f3xx_hal.c ****   * @retval None
 476:Drivers/STM32F3xx_HAL_Driver/Src/stm32f3xx_hal.c ****   */
 477:Drivers/STM32F3xx_HAL_Driver/Src/stm32f3xx_hal.c **** void HAL_DBGMCU_DisableDBGSleepMode(void)
 478:Drivers/STM32F3xx_HAL_Driver/Src/stm32f3xx_hal.c **** {
 749              		.loc 1 478 0
 750              		.cfi_startproc
 751              		@ args = 0, pretend = 0, frame = 0
 752              		@ frame_needed = 0, uses_anonymous_args = 0
 753              		@ link register save eliminated.
 479:Drivers/STM32F3xx_HAL_Driver/Src/stm32f3xx_hal.c ****   CLEAR_BIT(DBGMCU->CR, DBGMCU_CR_DBG_SLEEP);
 754              		.loc 1 479 0
 755 0000 024A     		ldr	r2, .L86
 756 0002 5368     		ldr	r3, [r2, #4]
 757 0004 23F00103 		bic	r3, r3, #1
 758 0008 5360     		str	r3, [r2, #4]
 480:Drivers/STM32F3xx_HAL_Driver/Src/stm32f3xx_hal.c **** }
 759              		.loc 1 480 0
 760 000a 7047     		bx	lr
 761              	.L87:
 762              		.align	2
 763              	.L86:
 764 000c 002004E0 		.word	-536600576
 765              		.cfi_endproc
 766              	.LFE146:
 768              		.section	.text.HAL_DBGMCU_EnableDBGStopMode,"ax",%progbits
 769              		.align	1
 770              		.p2align 2,,3
 771              		.global	HAL_DBGMCU_EnableDBGStopMode
 772              		.syntax unified
 773              		.thumb
 774              		.thumb_func
 775              		.fpu fpv4-sp-d16
 777              	HAL_DBGMCU_EnableDBGStopMode:
 778              	.LFB147:
 481:Drivers/STM32F3xx_HAL_Driver/Src/stm32f3xx_hal.c **** 
 482:Drivers/STM32F3xx_HAL_Driver/Src/stm32f3xx_hal.c **** /**
 483:Drivers/STM32F3xx_HAL_Driver/Src/stm32f3xx_hal.c ****   * @brief  Enable the Debug Module during STOP mode
 484:Drivers/STM32F3xx_HAL_Driver/Src/stm32f3xx_hal.c ****   * @retval None
 485:Drivers/STM32F3xx_HAL_Driver/Src/stm32f3xx_hal.c ****   */
 486:Drivers/STM32F3xx_HAL_Driver/Src/stm32f3xx_hal.c **** void HAL_DBGMCU_EnableDBGStopMode(void)
 487:Drivers/STM32F3xx_HAL_Driver/Src/stm32f3xx_hal.c **** {
 779              		.loc 1 487 0
 780              		.cfi_startproc
 781              		@ args = 0, pretend = 0, frame = 0
ARM GAS  C:\Users\ALEX'S~1\AppData\Local\Temp\cc9bzKeW.s 			page 23


 782              		@ frame_needed = 0, uses_anonymous_args = 0
 783              		@ link register save eliminated.
 488:Drivers/STM32F3xx_HAL_Driver/Src/stm32f3xx_hal.c ****   SET_BIT(DBGMCU->CR, DBGMCU_CR_DBG_STOP);
 784              		.loc 1 488 0
 785 0000 024A     		ldr	r2, .L89
 786 0002 5368     		ldr	r3, [r2, #4]
 787 0004 43F00203 		orr	r3, r3, #2
 788 0008 5360     		str	r3, [r2, #4]
 489:Drivers/STM32F3xx_HAL_Driver/Src/stm32f3xx_hal.c **** }
 789              		.loc 1 489 0
 790 000a 7047     		bx	lr
 791              	.L90:
 792              		.align	2
 793              	.L89:
 794 000c 002004E0 		.word	-536600576
 795              		.cfi_endproc
 796              	.LFE147:
 798              		.section	.text.HAL_DBGMCU_DisableDBGStopMode,"ax",%progbits
 799              		.align	1
 800              		.p2align 2,,3
 801              		.global	HAL_DBGMCU_DisableDBGStopMode
 802              		.syntax unified
 803              		.thumb
 804              		.thumb_func
 805              		.fpu fpv4-sp-d16
 807              	HAL_DBGMCU_DisableDBGStopMode:
 808              	.LFB148:
 490:Drivers/STM32F3xx_HAL_Driver/Src/stm32f3xx_hal.c **** 
 491:Drivers/STM32F3xx_HAL_Driver/Src/stm32f3xx_hal.c **** /**
 492:Drivers/STM32F3xx_HAL_Driver/Src/stm32f3xx_hal.c ****   * @brief  Disable the Debug Module during STOP mode
 493:Drivers/STM32F3xx_HAL_Driver/Src/stm32f3xx_hal.c ****   * @retval None
 494:Drivers/STM32F3xx_HAL_Driver/Src/stm32f3xx_hal.c ****   */
 495:Drivers/STM32F3xx_HAL_Driver/Src/stm32f3xx_hal.c **** void HAL_DBGMCU_DisableDBGStopMode(void)
 496:Drivers/STM32F3xx_HAL_Driver/Src/stm32f3xx_hal.c **** {
 809              		.loc 1 496 0
 810              		.cfi_startproc
 811              		@ args = 0, pretend = 0, frame = 0
 812              		@ frame_needed = 0, uses_anonymous_args = 0
 813              		@ link register save eliminated.
 497:Drivers/STM32F3xx_HAL_Driver/Src/stm32f3xx_hal.c ****   CLEAR_BIT(DBGMCU->CR, DBGMCU_CR_DBG_STOP);
 814              		.loc 1 497 0
 815 0000 024A     		ldr	r2, .L92
 816 0002 5368     		ldr	r3, [r2, #4]
 817 0004 23F00203 		bic	r3, r3, #2
 818 0008 5360     		str	r3, [r2, #4]
 498:Drivers/STM32F3xx_HAL_Driver/Src/stm32f3xx_hal.c **** }
 819              		.loc 1 498 0
 820 000a 7047     		bx	lr
 821              	.L93:
 822              		.align	2
 823              	.L92:
 824 000c 002004E0 		.word	-536600576
 825              		.cfi_endproc
 826              	.LFE148:
 828              		.section	.text.HAL_DBGMCU_EnableDBGStandbyMode,"ax",%progbits
 829              		.align	1
 830              		.p2align 2,,3
ARM GAS  C:\Users\ALEX'S~1\AppData\Local\Temp\cc9bzKeW.s 			page 24


 831              		.global	HAL_DBGMCU_EnableDBGStandbyMode
 832              		.syntax unified
 833              		.thumb
 834              		.thumb_func
 835              		.fpu fpv4-sp-d16
 837              	HAL_DBGMCU_EnableDBGStandbyMode:
 838              	.LFB149:
 499:Drivers/STM32F3xx_HAL_Driver/Src/stm32f3xx_hal.c **** 
 500:Drivers/STM32F3xx_HAL_Driver/Src/stm32f3xx_hal.c **** /**
 501:Drivers/STM32F3xx_HAL_Driver/Src/stm32f3xx_hal.c ****   * @brief  Enable the Debug Module during STANDBY mode
 502:Drivers/STM32F3xx_HAL_Driver/Src/stm32f3xx_hal.c ****   * @retval None
 503:Drivers/STM32F3xx_HAL_Driver/Src/stm32f3xx_hal.c ****   */
 504:Drivers/STM32F3xx_HAL_Driver/Src/stm32f3xx_hal.c **** void HAL_DBGMCU_EnableDBGStandbyMode(void)
 505:Drivers/STM32F3xx_HAL_Driver/Src/stm32f3xx_hal.c **** {
 839              		.loc 1 505 0
 840              		.cfi_startproc
 841              		@ args = 0, pretend = 0, frame = 0
 842              		@ frame_needed = 0, uses_anonymous_args = 0
 843              		@ link register save eliminated.
 506:Drivers/STM32F3xx_HAL_Driver/Src/stm32f3xx_hal.c ****   SET_BIT(DBGMCU->CR, DBGMCU_CR_DBG_STANDBY);
 844              		.loc 1 506 0
 845 0000 024A     		ldr	r2, .L95
 846 0002 5368     		ldr	r3, [r2, #4]
 847 0004 43F00403 		orr	r3, r3, #4
 848 0008 5360     		str	r3, [r2, #4]
 507:Drivers/STM32F3xx_HAL_Driver/Src/stm32f3xx_hal.c **** }
 849              		.loc 1 507 0
 850 000a 7047     		bx	lr
 851              	.L96:
 852              		.align	2
 853              	.L95:
 854 000c 002004E0 		.word	-536600576
 855              		.cfi_endproc
 856              	.LFE149:
 858              		.section	.text.HAL_DBGMCU_DisableDBGStandbyMode,"ax",%progbits
 859              		.align	1
 860              		.p2align 2,,3
 861              		.global	HAL_DBGMCU_DisableDBGStandbyMode
 862              		.syntax unified
 863              		.thumb
 864              		.thumb_func
 865              		.fpu fpv4-sp-d16
 867              	HAL_DBGMCU_DisableDBGStandbyMode:
 868              	.LFB150:
 508:Drivers/STM32F3xx_HAL_Driver/Src/stm32f3xx_hal.c **** 
 509:Drivers/STM32F3xx_HAL_Driver/Src/stm32f3xx_hal.c **** /**
 510:Drivers/STM32F3xx_HAL_Driver/Src/stm32f3xx_hal.c ****   * @brief  Disable the Debug Module during STANDBY mode
 511:Drivers/STM32F3xx_HAL_Driver/Src/stm32f3xx_hal.c ****   * @retval None
 512:Drivers/STM32F3xx_HAL_Driver/Src/stm32f3xx_hal.c ****   */
 513:Drivers/STM32F3xx_HAL_Driver/Src/stm32f3xx_hal.c **** void HAL_DBGMCU_DisableDBGStandbyMode(void)
 514:Drivers/STM32F3xx_HAL_Driver/Src/stm32f3xx_hal.c **** {
 869              		.loc 1 514 0
 870              		.cfi_startproc
 871              		@ args = 0, pretend = 0, frame = 0
 872              		@ frame_needed = 0, uses_anonymous_args = 0
 873              		@ link register save eliminated.
 515:Drivers/STM32F3xx_HAL_Driver/Src/stm32f3xx_hal.c ****   CLEAR_BIT(DBGMCU->CR, DBGMCU_CR_DBG_STANDBY);
ARM GAS  C:\Users\ALEX'S~1\AppData\Local\Temp\cc9bzKeW.s 			page 25


 874              		.loc 1 515 0
 875 0000 024A     		ldr	r2, .L98
 876 0002 5368     		ldr	r3, [r2, #4]
 877 0004 23F00403 		bic	r3, r3, #4
 878 0008 5360     		str	r3, [r2, #4]
 516:Drivers/STM32F3xx_HAL_Driver/Src/stm32f3xx_hal.c **** }
 879              		.loc 1 516 0
 880 000a 7047     		bx	lr
 881              	.L99:
 882              		.align	2
 883              	.L98:
 884 000c 002004E0 		.word	-536600576
 885              		.cfi_endproc
 886              	.LFE150:
 888              		.global	uwTickFreq
 889              		.global	uwTickPrio
 890              		.comm	uwTick,4,4
 891              		.section	.data.uwTickFreq,"aw",%progbits
 892              		.set	.LANCHOR0,. + 0
 895              	uwTickFreq:
 896 0000 01       		.byte	1
 897              		.section	.data.uwTickPrio,"aw",%progbits
 898              		.align	2
 899              		.set	.LANCHOR1,. + 0
 902              	uwTickPrio:
 903 0000 10000000 		.word	16
 904              		.section	.rodata.HAL_SetTickFreq.str1.4,"aMS",%progbits,1
 905              		.align	2
 906              	.LC0:
 907 0000 44726976 		.ascii	"Drivers/STM32F3xx_HAL_Driver/Src/stm32f3xx_hal.c\000"
 907      6572732F 
 907      53544D33 
 907      32463378 
 907      785F4841 
 908              		.text
 909              	.Letext0:
 910              		.file 2 "c:\\program files (x86)\\gnu tools arm embedded\\7 2018-q2-update\\arm-none-eabi\\include
 911              		.file 3 "c:\\program files (x86)\\gnu tools arm embedded\\7 2018-q2-update\\arm-none-eabi\\include
 912              		.file 4 "Drivers/CMSIS/Include/core_cm4.h"
 913              		.file 5 "Drivers/CMSIS/Device/ST/STM32F3xx/Include/system_stm32f3xx.h"
 914              		.file 6 "Drivers/CMSIS/Device/ST/STM32F3xx/Include/stm32f373xc.h"
 915              		.file 7 "c:\\program files (x86)\\gnu tools arm embedded\\7 2018-q2-update\\arm-none-eabi\\include
 916              		.file 8 "c:\\program files (x86)\\gnu tools arm embedded\\7 2018-q2-update\\arm-none-eabi\\include
 917              		.file 9 "c:\\program files (x86)\\gnu tools arm embedded\\7 2018-q2-update\\lib\\gcc\\arm-none-eab
 918              		.file 10 "c:\\program files (x86)\\gnu tools arm embedded\\7 2018-q2-update\\arm-none-eabi\\includ
 919              		.file 11 "Drivers/STM32F3xx_HAL_Driver/Inc/stm32f3xx_hal_def.h"
 920              		.file 12 "Drivers/STM32F3xx_HAL_Driver/Inc/stm32f3xx_hal.h"
 921              		.file 13 "Inc/stm32f3xx_hal_conf.h"
 922              		.file 14 "Drivers/STM32F3xx_HAL_Driver/Inc/stm32f3xx_hal_cortex.h"
ARM GAS  C:\Users\ALEX'S~1\AppData\Local\Temp\cc9bzKeW.s 			page 26


DEFINED SYMBOLS
                            *ABS*:00000000 stm32f3xx_hal.c
C:\Users\ALEX'S~1\AppData\Local\Temp\cc9bzKeW.s:18     .text.HAL_MspInit:00000000 $t
C:\Users\ALEX'S~1\AppData\Local\Temp\cc9bzKeW.s:26     .text.HAL_MspInit:00000000 HAL_MspInit
C:\Users\ALEX'S~1\AppData\Local\Temp\cc9bzKeW.s:40     .text.HAL_MspDeInit:00000000 $t
C:\Users\ALEX'S~1\AppData\Local\Temp\cc9bzKeW.s:48     .text.HAL_MspDeInit:00000000 HAL_MspDeInit
C:\Users\ALEX'S~1\AppData\Local\Temp\cc9bzKeW.s:59     .text.HAL_DeInit:00000000 $t
C:\Users\ALEX'S~1\AppData\Local\Temp\cc9bzKeW.s:67     .text.HAL_DeInit:00000000 HAL_DeInit
C:\Users\ALEX'S~1\AppData\Local\Temp\cc9bzKeW.s:105    .text.HAL_DeInit:00000020 $d
C:\Users\ALEX'S~1\AppData\Local\Temp\cc9bzKeW.s:110    .text.HAL_InitTick:00000000 $t
C:\Users\ALEX'S~1\AppData\Local\Temp\cc9bzKeW.s:118    .text.HAL_InitTick:00000000 HAL_InitTick
C:\Users\ALEX'S~1\AppData\Local\Temp\cc9bzKeW.s:180    .text.HAL_InitTick:0000003c $d
C:\Users\ALEX'S~1\AppData\Local\Temp\cc9bzKeW.s:187    .text.HAL_Init:00000000 $t
C:\Users\ALEX'S~1\AppData\Local\Temp\cc9bzKeW.s:195    .text.HAL_Init:00000000 HAL_Init
C:\Users\ALEX'S~1\AppData\Local\Temp\cc9bzKeW.s:230    .text.HAL_Init:00000020 $d
C:\Users\ALEX'S~1\AppData\Local\Temp\cc9bzKeW.s:235    .text.HAL_IncTick:00000000 $t
C:\Users\ALEX'S~1\AppData\Local\Temp\cc9bzKeW.s:243    .text.HAL_IncTick:00000000 HAL_IncTick
C:\Users\ALEX'S~1\AppData\Local\Temp\cc9bzKeW.s:262    .text.HAL_IncTick:00000010 $d
                            *COM*:00000004 uwTick
C:\Users\ALEX'S~1\AppData\Local\Temp\cc9bzKeW.s:268    .text.HAL_GetTick:00000000 $t
C:\Users\ALEX'S~1\AppData\Local\Temp\cc9bzKeW.s:276    .text.HAL_GetTick:00000000 HAL_GetTick
C:\Users\ALEX'S~1\AppData\Local\Temp\cc9bzKeW.s:291    .text.HAL_GetTick:00000008 $d
C:\Users\ALEX'S~1\AppData\Local\Temp\cc9bzKeW.s:296    .text.HAL_GetTickPrio:00000000 $t
C:\Users\ALEX'S~1\AppData\Local\Temp\cc9bzKeW.s:304    .text.HAL_GetTickPrio:00000000 HAL_GetTickPrio
C:\Users\ALEX'S~1\AppData\Local\Temp\cc9bzKeW.s:319    .text.HAL_GetTickPrio:00000008 $d
C:\Users\ALEX'S~1\AppData\Local\Temp\cc9bzKeW.s:324    .text.HAL_SetTickFreq:00000000 $t
C:\Users\ALEX'S~1\AppData\Local\Temp\cc9bzKeW.s:332    .text.HAL_SetTickFreq:00000000 HAL_SetTickFreq
C:\Users\ALEX'S~1\AppData\Local\Temp\cc9bzKeW.s:389    .text.HAL_SetTickFreq:00000034 $d
C:\Users\ALEX'S~1\AppData\Local\Temp\cc9bzKeW.s:396    .text.HAL_GetTickFreq:00000000 $t
C:\Users\ALEX'S~1\AppData\Local\Temp\cc9bzKeW.s:404    .text.HAL_GetTickFreq:00000000 HAL_GetTickFreq
C:\Users\ALEX'S~1\AppData\Local\Temp\cc9bzKeW.s:419    .text.HAL_GetTickFreq:00000008 $d
C:\Users\ALEX'S~1\AppData\Local\Temp\cc9bzKeW.s:424    .text.HAL_Delay:00000000 $t
C:\Users\ALEX'S~1\AppData\Local\Temp\cc9bzKeW.s:432    .text.HAL_Delay:00000000 HAL_Delay
C:\Users\ALEX'S~1\AppData\Local\Temp\cc9bzKeW.s:476    .text.HAL_Delay:00000020 $d
C:\Users\ALEX'S~1\AppData\Local\Temp\cc9bzKeW.s:481    .text.HAL_SuspendTick:00000000 $t
C:\Users\ALEX'S~1\AppData\Local\Temp\cc9bzKeW.s:489    .text.HAL_SuspendTick:00000000 HAL_SuspendTick
C:\Users\ALEX'S~1\AppData\Local\Temp\cc9bzKeW.s:506    .text.HAL_SuspendTick:0000000c $d
C:\Users\ALEX'S~1\AppData\Local\Temp\cc9bzKeW.s:511    .text.HAL_ResumeTick:00000000 $t
C:\Users\ALEX'S~1\AppData\Local\Temp\cc9bzKeW.s:519    .text.HAL_ResumeTick:00000000 HAL_ResumeTick
C:\Users\ALEX'S~1\AppData\Local\Temp\cc9bzKeW.s:536    .text.HAL_ResumeTick:0000000c $d
C:\Users\ALEX'S~1\AppData\Local\Temp\cc9bzKeW.s:541    .text.HAL_GetHalVersion:00000000 $t
C:\Users\ALEX'S~1\AppData\Local\Temp\cc9bzKeW.s:549    .text.HAL_GetHalVersion:00000000 HAL_GetHalVersion
C:\Users\ALEX'S~1\AppData\Local\Temp\cc9bzKeW.s:562    .text.HAL_GetHalVersion:00000004 $d
C:\Users\ALEX'S~1\AppData\Local\Temp\cc9bzKeW.s:567    .text.HAL_GetREVID:00000000 $t
C:\Users\ALEX'S~1\AppData\Local\Temp\cc9bzKeW.s:575    .text.HAL_GetREVID:00000000 HAL_GetREVID
C:\Users\ALEX'S~1\AppData\Local\Temp\cc9bzKeW.s:591    .text.HAL_GetREVID:00000008 $d
C:\Users\ALEX'S~1\AppData\Local\Temp\cc9bzKeW.s:596    .text.HAL_GetDEVID:00000000 $t
C:\Users\ALEX'S~1\AppData\Local\Temp\cc9bzKeW.s:604    .text.HAL_GetDEVID:00000000 HAL_GetDEVID
C:\Users\ALEX'S~1\AppData\Local\Temp\cc9bzKeW.s:620    .text.HAL_GetDEVID:0000000c $d
C:\Users\ALEX'S~1\AppData\Local\Temp\cc9bzKeW.s:625    .text.HAL_GetUIDw0:00000000 $t
C:\Users\ALEX'S~1\AppData\Local\Temp\cc9bzKeW.s:633    .text.HAL_GetUIDw0:00000000 HAL_GetUIDw0
C:\Users\ALEX'S~1\AppData\Local\Temp\cc9bzKeW.s:648    .text.HAL_GetUIDw0:00000008 $d
C:\Users\ALEX'S~1\AppData\Local\Temp\cc9bzKeW.s:653    .text.HAL_GetUIDw1:00000000 $t
C:\Users\ALEX'S~1\AppData\Local\Temp\cc9bzKeW.s:661    .text.HAL_GetUIDw1:00000000 HAL_GetUIDw1
C:\Users\ALEX'S~1\AppData\Local\Temp\cc9bzKeW.s:676    .text.HAL_GetUIDw1:00000008 $d
C:\Users\ALEX'S~1\AppData\Local\Temp\cc9bzKeW.s:681    .text.HAL_GetUIDw2:00000000 $t
C:\Users\ALEX'S~1\AppData\Local\Temp\cc9bzKeW.s:689    .text.HAL_GetUIDw2:00000000 HAL_GetUIDw2
ARM GAS  C:\Users\ALEX'S~1\AppData\Local\Temp\cc9bzKeW.s 			page 27


C:\Users\ALEX'S~1\AppData\Local\Temp\cc9bzKeW.s:704    .text.HAL_GetUIDw2:00000008 $d
C:\Users\ALEX'S~1\AppData\Local\Temp\cc9bzKeW.s:709    .text.HAL_DBGMCU_EnableDBGSleepMode:00000000 $t
C:\Users\ALEX'S~1\AppData\Local\Temp\cc9bzKeW.s:717    .text.HAL_DBGMCU_EnableDBGSleepMode:00000000 HAL_DBGMCU_EnableDBGSleepMode
C:\Users\ALEX'S~1\AppData\Local\Temp\cc9bzKeW.s:734    .text.HAL_DBGMCU_EnableDBGSleepMode:0000000c $d
C:\Users\ALEX'S~1\AppData\Local\Temp\cc9bzKeW.s:739    .text.HAL_DBGMCU_DisableDBGSleepMode:00000000 $t
C:\Users\ALEX'S~1\AppData\Local\Temp\cc9bzKeW.s:747    .text.HAL_DBGMCU_DisableDBGSleepMode:00000000 HAL_DBGMCU_DisableDBGSleepMode
C:\Users\ALEX'S~1\AppData\Local\Temp\cc9bzKeW.s:764    .text.HAL_DBGMCU_DisableDBGSleepMode:0000000c $d
C:\Users\ALEX'S~1\AppData\Local\Temp\cc9bzKeW.s:769    .text.HAL_DBGMCU_EnableDBGStopMode:00000000 $t
C:\Users\ALEX'S~1\AppData\Local\Temp\cc9bzKeW.s:777    .text.HAL_DBGMCU_EnableDBGStopMode:00000000 HAL_DBGMCU_EnableDBGStopMode
C:\Users\ALEX'S~1\AppData\Local\Temp\cc9bzKeW.s:794    .text.HAL_DBGMCU_EnableDBGStopMode:0000000c $d
C:\Users\ALEX'S~1\AppData\Local\Temp\cc9bzKeW.s:799    .text.HAL_DBGMCU_DisableDBGStopMode:00000000 $t
C:\Users\ALEX'S~1\AppData\Local\Temp\cc9bzKeW.s:807    .text.HAL_DBGMCU_DisableDBGStopMode:00000000 HAL_DBGMCU_DisableDBGStopMode
C:\Users\ALEX'S~1\AppData\Local\Temp\cc9bzKeW.s:824    .text.HAL_DBGMCU_DisableDBGStopMode:0000000c $d
C:\Users\ALEX'S~1\AppData\Local\Temp\cc9bzKeW.s:829    .text.HAL_DBGMCU_EnableDBGStandbyMode:00000000 $t
C:\Users\ALEX'S~1\AppData\Local\Temp\cc9bzKeW.s:837    .text.HAL_DBGMCU_EnableDBGStandbyMode:00000000 HAL_DBGMCU_EnableDBGStandbyMode
C:\Users\ALEX'S~1\AppData\Local\Temp\cc9bzKeW.s:854    .text.HAL_DBGMCU_EnableDBGStandbyMode:0000000c $d
C:\Users\ALEX'S~1\AppData\Local\Temp\cc9bzKeW.s:859    .text.HAL_DBGMCU_DisableDBGStandbyMode:00000000 $t
C:\Users\ALEX'S~1\AppData\Local\Temp\cc9bzKeW.s:867    .text.HAL_DBGMCU_DisableDBGStandbyMode:00000000 HAL_DBGMCU_DisableDBGStandbyMode
C:\Users\ALEX'S~1\AppData\Local\Temp\cc9bzKeW.s:884    .text.HAL_DBGMCU_DisableDBGStandbyMode:0000000c $d
C:\Users\ALEX'S~1\AppData\Local\Temp\cc9bzKeW.s:895    .data.uwTickFreq:00000000 uwTickFreq
C:\Users\ALEX'S~1\AppData\Local\Temp\cc9bzKeW.s:902    .data.uwTickPrio:00000000 uwTickPrio
C:\Users\ALEX'S~1\AppData\Local\Temp\cc9bzKeW.s:898    .data.uwTickPrio:00000000 $d
C:\Users\ALEX'S~1\AppData\Local\Temp\cc9bzKeW.s:905    .rodata.HAL_SetTickFreq.str1.4:00000000 $d

UNDEFINED SYMBOLS
HAL_SYSTICK_Config
HAL_NVIC_SetPriority
SystemCoreClock
HAL_NVIC_SetPriorityGrouping
assert_failed
