ARM GAS  C:\Users\ALEX'S~1\AppData\Local\Temp\ccWAaz0A.s 			page 1


   1              		.cpu cortex-m4
   2              		.eabi_attribute 27, 1
   3              		.eabi_attribute 28, 1
   4              		.eabi_attribute 20, 1
   5              		.eabi_attribute 21, 1
   6              		.eabi_attribute 23, 3
   7              		.eabi_attribute 24, 1
   8              		.eabi_attribute 25, 1
   9              		.eabi_attribute 26, 1
  10              		.eabi_attribute 30, 2
  11              		.eabi_attribute 34, 1
  12              		.eabi_attribute 18, 4
  13              		.file	"stm32f3xx_hal_pwr_ex.c"
  14              		.text
  15              	.Ltext0:
  16              		.cfi_sections	.debug_frame
  17              		.section	.text.HAL_PWR_ConfigPVD,"ax",%progbits
  18              		.align	1
  19              		.p2align 2,,3
  20              		.global	HAL_PWR_ConfigPVD
  21              		.syntax unified
  22              		.thumb
  23              		.thumb_func
  24              		.fpu fpv4-sp-d16
  26              	HAL_PWR_ConfigPVD:
  27              	.LFB126:
  28              		.file 1 "Drivers/STM32F3xx_HAL_Driver/Src/stm32f3xx_hal_pwr_ex.c"
   1:Drivers/STM32F3xx_HAL_Driver/Src/stm32f3xx_hal_pwr_ex.c **** /**
   2:Drivers/STM32F3xx_HAL_Driver/Src/stm32f3xx_hal_pwr_ex.c ****   ******************************************************************************
   3:Drivers/STM32F3xx_HAL_Driver/Src/stm32f3xx_hal_pwr_ex.c ****   * @file    stm32f3xx_hal_pwr_ex.c
   4:Drivers/STM32F3xx_HAL_Driver/Src/stm32f3xx_hal_pwr_ex.c ****   * @author  MCD Application Team
   5:Drivers/STM32F3xx_HAL_Driver/Src/stm32f3xx_hal_pwr_ex.c ****   * @brief   Extended PWR HAL module driver.
   6:Drivers/STM32F3xx_HAL_Driver/Src/stm32f3xx_hal_pwr_ex.c ****   *          This file provides firmware functions to manage the following
   7:Drivers/STM32F3xx_HAL_Driver/Src/stm32f3xx_hal_pwr_ex.c ****   *          functionalities of the Power Controller (PWR) peripheral:
   8:Drivers/STM32F3xx_HAL_Driver/Src/stm32f3xx_hal_pwr_ex.c ****   *           + Extended Initialization and de-initialization functions
   9:Drivers/STM32F3xx_HAL_Driver/Src/stm32f3xx_hal_pwr_ex.c ****   *           + Extended Peripheral Control functions
  10:Drivers/STM32F3xx_HAL_Driver/Src/stm32f3xx_hal_pwr_ex.c ****   *         
  11:Drivers/STM32F3xx_HAL_Driver/Src/stm32f3xx_hal_pwr_ex.c ****   ******************************************************************************
  12:Drivers/STM32F3xx_HAL_Driver/Src/stm32f3xx_hal_pwr_ex.c ****   * @attention
  13:Drivers/STM32F3xx_HAL_Driver/Src/stm32f3xx_hal_pwr_ex.c ****   *
  14:Drivers/STM32F3xx_HAL_Driver/Src/stm32f3xx_hal_pwr_ex.c ****   * <h2><center>&copy; COPYRIGHT(c) 2016 STMicroelectronics</center></h2>
  15:Drivers/STM32F3xx_HAL_Driver/Src/stm32f3xx_hal_pwr_ex.c ****   *
  16:Drivers/STM32F3xx_HAL_Driver/Src/stm32f3xx_hal_pwr_ex.c ****   * Redistribution and use in source and binary forms, with or without modification,
  17:Drivers/STM32F3xx_HAL_Driver/Src/stm32f3xx_hal_pwr_ex.c ****   * are permitted provided that the following conditions are met:
  18:Drivers/STM32F3xx_HAL_Driver/Src/stm32f3xx_hal_pwr_ex.c ****   *   1. Redistributions of source code must retain the above copyright notice,
  19:Drivers/STM32F3xx_HAL_Driver/Src/stm32f3xx_hal_pwr_ex.c ****   *      this list of conditions and the following disclaimer.
  20:Drivers/STM32F3xx_HAL_Driver/Src/stm32f3xx_hal_pwr_ex.c ****   *   2. Redistributions in binary form must reproduce the above copyright notice,
  21:Drivers/STM32F3xx_HAL_Driver/Src/stm32f3xx_hal_pwr_ex.c ****   *      this list of conditions and the following disclaimer in the documentation
  22:Drivers/STM32F3xx_HAL_Driver/Src/stm32f3xx_hal_pwr_ex.c ****   *      and/or other materials provided with the distribution.
  23:Drivers/STM32F3xx_HAL_Driver/Src/stm32f3xx_hal_pwr_ex.c ****   *   3. Neither the name of STMicroelectronics nor the names of its contributors
  24:Drivers/STM32F3xx_HAL_Driver/Src/stm32f3xx_hal_pwr_ex.c ****   *      may be used to endorse or promote products derived from this software
  25:Drivers/STM32F3xx_HAL_Driver/Src/stm32f3xx_hal_pwr_ex.c ****   *      without specific prior written permission.
  26:Drivers/STM32F3xx_HAL_Driver/Src/stm32f3xx_hal_pwr_ex.c ****   *
  27:Drivers/STM32F3xx_HAL_Driver/Src/stm32f3xx_hal_pwr_ex.c ****   * THIS SOFTWARE IS PROVIDED BY THE COPYRIGHT HOLDERS AND CONTRIBUTORS "AS IS"
  28:Drivers/STM32F3xx_HAL_Driver/Src/stm32f3xx_hal_pwr_ex.c ****   * AND ANY EXPRESS OR IMPLIED WARRANTIES, INCLUDING, BUT NOT LIMITED TO, THE
  29:Drivers/STM32F3xx_HAL_Driver/Src/stm32f3xx_hal_pwr_ex.c ****   * IMPLIED WARRANTIES OF MERCHANTABILITY AND FITNESS FOR A PARTICULAR PURPOSE ARE
  30:Drivers/STM32F3xx_HAL_Driver/Src/stm32f3xx_hal_pwr_ex.c ****   * DISCLAIMED. IN NO EVENT SHALL THE COPYRIGHT HOLDER OR CONTRIBUTORS BE LIABLE
ARM GAS  C:\Users\ALEX'S~1\AppData\Local\Temp\ccWAaz0A.s 			page 2


  31:Drivers/STM32F3xx_HAL_Driver/Src/stm32f3xx_hal_pwr_ex.c ****   * FOR ANY DIRECT, INDIRECT, INCIDENTAL, SPECIAL, EXEMPLARY, OR CONSEQUENTIAL
  32:Drivers/STM32F3xx_HAL_Driver/Src/stm32f3xx_hal_pwr_ex.c ****   * DAMAGES (INCLUDING, BUT NOT LIMITED TO, PROCUREMENT OF SUBSTITUTE GOODS OR
  33:Drivers/STM32F3xx_HAL_Driver/Src/stm32f3xx_hal_pwr_ex.c ****   * SERVICES; LOSS OF USE, DATA, OR PROFITS; OR BUSINESS INTERRUPTION) HOWEVER
  34:Drivers/STM32F3xx_HAL_Driver/Src/stm32f3xx_hal_pwr_ex.c ****   * CAUSED AND ON ANY THEORY OF LIABILITY, WHETHER IN CONTRACT, STRICT LIABILITY,
  35:Drivers/STM32F3xx_HAL_Driver/Src/stm32f3xx_hal_pwr_ex.c ****   * OR TORT (INCLUDING NEGLIGENCE OR OTHERWISE) ARISING IN ANY WAY OUT OF THE USE
  36:Drivers/STM32F3xx_HAL_Driver/Src/stm32f3xx_hal_pwr_ex.c ****   * OF THIS SOFTWARE, EVEN IF ADVISED OF THE POSSIBILITY OF SUCH DAMAGE.
  37:Drivers/STM32F3xx_HAL_Driver/Src/stm32f3xx_hal_pwr_ex.c ****   *
  38:Drivers/STM32F3xx_HAL_Driver/Src/stm32f3xx_hal_pwr_ex.c ****   ******************************************************************************
  39:Drivers/STM32F3xx_HAL_Driver/Src/stm32f3xx_hal_pwr_ex.c ****   */
  40:Drivers/STM32F3xx_HAL_Driver/Src/stm32f3xx_hal_pwr_ex.c **** 
  41:Drivers/STM32F3xx_HAL_Driver/Src/stm32f3xx_hal_pwr_ex.c **** /* Includes ------------------------------------------------------------------*/
  42:Drivers/STM32F3xx_HAL_Driver/Src/stm32f3xx_hal_pwr_ex.c **** #include "stm32f3xx_hal.h"
  43:Drivers/STM32F3xx_HAL_Driver/Src/stm32f3xx_hal_pwr_ex.c **** 
  44:Drivers/STM32F3xx_HAL_Driver/Src/stm32f3xx_hal_pwr_ex.c **** /** @addtogroup STM32F3xx_HAL_Driver
  45:Drivers/STM32F3xx_HAL_Driver/Src/stm32f3xx_hal_pwr_ex.c ****   * @{
  46:Drivers/STM32F3xx_HAL_Driver/Src/stm32f3xx_hal_pwr_ex.c ****   */
  47:Drivers/STM32F3xx_HAL_Driver/Src/stm32f3xx_hal_pwr_ex.c **** 
  48:Drivers/STM32F3xx_HAL_Driver/Src/stm32f3xx_hal_pwr_ex.c **** /** @defgroup PWREx PWREx
  49:Drivers/STM32F3xx_HAL_Driver/Src/stm32f3xx_hal_pwr_ex.c ****   * @brief    PWREx HAL module driver
  50:Drivers/STM32F3xx_HAL_Driver/Src/stm32f3xx_hal_pwr_ex.c ****   * @{
  51:Drivers/STM32F3xx_HAL_Driver/Src/stm32f3xx_hal_pwr_ex.c ****   */
  52:Drivers/STM32F3xx_HAL_Driver/Src/stm32f3xx_hal_pwr_ex.c **** 
  53:Drivers/STM32F3xx_HAL_Driver/Src/stm32f3xx_hal_pwr_ex.c **** #ifdef HAL_PWR_MODULE_ENABLED
  54:Drivers/STM32F3xx_HAL_Driver/Src/stm32f3xx_hal_pwr_ex.c **** 
  55:Drivers/STM32F3xx_HAL_Driver/Src/stm32f3xx_hal_pwr_ex.c **** /* Private typedef -----------------------------------------------------------*/
  56:Drivers/STM32F3xx_HAL_Driver/Src/stm32f3xx_hal_pwr_ex.c **** /* Private define ------------------------------------------------------------*/
  57:Drivers/STM32F3xx_HAL_Driver/Src/stm32f3xx_hal_pwr_ex.c **** /** @defgroup PWREx_Private_Constants PWR Extended Private Constants
  58:Drivers/STM32F3xx_HAL_Driver/Src/stm32f3xx_hal_pwr_ex.c ****   * @{
  59:Drivers/STM32F3xx_HAL_Driver/Src/stm32f3xx_hal_pwr_ex.c ****   */
  60:Drivers/STM32F3xx_HAL_Driver/Src/stm32f3xx_hal_pwr_ex.c **** #define PVD_MODE_IT               (0x00010000U)
  61:Drivers/STM32F3xx_HAL_Driver/Src/stm32f3xx_hal_pwr_ex.c **** #define PVD_MODE_EVT              (0x00020000U)
  62:Drivers/STM32F3xx_HAL_Driver/Src/stm32f3xx_hal_pwr_ex.c **** #define PVD_RISING_EDGE           (0x00000001U)
  63:Drivers/STM32F3xx_HAL_Driver/Src/stm32f3xx_hal_pwr_ex.c **** #define PVD_FALLING_EDGE          (0x00000002U)
  64:Drivers/STM32F3xx_HAL_Driver/Src/stm32f3xx_hal_pwr_ex.c **** /**
  65:Drivers/STM32F3xx_HAL_Driver/Src/stm32f3xx_hal_pwr_ex.c ****   * @}
  66:Drivers/STM32F3xx_HAL_Driver/Src/stm32f3xx_hal_pwr_ex.c ****   */
  67:Drivers/STM32F3xx_HAL_Driver/Src/stm32f3xx_hal_pwr_ex.c ****  
  68:Drivers/STM32F3xx_HAL_Driver/Src/stm32f3xx_hal_pwr_ex.c **** /* Private macro -------------------------------------------------------------*/
  69:Drivers/STM32F3xx_HAL_Driver/Src/stm32f3xx_hal_pwr_ex.c **** /* Private variables ---------------------------------------------------------*/
  70:Drivers/STM32F3xx_HAL_Driver/Src/stm32f3xx_hal_pwr_ex.c **** /* Private function prototypes -----------------------------------------------*/
  71:Drivers/STM32F3xx_HAL_Driver/Src/stm32f3xx_hal_pwr_ex.c **** /* Exported functions ---------------------------------------------------------*/
  72:Drivers/STM32F3xx_HAL_Driver/Src/stm32f3xx_hal_pwr_ex.c **** 
  73:Drivers/STM32F3xx_HAL_Driver/Src/stm32f3xx_hal_pwr_ex.c **** /** @defgroup PWREx_Exported_Functions PWR Extended Exported Functions
  74:Drivers/STM32F3xx_HAL_Driver/Src/stm32f3xx_hal_pwr_ex.c ****   * @{
  75:Drivers/STM32F3xx_HAL_Driver/Src/stm32f3xx_hal_pwr_ex.c ****   */
  76:Drivers/STM32F3xx_HAL_Driver/Src/stm32f3xx_hal_pwr_ex.c **** 
  77:Drivers/STM32F3xx_HAL_Driver/Src/stm32f3xx_hal_pwr_ex.c **** /** @defgroup PWREx_Exported_Functions_Group1 Peripheral Extended Control Functions
  78:Drivers/STM32F3xx_HAL_Driver/Src/stm32f3xx_hal_pwr_ex.c ****   *  @brief   Extended Peripheral Control functions
  79:Drivers/STM32F3xx_HAL_Driver/Src/stm32f3xx_hal_pwr_ex.c ****   *
  80:Drivers/STM32F3xx_HAL_Driver/Src/stm32f3xx_hal_pwr_ex.c **** @verbatim
  81:Drivers/STM32F3xx_HAL_Driver/Src/stm32f3xx_hal_pwr_ex.c **** 
  82:Drivers/STM32F3xx_HAL_Driver/Src/stm32f3xx_hal_pwr_ex.c ****  ===============================================================================
  83:Drivers/STM32F3xx_HAL_Driver/Src/stm32f3xx_hal_pwr_ex.c ****                  ##### Peripheral Extended control functions #####
  84:Drivers/STM32F3xx_HAL_Driver/Src/stm32f3xx_hal_pwr_ex.c ****  ===============================================================================
  85:Drivers/STM32F3xx_HAL_Driver/Src/stm32f3xx_hal_pwr_ex.c ****     *** PVD configuration (present on all other devices than STM32F3x8 devices) ***
  86:Drivers/STM32F3xx_HAL_Driver/Src/stm32f3xx_hal_pwr_ex.c ****     =========================
  87:Drivers/STM32F3xx_HAL_Driver/Src/stm32f3xx_hal_pwr_ex.c ****     [..]
ARM GAS  C:\Users\ALEX'S~1\AppData\Local\Temp\ccWAaz0A.s 			page 3


  88:Drivers/STM32F3xx_HAL_Driver/Src/stm32f3xx_hal_pwr_ex.c ****       (+) The PVD is used to monitor the VDD power supply by comparing it to a
  89:Drivers/STM32F3xx_HAL_Driver/Src/stm32f3xx_hal_pwr_ex.c ****           threshold selected by the PVD Level (PLS[2:0] bits in the PWR_CR).
  90:Drivers/STM32F3xx_HAL_Driver/Src/stm32f3xx_hal_pwr_ex.c ****       (+) A PVDO flag is available to indicate if VDD/VDDA is higher or lower
  91:Drivers/STM32F3xx_HAL_Driver/Src/stm32f3xx_hal_pwr_ex.c ****           than the PVD threshold. This event is internally connected to the EXTI
  92:Drivers/STM32F3xx_HAL_Driver/Src/stm32f3xx_hal_pwr_ex.c ****           line16 and can generate an interrupt if enabled. This is done through
  93:Drivers/STM32F3xx_HAL_Driver/Src/stm32f3xx_hal_pwr_ex.c ****           __HAL_PWR_PVD_EXTI_ENABLE_IT() macro
  94:Drivers/STM32F3xx_HAL_Driver/Src/stm32f3xx_hal_pwr_ex.c ****       (+) The PVD is stopped in Standby mode.
  95:Drivers/STM32F3xx_HAL_Driver/Src/stm32f3xx_hal_pwr_ex.c ****       -@- PVD is not available on STM32F3x8 Product Line
  96:Drivers/STM32F3xx_HAL_Driver/Src/stm32f3xx_hal_pwr_ex.c **** 
  97:Drivers/STM32F3xx_HAL_Driver/Src/stm32f3xx_hal_pwr_ex.c **** 
  98:Drivers/STM32F3xx_HAL_Driver/Src/stm32f3xx_hal_pwr_ex.c ****     *** Voltage regulator ***
  99:Drivers/STM32F3xx_HAL_Driver/Src/stm32f3xx_hal_pwr_ex.c ****     =========================
 100:Drivers/STM32F3xx_HAL_Driver/Src/stm32f3xx_hal_pwr_ex.c ****     [..]
 101:Drivers/STM32F3xx_HAL_Driver/Src/stm32f3xx_hal_pwr_ex.c ****       (+) The voltage regulator is always enabled after Reset. It works in three different
 102:Drivers/STM32F3xx_HAL_Driver/Src/stm32f3xx_hal_pwr_ex.c ****           modes.
 103:Drivers/STM32F3xx_HAL_Driver/Src/stm32f3xx_hal_pwr_ex.c ****           In Run mode, the regulator supplies full power to the 1.8V domain (core, memories
 104:Drivers/STM32F3xx_HAL_Driver/Src/stm32f3xx_hal_pwr_ex.c ****           and digital peripherals).
 105:Drivers/STM32F3xx_HAL_Driver/Src/stm32f3xx_hal_pwr_ex.c ****           In Stop mode, the regulator supplies low power to the 1.8V domain, preserving
 106:Drivers/STM32F3xx_HAL_Driver/Src/stm32f3xx_hal_pwr_ex.c ****           contents of registers and SRAM.
 107:Drivers/STM32F3xx_HAL_Driver/Src/stm32f3xx_hal_pwr_ex.c ****           In Stop mode, the regulator is powered off. The contents of the registers and SRAM
 108:Drivers/STM32F3xx_HAL_Driver/Src/stm32f3xx_hal_pwr_ex.c ****           are lost except for the Standby circuitry and the Backup Domain.
 109:Drivers/STM32F3xx_HAL_Driver/Src/stm32f3xx_hal_pwr_ex.c ****           Note: in the STM32F3x8xx devices, the voltage regulator is bypassed and the
 110:Drivers/STM32F3xx_HAL_Driver/Src/stm32f3xx_hal_pwr_ex.c ****           microcontroller must be powered from a nominal VDD = 1.8V +/-8U% voltage.
 111:Drivers/STM32F3xx_HAL_Driver/Src/stm32f3xx_hal_pwr_ex.c **** 
 112:Drivers/STM32F3xx_HAL_Driver/Src/stm32f3xx_hal_pwr_ex.c **** 
 113:Drivers/STM32F3xx_HAL_Driver/Src/stm32f3xx_hal_pwr_ex.c ****       (+) A PVDO flag is available to indicate if VDD/VDDA is higher or lower
 114:Drivers/STM32F3xx_HAL_Driver/Src/stm32f3xx_hal_pwr_ex.c ****           than the PVD threshold. This event is internally connected to the EXTI
 115:Drivers/STM32F3xx_HAL_Driver/Src/stm32f3xx_hal_pwr_ex.c ****           line16 and can generate an interrupt if enabled. This is done through
 116:Drivers/STM32F3xx_HAL_Driver/Src/stm32f3xx_hal_pwr_ex.c ****           __HAL_PWR_PVD_EXTI_ENABLE_IT() macro
 117:Drivers/STM32F3xx_HAL_Driver/Src/stm32f3xx_hal_pwr_ex.c ****       (+) The PVD is stopped in Standby mode.
 118:Drivers/STM32F3xx_HAL_Driver/Src/stm32f3xx_hal_pwr_ex.c **** 
 119:Drivers/STM32F3xx_HAL_Driver/Src/stm32f3xx_hal_pwr_ex.c **** 
 120:Drivers/STM32F3xx_HAL_Driver/Src/stm32f3xx_hal_pwr_ex.c ****     *** SDADC power configuration ***
 121:Drivers/STM32F3xx_HAL_Driver/Src/stm32f3xx_hal_pwr_ex.c ****     ================================
 122:Drivers/STM32F3xx_HAL_Driver/Src/stm32f3xx_hal_pwr_ex.c ****     [..]
 123:Drivers/STM32F3xx_HAL_Driver/Src/stm32f3xx_hal_pwr_ex.c ****       (+) On STM32F373xC/STM32F378xx devices, there are up to 
 124:Drivers/STM32F3xx_HAL_Driver/Src/stm32f3xx_hal_pwr_ex.c ****           3 SDADC instances that can be enabled/disabled.
 125:Drivers/STM32F3xx_HAL_Driver/Src/stm32f3xx_hal_pwr_ex.c **** 
 126:Drivers/STM32F3xx_HAL_Driver/Src/stm32f3xx_hal_pwr_ex.c **** @endverbatim
 127:Drivers/STM32F3xx_HAL_Driver/Src/stm32f3xx_hal_pwr_ex.c ****   * @{
 128:Drivers/STM32F3xx_HAL_Driver/Src/stm32f3xx_hal_pwr_ex.c ****   */
 129:Drivers/STM32F3xx_HAL_Driver/Src/stm32f3xx_hal_pwr_ex.c **** 
 130:Drivers/STM32F3xx_HAL_Driver/Src/stm32f3xx_hal_pwr_ex.c **** #if defined(STM32F302xE) || defined(STM32F303xE) || \
 131:Drivers/STM32F3xx_HAL_Driver/Src/stm32f3xx_hal_pwr_ex.c ****     defined(STM32F302xC) || defined(STM32F303xC) || \
 132:Drivers/STM32F3xx_HAL_Driver/Src/stm32f3xx_hal_pwr_ex.c ****     defined(STM32F303x8) || defined(STM32F334x8) || \
 133:Drivers/STM32F3xx_HAL_Driver/Src/stm32f3xx_hal_pwr_ex.c ****     defined(STM32F301x8) || defined(STM32F302x8) || \
 134:Drivers/STM32F3xx_HAL_Driver/Src/stm32f3xx_hal_pwr_ex.c ****     defined(STM32F373xC)
 135:Drivers/STM32F3xx_HAL_Driver/Src/stm32f3xx_hal_pwr_ex.c **** 
 136:Drivers/STM32F3xx_HAL_Driver/Src/stm32f3xx_hal_pwr_ex.c **** /**
 137:Drivers/STM32F3xx_HAL_Driver/Src/stm32f3xx_hal_pwr_ex.c ****   * @brief Configures the voltage threshold detected by the Power Voltage Detector(PVD).
 138:Drivers/STM32F3xx_HAL_Driver/Src/stm32f3xx_hal_pwr_ex.c ****   * @param sConfigPVD pointer to an PWR_PVDTypeDef structure that contains the configuration
 139:Drivers/STM32F3xx_HAL_Driver/Src/stm32f3xx_hal_pwr_ex.c ****   *        information for the PVD.
 140:Drivers/STM32F3xx_HAL_Driver/Src/stm32f3xx_hal_pwr_ex.c ****   * @note Refer to the electrical characteristics of your device datasheet for
 141:Drivers/STM32F3xx_HAL_Driver/Src/stm32f3xx_hal_pwr_ex.c ****   *         more details about the voltage threshold corresponding to each
 142:Drivers/STM32F3xx_HAL_Driver/Src/stm32f3xx_hal_pwr_ex.c ****   *         detection level.
 143:Drivers/STM32F3xx_HAL_Driver/Src/stm32f3xx_hal_pwr_ex.c ****   * @retval None
 144:Drivers/STM32F3xx_HAL_Driver/Src/stm32f3xx_hal_pwr_ex.c ****   */
ARM GAS  C:\Users\ALEX'S~1\AppData\Local\Temp\ccWAaz0A.s 			page 4


 145:Drivers/STM32F3xx_HAL_Driver/Src/stm32f3xx_hal_pwr_ex.c **** void HAL_PWR_ConfigPVD(PWR_PVDTypeDef *sConfigPVD)
 146:Drivers/STM32F3xx_HAL_Driver/Src/stm32f3xx_hal_pwr_ex.c **** {
  29              		.loc 1 146 0
  30              		.cfi_startproc
  31              		@ args = 0, pretend = 0, frame = 0
  32              		@ frame_needed = 0, uses_anonymous_args = 0
  33              	.LVL0:
 147:Drivers/STM32F3xx_HAL_Driver/Src/stm32f3xx_hal_pwr_ex.c ****   /* Check the parameters */
 148:Drivers/STM32F3xx_HAL_Driver/Src/stm32f3xx_hal_pwr_ex.c ****   assert_param(IS_PWR_PVD_LEVEL(sConfigPVD->PVDLevel));
  34              		.loc 1 148 0
  35 0000 0368     		ldr	r3, [r0]
  36 0002 33F06003 		bics	r3, r3, #96
 146:Drivers/STM32F3xx_HAL_Driver/Src/stm32f3xx_hal_pwr_ex.c ****   /* Check the parameters */
  37              		.loc 1 146 0
  38 0006 10B5     		push	{r4, lr}
  39              	.LCFI0:
  40              		.cfi_def_cfa_offset 8
  41              		.cfi_offset 4, -8
  42              		.cfi_offset 14, -4
 146:Drivers/STM32F3xx_HAL_Driver/Src/stm32f3xx_hal_pwr_ex.c ****   /* Check the parameters */
  43              		.loc 1 146 0
  44 0008 0446     		mov	r4, r0
  45              		.loc 1 148 0
  46 000a 05D0     		beq	.L2
  47              		.loc 1 148 0 is_stmt 0 discriminator 4
  48 000c 802B     		cmp	r3, #128
  49 000e 03D0     		beq	.L2
  50              		.loc 1 148 0 discriminator 8
  51 0010 9421     		movs	r1, #148
  52 0012 2448     		ldr	r0, .L32
  53              	.LVL1:
  54 0014 FFF7FEFF 		bl	assert_failed
  55              	.LVL2:
  56              	.L2:
 149:Drivers/STM32F3xx_HAL_Driver/Src/stm32f3xx_hal_pwr_ex.c ****   assert_param(IS_PWR_PVD_MODE(sConfigPVD->Mode));
  57              		.loc 1 149 0 is_stmt 1
  58 0018 6268     		ldr	r2, [r4, #4]
  59 001a A2F10113 		sub	r3, r2, #65537
  60 001e 022B     		cmp	r3, #2
  61 0020 06D9     		bls	.L3
  62              		.loc 1 149 0 is_stmt 0 discriminator 1
  63 0022 A2F50033 		sub	r3, r2, #131072
  64 0026 013B     		subs	r3, r3, #1
  65 0028 022B     		cmp	r3, #2
  66 002a 01D9     		bls	.L3
  67              		.loc 1 149 0 discriminator 4
  68 002c 002A     		cmp	r2, #0
  69 002e 33D1     		bne	.L31
  70              	.L3:
 150:Drivers/STM32F3xx_HAL_Driver/Src/stm32f3xx_hal_pwr_ex.c **** 
 151:Drivers/STM32F3xx_HAL_Driver/Src/stm32f3xx_hal_pwr_ex.c ****   /* Set PLS[7:5] bits according to PVDLevel value */
 152:Drivers/STM32F3xx_HAL_Driver/Src/stm32f3xx_hal_pwr_ex.c ****   MODIFY_REG(PWR->CR, PWR_CR_PLS, sConfigPVD->PVDLevel);
  71              		.loc 1 152 0 is_stmt 1
  72 0030 1D48     		ldr	r0, .L32+4
  73 0032 2468     		ldr	r4, [r4]
  74              	.LVL3:
  75 0034 0168     		ldr	r1, [r0]
ARM GAS  C:\Users\ALEX'S~1\AppData\Local\Temp\ccWAaz0A.s 			page 5


 153:Drivers/STM32F3xx_HAL_Driver/Src/stm32f3xx_hal_pwr_ex.c ****   
 154:Drivers/STM32F3xx_HAL_Driver/Src/stm32f3xx_hal_pwr_ex.c ****   /* Clear any previous config. Keep it clear if no event or IT mode is selected */
 155:Drivers/STM32F3xx_HAL_Driver/Src/stm32f3xx_hal_pwr_ex.c ****   __HAL_PWR_PVD_EXTI_DISABLE_EVENT();
  76              		.loc 1 155 0
  77 0036 1D4B     		ldr	r3, .L32+8
 152:Drivers/STM32F3xx_HAL_Driver/Src/stm32f3xx_hal_pwr_ex.c ****   
  78              		.loc 1 152 0
  79 0038 21F0E001 		bic	r1, r1, #224
  80 003c 2143     		orrs	r1, r1, r4
  81 003e 0160     		str	r1, [r0]
  82              		.loc 1 155 0
  83 0040 5968     		ldr	r1, [r3, #4]
  84 0042 21F48031 		bic	r1, r1, #65536
  85 0046 5960     		str	r1, [r3, #4]
 156:Drivers/STM32F3xx_HAL_Driver/Src/stm32f3xx_hal_pwr_ex.c ****   __HAL_PWR_PVD_EXTI_DISABLE_IT();
  86              		.loc 1 156 0
  87 0048 1968     		ldr	r1, [r3]
  88 004a 21F48031 		bic	r1, r1, #65536
  89 004e 1960     		str	r1, [r3]
 157:Drivers/STM32F3xx_HAL_Driver/Src/stm32f3xx_hal_pwr_ex.c ****   __HAL_PWR_PVD_EXTI_DISABLE_RISING_EDGE();__HAL_PWR_PVD_EXTI_DISABLE_FALLING_EDGE();
  90              		.loc 1 157 0
  91 0050 9968     		ldr	r1, [r3, #8]
  92 0052 21F48031 		bic	r1, r1, #65536
  93 0056 9960     		str	r1, [r3, #8]
  94 0058 D968     		ldr	r1, [r3, #12]
 158:Drivers/STM32F3xx_HAL_Driver/Src/stm32f3xx_hal_pwr_ex.c **** 
 159:Drivers/STM32F3xx_HAL_Driver/Src/stm32f3xx_hal_pwr_ex.c ****   /* Configure interrupt mode */
 160:Drivers/STM32F3xx_HAL_Driver/Src/stm32f3xx_hal_pwr_ex.c ****   if((sConfigPVD->Mode & PVD_MODE_IT) == PVD_MODE_IT)
  95              		.loc 1 160 0
  96 005a D403     		lsls	r4, r2, #15
 157:Drivers/STM32F3xx_HAL_Driver/Src/stm32f3xx_hal_pwr_ex.c ****   __HAL_PWR_PVD_EXTI_DISABLE_RISING_EDGE();__HAL_PWR_PVD_EXTI_DISABLE_FALLING_EDGE();
  97              		.loc 1 157 0
  98 005c 21F48031 		bic	r1, r1, #65536
  99 0060 D960     		str	r1, [r3, #12]
 100              		.loc 1 160 0
 101 0062 03D5     		bpl	.L4
 161:Drivers/STM32F3xx_HAL_Driver/Src/stm32f3xx_hal_pwr_ex.c ****   {
 162:Drivers/STM32F3xx_HAL_Driver/Src/stm32f3xx_hal_pwr_ex.c ****     __HAL_PWR_PVD_EXTI_ENABLE_IT();
 102              		.loc 1 162 0
 103 0064 1968     		ldr	r1, [r3]
 104 0066 41F48031 		orr	r1, r1, #65536
 105 006a 1960     		str	r1, [r3]
 106              	.L4:
 163:Drivers/STM32F3xx_HAL_Driver/Src/stm32f3xx_hal_pwr_ex.c ****   }
 164:Drivers/STM32F3xx_HAL_Driver/Src/stm32f3xx_hal_pwr_ex.c ****   
 165:Drivers/STM32F3xx_HAL_Driver/Src/stm32f3xx_hal_pwr_ex.c ****   /* Configure event mode */
 166:Drivers/STM32F3xx_HAL_Driver/Src/stm32f3xx_hal_pwr_ex.c ****   if((sConfigPVD->Mode & PVD_MODE_EVT) == PVD_MODE_EVT)
 107              		.loc 1 166 0
 108 006c 9003     		lsls	r0, r2, #14
 109 006e 04D5     		bpl	.L5
 167:Drivers/STM32F3xx_HAL_Driver/Src/stm32f3xx_hal_pwr_ex.c ****   {
 168:Drivers/STM32F3xx_HAL_Driver/Src/stm32f3xx_hal_pwr_ex.c ****     __HAL_PWR_PVD_EXTI_ENABLE_EVENT();
 110              		.loc 1 168 0
 111 0070 0E49     		ldr	r1, .L32+8
 112 0072 4B68     		ldr	r3, [r1, #4]
 113 0074 43F48033 		orr	r3, r3, #65536
 114 0078 4B60     		str	r3, [r1, #4]
ARM GAS  C:\Users\ALEX'S~1\AppData\Local\Temp\ccWAaz0A.s 			page 6


 115              	.L5:
 169:Drivers/STM32F3xx_HAL_Driver/Src/stm32f3xx_hal_pwr_ex.c ****   }
 170:Drivers/STM32F3xx_HAL_Driver/Src/stm32f3xx_hal_pwr_ex.c ****   
 171:Drivers/STM32F3xx_HAL_Driver/Src/stm32f3xx_hal_pwr_ex.c ****   /* Configure the edge */
 172:Drivers/STM32F3xx_HAL_Driver/Src/stm32f3xx_hal_pwr_ex.c ****   if((sConfigPVD->Mode & PVD_RISING_EDGE) == PVD_RISING_EDGE)
 116              		.loc 1 172 0
 117 007a D107     		lsls	r1, r2, #31
 118 007c 04D5     		bpl	.L6
 173:Drivers/STM32F3xx_HAL_Driver/Src/stm32f3xx_hal_pwr_ex.c ****   {
 174:Drivers/STM32F3xx_HAL_Driver/Src/stm32f3xx_hal_pwr_ex.c ****     __HAL_PWR_PVD_EXTI_ENABLE_RISING_EDGE();
 119              		.loc 1 174 0
 120 007e 0B49     		ldr	r1, .L32+8
 121 0080 8B68     		ldr	r3, [r1, #8]
 122 0082 43F48033 		orr	r3, r3, #65536
 123 0086 8B60     		str	r3, [r1, #8]
 124              	.L6:
 175:Drivers/STM32F3xx_HAL_Driver/Src/stm32f3xx_hal_pwr_ex.c ****   }
 176:Drivers/STM32F3xx_HAL_Driver/Src/stm32f3xx_hal_pwr_ex.c ****   
 177:Drivers/STM32F3xx_HAL_Driver/Src/stm32f3xx_hal_pwr_ex.c ****   if((sConfigPVD->Mode & PVD_FALLING_EDGE) == PVD_FALLING_EDGE)
 125              		.loc 1 177 0
 126 0088 9307     		lsls	r3, r2, #30
 127 008a 04D5     		bpl	.L1
 178:Drivers/STM32F3xx_HAL_Driver/Src/stm32f3xx_hal_pwr_ex.c ****   {
 179:Drivers/STM32F3xx_HAL_Driver/Src/stm32f3xx_hal_pwr_ex.c ****     __HAL_PWR_PVD_EXTI_ENABLE_FALLING_EDGE();
 128              		.loc 1 179 0
 129 008c 074A     		ldr	r2, .L32+8
 130 008e D368     		ldr	r3, [r2, #12]
 131 0090 43F48033 		orr	r3, r3, #65536
 132 0094 D360     		str	r3, [r2, #12]
 133              	.L1:
 180:Drivers/STM32F3xx_HAL_Driver/Src/stm32f3xx_hal_pwr_ex.c ****   }
 181:Drivers/STM32F3xx_HAL_Driver/Src/stm32f3xx_hal_pwr_ex.c **** }
 134              		.loc 1 181 0
 135 0096 10BD     		pop	{r4, pc}
 136              	.LVL4:
 137              	.L31:
 149:Drivers/STM32F3xx_HAL_Driver/Src/stm32f3xx_hal_pwr_ex.c **** 
 138              		.loc 1 149 0 discriminator 5
 139 0098 9521     		movs	r1, #149
 140 009a 0248     		ldr	r0, .L32
 141 009c FFF7FEFF 		bl	assert_failed
 142              	.LVL5:
 143 00a0 6268     		ldr	r2, [r4, #4]
 144 00a2 C5E7     		b	.L3
 145              	.L33:
 146              		.align	2
 147              	.L32:
 148 00a4 00000000 		.word	.LC0
 149 00a8 00700040 		.word	1073770496
 150 00ac 00040140 		.word	1073808384
 151              		.cfi_endproc
 152              	.LFE126:
 154              		.section	.text.HAL_PWR_EnablePVD,"ax",%progbits
 155              		.align	1
 156              		.p2align 2,,3
 157              		.global	HAL_PWR_EnablePVD
 158              		.syntax unified
ARM GAS  C:\Users\ALEX'S~1\AppData\Local\Temp\ccWAaz0A.s 			page 7


 159              		.thumb
 160              		.thumb_func
 161              		.fpu fpv4-sp-d16
 163              	HAL_PWR_EnablePVD:
 164              	.LFB127:
 182:Drivers/STM32F3xx_HAL_Driver/Src/stm32f3xx_hal_pwr_ex.c **** 
 183:Drivers/STM32F3xx_HAL_Driver/Src/stm32f3xx_hal_pwr_ex.c **** /**
 184:Drivers/STM32F3xx_HAL_Driver/Src/stm32f3xx_hal_pwr_ex.c ****   * @brief Enables the Power Voltage Detector(PVD).
 185:Drivers/STM32F3xx_HAL_Driver/Src/stm32f3xx_hal_pwr_ex.c ****   * @retval None
 186:Drivers/STM32F3xx_HAL_Driver/Src/stm32f3xx_hal_pwr_ex.c ****   */
 187:Drivers/STM32F3xx_HAL_Driver/Src/stm32f3xx_hal_pwr_ex.c **** void HAL_PWR_EnablePVD(void)
 188:Drivers/STM32F3xx_HAL_Driver/Src/stm32f3xx_hal_pwr_ex.c **** {
 165              		.loc 1 188 0
 166              		.cfi_startproc
 167              		@ args = 0, pretend = 0, frame = 0
 168              		@ frame_needed = 0, uses_anonymous_args = 0
 169              		@ link register save eliminated.
 189:Drivers/STM32F3xx_HAL_Driver/Src/stm32f3xx_hal_pwr_ex.c ****   SET_BIT(PWR->CR, PWR_CR_PVDE);  
 170              		.loc 1 189 0
 171 0000 024A     		ldr	r2, .L35
 172 0002 1368     		ldr	r3, [r2]
 173 0004 43F01003 		orr	r3, r3, #16
 174 0008 1360     		str	r3, [r2]
 190:Drivers/STM32F3xx_HAL_Driver/Src/stm32f3xx_hal_pwr_ex.c **** }
 175              		.loc 1 190 0
 176 000a 7047     		bx	lr
 177              	.L36:
 178              		.align	2
 179              	.L35:
 180 000c 00700040 		.word	1073770496
 181              		.cfi_endproc
 182              	.LFE127:
 184              		.section	.text.HAL_PWR_DisablePVD,"ax",%progbits
 185              		.align	1
 186              		.p2align 2,,3
 187              		.global	HAL_PWR_DisablePVD
 188              		.syntax unified
 189              		.thumb
 190              		.thumb_func
 191              		.fpu fpv4-sp-d16
 193              	HAL_PWR_DisablePVD:
 194              	.LFB128:
 191:Drivers/STM32F3xx_HAL_Driver/Src/stm32f3xx_hal_pwr_ex.c **** 
 192:Drivers/STM32F3xx_HAL_Driver/Src/stm32f3xx_hal_pwr_ex.c **** /**
 193:Drivers/STM32F3xx_HAL_Driver/Src/stm32f3xx_hal_pwr_ex.c ****   * @brief Disables the Power Voltage Detector(PVD).
 194:Drivers/STM32F3xx_HAL_Driver/Src/stm32f3xx_hal_pwr_ex.c ****   * @retval None
 195:Drivers/STM32F3xx_HAL_Driver/Src/stm32f3xx_hal_pwr_ex.c ****   */
 196:Drivers/STM32F3xx_HAL_Driver/Src/stm32f3xx_hal_pwr_ex.c **** void HAL_PWR_DisablePVD(void)
 197:Drivers/STM32F3xx_HAL_Driver/Src/stm32f3xx_hal_pwr_ex.c **** {
 195              		.loc 1 197 0
 196              		.cfi_startproc
 197              		@ args = 0, pretend = 0, frame = 0
 198              		@ frame_needed = 0, uses_anonymous_args = 0
 199              		@ link register save eliminated.
 198:Drivers/STM32F3xx_HAL_Driver/Src/stm32f3xx_hal_pwr_ex.c ****   CLEAR_BIT(PWR->CR, PWR_CR_PVDE);  
 200              		.loc 1 198 0
 201 0000 024A     		ldr	r2, .L38
ARM GAS  C:\Users\ALEX'S~1\AppData\Local\Temp\ccWAaz0A.s 			page 8


 202 0002 1368     		ldr	r3, [r2]
 203 0004 23F01003 		bic	r3, r3, #16
 204 0008 1360     		str	r3, [r2]
 199:Drivers/STM32F3xx_HAL_Driver/Src/stm32f3xx_hal_pwr_ex.c **** }
 205              		.loc 1 199 0
 206 000a 7047     		bx	lr
 207              	.L39:
 208              		.align	2
 209              	.L38:
 210 000c 00700040 		.word	1073770496
 211              		.cfi_endproc
 212              	.LFE128:
 214              		.section	.text.HAL_PWR_PVDCallback,"ax",%progbits
 215              		.align	1
 216              		.p2align 2,,3
 217              		.weak	HAL_PWR_PVDCallback
 218              		.syntax unified
 219              		.thumb
 220              		.thumb_func
 221              		.fpu fpv4-sp-d16
 223              	HAL_PWR_PVDCallback:
 224              	.LFB130:
 200:Drivers/STM32F3xx_HAL_Driver/Src/stm32f3xx_hal_pwr_ex.c **** 
 201:Drivers/STM32F3xx_HAL_Driver/Src/stm32f3xx_hal_pwr_ex.c **** /**
 202:Drivers/STM32F3xx_HAL_Driver/Src/stm32f3xx_hal_pwr_ex.c ****   * @brief This function handles the PWR PVD interrupt request.
 203:Drivers/STM32F3xx_HAL_Driver/Src/stm32f3xx_hal_pwr_ex.c ****   * @note This API should be called under the PVD_IRQHandler().
 204:Drivers/STM32F3xx_HAL_Driver/Src/stm32f3xx_hal_pwr_ex.c ****   * @retval None
 205:Drivers/STM32F3xx_HAL_Driver/Src/stm32f3xx_hal_pwr_ex.c ****   */
 206:Drivers/STM32F3xx_HAL_Driver/Src/stm32f3xx_hal_pwr_ex.c **** void HAL_PWR_PVD_IRQHandler(void)
 207:Drivers/STM32F3xx_HAL_Driver/Src/stm32f3xx_hal_pwr_ex.c **** {
 208:Drivers/STM32F3xx_HAL_Driver/Src/stm32f3xx_hal_pwr_ex.c ****   /* Check PWR exti flag */
 209:Drivers/STM32F3xx_HAL_Driver/Src/stm32f3xx_hal_pwr_ex.c ****   if(__HAL_PWR_PVD_EXTI_GET_FLAG() != RESET)
 210:Drivers/STM32F3xx_HAL_Driver/Src/stm32f3xx_hal_pwr_ex.c ****   {
 211:Drivers/STM32F3xx_HAL_Driver/Src/stm32f3xx_hal_pwr_ex.c ****     /* PWR PVD interrupt user callback */
 212:Drivers/STM32F3xx_HAL_Driver/Src/stm32f3xx_hal_pwr_ex.c ****     HAL_PWR_PVDCallback();
 213:Drivers/STM32F3xx_HAL_Driver/Src/stm32f3xx_hal_pwr_ex.c **** 
 214:Drivers/STM32F3xx_HAL_Driver/Src/stm32f3xx_hal_pwr_ex.c ****     /* Clear PWR Exti pending bit */
 215:Drivers/STM32F3xx_HAL_Driver/Src/stm32f3xx_hal_pwr_ex.c ****     __HAL_PWR_PVD_EXTI_CLEAR_FLAG();
 216:Drivers/STM32F3xx_HAL_Driver/Src/stm32f3xx_hal_pwr_ex.c ****   }
 217:Drivers/STM32F3xx_HAL_Driver/Src/stm32f3xx_hal_pwr_ex.c **** }
 218:Drivers/STM32F3xx_HAL_Driver/Src/stm32f3xx_hal_pwr_ex.c **** 
 219:Drivers/STM32F3xx_HAL_Driver/Src/stm32f3xx_hal_pwr_ex.c **** /**
 220:Drivers/STM32F3xx_HAL_Driver/Src/stm32f3xx_hal_pwr_ex.c ****   * @brief PWR PVD interrupt callback
 221:Drivers/STM32F3xx_HAL_Driver/Src/stm32f3xx_hal_pwr_ex.c ****   * @retval None
 222:Drivers/STM32F3xx_HAL_Driver/Src/stm32f3xx_hal_pwr_ex.c ****   */
 223:Drivers/STM32F3xx_HAL_Driver/Src/stm32f3xx_hal_pwr_ex.c **** __weak void HAL_PWR_PVDCallback(void)
 224:Drivers/STM32F3xx_HAL_Driver/Src/stm32f3xx_hal_pwr_ex.c **** {
 225              		.loc 1 224 0
 226              		.cfi_startproc
 227              		@ args = 0, pretend = 0, frame = 0
 228              		@ frame_needed = 0, uses_anonymous_args = 0
 229              		@ link register save eliminated.
 225:Drivers/STM32F3xx_HAL_Driver/Src/stm32f3xx_hal_pwr_ex.c ****   /* NOTE : This function Should not be modified, when the callback is needed,
 226:Drivers/STM32F3xx_HAL_Driver/Src/stm32f3xx_hal_pwr_ex.c ****             the HAL_PWR_PVDCallback could be implemented in the user file
 227:Drivers/STM32F3xx_HAL_Driver/Src/stm32f3xx_hal_pwr_ex.c ****    */
 228:Drivers/STM32F3xx_HAL_Driver/Src/stm32f3xx_hal_pwr_ex.c **** }
 230              		.loc 1 228 0
ARM GAS  C:\Users\ALEX'S~1\AppData\Local\Temp\ccWAaz0A.s 			page 9


 231 0000 7047     		bx	lr
 232              		.cfi_endproc
 233              	.LFE130:
 235 0002 00BF     		.section	.text.HAL_PWR_PVD_IRQHandler,"ax",%progbits
 236              		.align	1
 237              		.p2align 2,,3
 238              		.global	HAL_PWR_PVD_IRQHandler
 239              		.syntax unified
 240              		.thumb
 241              		.thumb_func
 242              		.fpu fpv4-sp-d16
 244              	HAL_PWR_PVD_IRQHandler:
 245              	.LFB129:
 207:Drivers/STM32F3xx_HAL_Driver/Src/stm32f3xx_hal_pwr_ex.c ****   /* Check PWR exti flag */
 246              		.loc 1 207 0
 247              		.cfi_startproc
 248              		@ args = 0, pretend = 0, frame = 0
 249              		@ frame_needed = 0, uses_anonymous_args = 0
 250 0000 10B5     		push	{r4, lr}
 251              	.LCFI1:
 252              		.cfi_def_cfa_offset 8
 253              		.cfi_offset 4, -8
 254              		.cfi_offset 14, -4
 209:Drivers/STM32F3xx_HAL_Driver/Src/stm32f3xx_hal_pwr_ex.c ****   {
 255              		.loc 1 209 0
 256 0002 054C     		ldr	r4, .L48
 257 0004 6369     		ldr	r3, [r4, #20]
 258 0006 DB03     		lsls	r3, r3, #15
 259 0008 00D4     		bmi	.L47
 217:Drivers/STM32F3xx_HAL_Driver/Src/stm32f3xx_hal_pwr_ex.c **** 
 260              		.loc 1 217 0
 261 000a 10BD     		pop	{r4, pc}
 262              	.L47:
 212:Drivers/STM32F3xx_HAL_Driver/Src/stm32f3xx_hal_pwr_ex.c **** 
 263              		.loc 1 212 0
 264 000c FFF7FEFF 		bl	HAL_PWR_PVDCallback
 265              	.LVL6:
 215:Drivers/STM32F3xx_HAL_Driver/Src/stm32f3xx_hal_pwr_ex.c ****   }
 266              		.loc 1 215 0
 267 0010 4FF48033 		mov	r3, #65536
 268 0014 6361     		str	r3, [r4, #20]
 217:Drivers/STM32F3xx_HAL_Driver/Src/stm32f3xx_hal_pwr_ex.c **** 
 269              		.loc 1 217 0
 270 0016 10BD     		pop	{r4, pc}
 271              	.L49:
 272              		.align	2
 273              	.L48:
 274 0018 00040140 		.word	1073808384
 275              		.cfi_endproc
 276              	.LFE129:
 278              		.section	.text.HAL_PWREx_EnableSDADC,"ax",%progbits
 279              		.align	1
 280              		.p2align 2,,3
 281              		.global	HAL_PWREx_EnableSDADC
 282              		.syntax unified
 283              		.thumb
 284              		.thumb_func
ARM GAS  C:\Users\ALEX'S~1\AppData\Local\Temp\ccWAaz0A.s 			page 10


 285              		.fpu fpv4-sp-d16
 287              	HAL_PWREx_EnableSDADC:
 288              	.LFB131:
 229:Drivers/STM32F3xx_HAL_Driver/Src/stm32f3xx_hal_pwr_ex.c **** 
 230:Drivers/STM32F3xx_HAL_Driver/Src/stm32f3xx_hal_pwr_ex.c **** #endif /* STM32F302xE || STM32F303xE || */
 231:Drivers/STM32F3xx_HAL_Driver/Src/stm32f3xx_hal_pwr_ex.c ****        /* STM32F302xC || STM32F303xC || */
 232:Drivers/STM32F3xx_HAL_Driver/Src/stm32f3xx_hal_pwr_ex.c ****        /* STM32F303x8 || STM32F334x8 || */
 233:Drivers/STM32F3xx_HAL_Driver/Src/stm32f3xx_hal_pwr_ex.c ****        /* STM32F301x8 || STM32F302x8 || */
 234:Drivers/STM32F3xx_HAL_Driver/Src/stm32f3xx_hal_pwr_ex.c ****        /* STM32F373xC                   */
 235:Drivers/STM32F3xx_HAL_Driver/Src/stm32f3xx_hal_pwr_ex.c **** 
 236:Drivers/STM32F3xx_HAL_Driver/Src/stm32f3xx_hal_pwr_ex.c **** #if defined(STM32F373xC) || defined(STM32F378xx)
 237:Drivers/STM32F3xx_HAL_Driver/Src/stm32f3xx_hal_pwr_ex.c **** 
 238:Drivers/STM32F3xx_HAL_Driver/Src/stm32f3xx_hal_pwr_ex.c **** /**
 239:Drivers/STM32F3xx_HAL_Driver/Src/stm32f3xx_hal_pwr_ex.c ****   * @brief  Enables the SDADC peripheral functionaliy
 240:Drivers/STM32F3xx_HAL_Driver/Src/stm32f3xx_hal_pwr_ex.c ****   * @param  Analogx specifies the SDADC peripheral instance.
 241:Drivers/STM32F3xx_HAL_Driver/Src/stm32f3xx_hal_pwr_ex.c ****   *   This parameter can be: PWR_SDADC_ANALOG1, PWR_SDADC_ANALOG2 or PWR_SDADC_ANALOG3.
 242:Drivers/STM32F3xx_HAL_Driver/Src/stm32f3xx_hal_pwr_ex.c ****   * @retval None
 243:Drivers/STM32F3xx_HAL_Driver/Src/stm32f3xx_hal_pwr_ex.c ****   */
 244:Drivers/STM32F3xx_HAL_Driver/Src/stm32f3xx_hal_pwr_ex.c **** void HAL_PWREx_EnableSDADC(uint32_t Analogx)
 245:Drivers/STM32F3xx_HAL_Driver/Src/stm32f3xx_hal_pwr_ex.c **** {
 289              		.loc 1 245 0
 290              		.cfi_startproc
 291              		@ args = 0, pretend = 0, frame = 8
 292              		@ frame_needed = 0, uses_anonymous_args = 0
 293              	.LVL7:
 294 0000 10B5     		push	{r4, lr}
 295              	.LCFI2:
 296              		.cfi_def_cfa_offset 8
 297              		.cfi_offset 4, -8
 298              		.cfi_offset 14, -4
 246:Drivers/STM32F3xx_HAL_Driver/Src/stm32f3xx_hal_pwr_ex.c ****   /* Check the parameters */
 247:Drivers/STM32F3xx_HAL_Driver/Src/stm32f3xx_hal_pwr_ex.c ****   assert_param(IS_PWR_SDADC_ANALOG(Analogx));
 299              		.loc 1 247 0
 300 0002 B0F5007F 		cmp	r0, #512
 245:Drivers/STM32F3xx_HAL_Driver/Src/stm32f3xx_hal_pwr_ex.c ****   /* Check the parameters */
 301              		.loc 1 245 0
 302 0006 82B0     		sub	sp, sp, #8
 303              	.LCFI3:
 304              		.cfi_def_cfa_offset 16
 245:Drivers/STM32F3xx_HAL_Driver/Src/stm32f3xx_hal_pwr_ex.c ****   /* Check the parameters */
 305              		.loc 1 245 0
 306 0008 0446     		mov	r4, r0
 307              		.loc 1 247 0
 308 000a 09D0     		beq	.L51
 309              		.loc 1 247 0 is_stmt 0 discriminator 1
 310 000c B0F5806F 		cmp	r0, #1024
 311 0010 06D0     		beq	.L51
 312              		.loc 1 247 0 discriminator 2
 313 0012 B0F5006F 		cmp	r0, #2048
 314 0016 03D0     		beq	.L51
 315              		.loc 1 247 0 discriminator 3
 316 0018 F721     		movs	r1, #247
 317 001a 0948     		ldr	r0, .L62
 318              	.LVL8:
 319 001c FFF7FEFF 		bl	assert_failed
 320              	.LVL9:
 321              	.L51:
ARM GAS  C:\Users\ALEX'S~1\AppData\Local\Temp\ccWAaz0A.s 			page 11


 322              	.LBB2:
 248:Drivers/STM32F3xx_HAL_Driver/Src/stm32f3xx_hal_pwr_ex.c **** 
 249:Drivers/STM32F3xx_HAL_Driver/Src/stm32f3xx_hal_pwr_ex.c ****   /* Enable PWR clock interface for SDADC use */
 250:Drivers/STM32F3xx_HAL_Driver/Src/stm32f3xx_hal_pwr_ex.c ****   __HAL_RCC_PWR_CLK_ENABLE();
 323              		.loc 1 250 0 is_stmt 1
 324 0020 084B     		ldr	r3, .L62+4
 325              	.LBE2:
 251:Drivers/STM32F3xx_HAL_Driver/Src/stm32f3xx_hal_pwr_ex.c ****     
 252:Drivers/STM32F3xx_HAL_Driver/Src/stm32f3xx_hal_pwr_ex.c ****   PWR->CR |= Analogx;
 326              		.loc 1 252 0
 327 0022 0949     		ldr	r1, .L62+8
 328              	.LBB3:
 250:Drivers/STM32F3xx_HAL_Driver/Src/stm32f3xx_hal_pwr_ex.c ****     
 329              		.loc 1 250 0
 330 0024 DA69     		ldr	r2, [r3, #28]
 331 0026 42F08052 		orr	r2, r2, #268435456
 332 002a DA61     		str	r2, [r3, #28]
 333 002c DB69     		ldr	r3, [r3, #28]
 334 002e 03F08053 		and	r3, r3, #268435456
 335 0032 0193     		str	r3, [sp, #4]
 336 0034 019B     		ldr	r3, [sp, #4]
 337              	.LBE3:
 338              		.loc 1 252 0
 339 0036 0B68     		ldr	r3, [r1]
 340 0038 1C43     		orrs	r4, r4, r3
 341              	.LVL10:
 342 003a 0C60     		str	r4, [r1]
 253:Drivers/STM32F3xx_HAL_Driver/Src/stm32f3xx_hal_pwr_ex.c **** }
 343              		.loc 1 253 0
 344 003c 02B0     		add	sp, sp, #8
 345              	.LCFI4:
 346              		.cfi_def_cfa_offset 8
 347              		@ sp needed
 348 003e 10BD     		pop	{r4, pc}
 349              	.L63:
 350              		.align	2
 351              	.L62:
 352 0040 00000000 		.word	.LC0
 353 0044 00100240 		.word	1073876992
 354 0048 00700040 		.word	1073770496
 355              		.cfi_endproc
 356              	.LFE131:
 358              		.section	.text.HAL_PWREx_DisableSDADC,"ax",%progbits
 359              		.align	1
 360              		.p2align 2,,3
 361              		.global	HAL_PWREx_DisableSDADC
 362              		.syntax unified
 363              		.thumb
 364              		.thumb_func
 365              		.fpu fpv4-sp-d16
 367              	HAL_PWREx_DisableSDADC:
 368              	.LFB132:
 254:Drivers/STM32F3xx_HAL_Driver/Src/stm32f3xx_hal_pwr_ex.c **** 
 255:Drivers/STM32F3xx_HAL_Driver/Src/stm32f3xx_hal_pwr_ex.c **** /**
 256:Drivers/STM32F3xx_HAL_Driver/Src/stm32f3xx_hal_pwr_ex.c ****   * @brief  Disables the SDADC peripheral functionaliy
 257:Drivers/STM32F3xx_HAL_Driver/Src/stm32f3xx_hal_pwr_ex.c ****   * @param  Analogx specifies the SDADC peripheral instance.
 258:Drivers/STM32F3xx_HAL_Driver/Src/stm32f3xx_hal_pwr_ex.c ****   *   This parameter can be: PWR_SDADC_ANALOG1, PWR_SDADC_ANALOG2 or PWR_SDADC_ANALOG3.
ARM GAS  C:\Users\ALEX'S~1\AppData\Local\Temp\ccWAaz0A.s 			page 12


 259:Drivers/STM32F3xx_HAL_Driver/Src/stm32f3xx_hal_pwr_ex.c ****   * @retval None
 260:Drivers/STM32F3xx_HAL_Driver/Src/stm32f3xx_hal_pwr_ex.c ****   */
 261:Drivers/STM32F3xx_HAL_Driver/Src/stm32f3xx_hal_pwr_ex.c **** void HAL_PWREx_DisableSDADC(uint32_t Analogx)
 262:Drivers/STM32F3xx_HAL_Driver/Src/stm32f3xx_hal_pwr_ex.c **** {
 369              		.loc 1 262 0
 370              		.cfi_startproc
 371              		@ args = 0, pretend = 0, frame = 0
 372              		@ frame_needed = 0, uses_anonymous_args = 0
 373              	.LVL11:
 263:Drivers/STM32F3xx_HAL_Driver/Src/stm32f3xx_hal_pwr_ex.c ****   /* Check the parameters */
 264:Drivers/STM32F3xx_HAL_Driver/Src/stm32f3xx_hal_pwr_ex.c ****   assert_param(IS_PWR_SDADC_ANALOG(Analogx));
 374              		.loc 1 264 0
 375 0000 B0F5007F 		cmp	r0, #512
 262:Drivers/STM32F3xx_HAL_Driver/Src/stm32f3xx_hal_pwr_ex.c ****   /* Check the parameters */
 376              		.loc 1 262 0
 377 0004 10B5     		push	{r4, lr}
 378              	.LCFI5:
 379              		.cfi_def_cfa_offset 8
 380              		.cfi_offset 4, -8
 381              		.cfi_offset 14, -4
 262:Drivers/STM32F3xx_HAL_Driver/Src/stm32f3xx_hal_pwr_ex.c ****   /* Check the parameters */
 382              		.loc 1 262 0
 383 0006 0446     		mov	r4, r0
 384              		.loc 1 264 0
 385 0008 0AD0     		beq	.L65
 386              		.loc 1 264 0 is_stmt 0 discriminator 1
 387 000a B0F5806F 		cmp	r0, #1024
 388 000e 07D0     		beq	.L65
 389              		.loc 1 264 0 discriminator 2
 390 0010 B0F5006F 		cmp	r0, #2048
 391 0014 04D0     		beq	.L65
 392              		.loc 1 264 0 discriminator 3
 393 0016 4FF48471 		mov	r1, #264
 394 001a 0448     		ldr	r0, .L76
 395              	.LVL12:
 396 001c FFF7FEFF 		bl	assert_failed
 397              	.LVL13:
 398              	.L65:
 265:Drivers/STM32F3xx_HAL_Driver/Src/stm32f3xx_hal_pwr_ex.c ****   
 266:Drivers/STM32F3xx_HAL_Driver/Src/stm32f3xx_hal_pwr_ex.c ****   PWR->CR &= ~Analogx;
 399              		.loc 1 266 0 is_stmt 1
 400 0020 034A     		ldr	r2, .L76+4
 401 0022 1368     		ldr	r3, [r2]
 402 0024 23EA0404 		bic	r4, r3, r4
 403              	.LVL14:
 404 0028 1460     		str	r4, [r2]
 267:Drivers/STM32F3xx_HAL_Driver/Src/stm32f3xx_hal_pwr_ex.c **** }
 405              		.loc 1 267 0
 406 002a 10BD     		pop	{r4, pc}
 407              	.L77:
 408              		.align	2
 409              	.L76:
 410 002c 00000000 		.word	.LC0
 411 0030 00700040 		.word	1073770496
 412              		.cfi_endproc
 413              	.LFE132:
 415              		.section	.rodata.HAL_PWR_ConfigPVD.str1.4,"aMS",%progbits,1
ARM GAS  C:\Users\ALEX'S~1\AppData\Local\Temp\ccWAaz0A.s 			page 13


 416              		.align	2
 417              	.LC0:
 418 0000 44726976 		.ascii	"Drivers/STM32F3xx_HAL_Driver/Src/stm32f3xx_hal_pwr_"
 418      6572732F 
 418      53544D33 
 418      32463378 
 418      785F4841 
 419 0033 65782E63 		.ascii	"ex.c\000"
 419      00
 420              		.text
 421              	.Letext0:
 422              		.file 2 "c:\\program files (x86)\\gnu tools arm embedded\\7 2018-q2-update\\arm-none-eabi\\include
 423              		.file 3 "c:\\program files (x86)\\gnu tools arm embedded\\7 2018-q2-update\\arm-none-eabi\\include
 424              		.file 4 "Drivers/CMSIS/Include/core_cm4.h"
 425              		.file 5 "Drivers/CMSIS/Device/ST/STM32F3xx/Include/system_stm32f3xx.h"
 426              		.file 6 "Drivers/CMSIS/Device/ST/STM32F3xx/Include/stm32f373xc.h"
 427              		.file 7 "c:\\program files (x86)\\gnu tools arm embedded\\7 2018-q2-update\\arm-none-eabi\\include
 428              		.file 8 "c:\\program files (x86)\\gnu tools arm embedded\\7 2018-q2-update\\arm-none-eabi\\include
 429              		.file 9 "c:\\program files (x86)\\gnu tools arm embedded\\7 2018-q2-update\\lib\\gcc\\arm-none-eab
 430              		.file 10 "c:\\program files (x86)\\gnu tools arm embedded\\7 2018-q2-update\\arm-none-eabi\\includ
 431              		.file 11 "Drivers/STM32F3xx_HAL_Driver/Inc/stm32f3xx_hal_pwr_ex.h"
 432              		.file 12 "Drivers/CMSIS/Device/ST/STM32F3xx/Include/stm32f3xx.h"
 433              		.file 13 "Drivers/STM32F3xx_HAL_Driver/Inc/stm32f3xx_hal.h"
 434              		.file 14 "Inc/stm32f3xx_hal_conf.h"
ARM GAS  C:\Users\ALEX'S~1\AppData\Local\Temp\ccWAaz0A.s 			page 14


DEFINED SYMBOLS
                            *ABS*:00000000 stm32f3xx_hal_pwr_ex.c
C:\Users\ALEX'S~1\AppData\Local\Temp\ccWAaz0A.s:18     .text.HAL_PWR_ConfigPVD:00000000 $t
C:\Users\ALEX'S~1\AppData\Local\Temp\ccWAaz0A.s:26     .text.HAL_PWR_ConfigPVD:00000000 HAL_PWR_ConfigPVD
C:\Users\ALEX'S~1\AppData\Local\Temp\ccWAaz0A.s:148    .text.HAL_PWR_ConfigPVD:000000a4 $d
C:\Users\ALEX'S~1\AppData\Local\Temp\ccWAaz0A.s:155    .text.HAL_PWR_EnablePVD:00000000 $t
C:\Users\ALEX'S~1\AppData\Local\Temp\ccWAaz0A.s:163    .text.HAL_PWR_EnablePVD:00000000 HAL_PWR_EnablePVD
C:\Users\ALEX'S~1\AppData\Local\Temp\ccWAaz0A.s:180    .text.HAL_PWR_EnablePVD:0000000c $d
C:\Users\ALEX'S~1\AppData\Local\Temp\ccWAaz0A.s:185    .text.HAL_PWR_DisablePVD:00000000 $t
C:\Users\ALEX'S~1\AppData\Local\Temp\ccWAaz0A.s:193    .text.HAL_PWR_DisablePVD:00000000 HAL_PWR_DisablePVD
C:\Users\ALEX'S~1\AppData\Local\Temp\ccWAaz0A.s:210    .text.HAL_PWR_DisablePVD:0000000c $d
C:\Users\ALEX'S~1\AppData\Local\Temp\ccWAaz0A.s:215    .text.HAL_PWR_PVDCallback:00000000 $t
C:\Users\ALEX'S~1\AppData\Local\Temp\ccWAaz0A.s:223    .text.HAL_PWR_PVDCallback:00000000 HAL_PWR_PVDCallback
C:\Users\ALEX'S~1\AppData\Local\Temp\ccWAaz0A.s:236    .text.HAL_PWR_PVD_IRQHandler:00000000 $t
C:\Users\ALEX'S~1\AppData\Local\Temp\ccWAaz0A.s:244    .text.HAL_PWR_PVD_IRQHandler:00000000 HAL_PWR_PVD_IRQHandler
C:\Users\ALEX'S~1\AppData\Local\Temp\ccWAaz0A.s:274    .text.HAL_PWR_PVD_IRQHandler:00000018 $d
C:\Users\ALEX'S~1\AppData\Local\Temp\ccWAaz0A.s:279    .text.HAL_PWREx_EnableSDADC:00000000 $t
C:\Users\ALEX'S~1\AppData\Local\Temp\ccWAaz0A.s:287    .text.HAL_PWREx_EnableSDADC:00000000 HAL_PWREx_EnableSDADC
C:\Users\ALEX'S~1\AppData\Local\Temp\ccWAaz0A.s:352    .text.HAL_PWREx_EnableSDADC:00000040 $d
C:\Users\ALEX'S~1\AppData\Local\Temp\ccWAaz0A.s:359    .text.HAL_PWREx_DisableSDADC:00000000 $t
C:\Users\ALEX'S~1\AppData\Local\Temp\ccWAaz0A.s:367    .text.HAL_PWREx_DisableSDADC:00000000 HAL_PWREx_DisableSDADC
C:\Users\ALEX'S~1\AppData\Local\Temp\ccWAaz0A.s:410    .text.HAL_PWREx_DisableSDADC:0000002c $d
C:\Users\ALEX'S~1\AppData\Local\Temp\ccWAaz0A.s:416    .rodata.HAL_PWR_ConfigPVD.str1.4:00000000 $d

UNDEFINED SYMBOLS
assert_failed
