ARM GAS  C:\Users\ALEX'S~1\AppData\Local\Temp\ccGCWcnw.s 			page 1


   1              		.cpu cortex-m4
   2              		.eabi_attribute 27, 1
   3              		.eabi_attribute 28, 1
   4              		.eabi_attribute 20, 1
   5              		.eabi_attribute 21, 1
   6              		.eabi_attribute 23, 3
   7              		.eabi_attribute 24, 1
   8              		.eabi_attribute 25, 1
   9              		.eabi_attribute 26, 1
  10              		.eabi_attribute 30, 1
  11              		.eabi_attribute 34, 1
  12              		.eabi_attribute 18, 4
  13              		.file	"stm32f3xx_it.c"
  14              		.text
  15              	.Ltext0:
  16              		.cfi_sections	.debug_frame
  17              		.section	.text.NMI_Handler,"ax",%progbits
  18              		.align	1
  19              		.global	NMI_Handler
  20              		.syntax unified
  21              		.thumb
  22              		.thumb_func
  23              		.fpu fpv4-sp-d16
  25              	NMI_Handler:
  26              	.LFB131:
  27              		.file 1 "Src/stm32f3xx_it.c"
   1:Src/stm32f3xx_it.c **** /**
   2:Src/stm32f3xx_it.c ****   ******************************************************************************
   3:Src/stm32f3xx_it.c ****   * @file    stm32f3xx_it.c
   4:Src/stm32f3xx_it.c ****   * @brief   Interrupt Service Routines.
   5:Src/stm32f3xx_it.c ****   ******************************************************************************
   6:Src/stm32f3xx_it.c ****   *
   7:Src/stm32f3xx_it.c ****   * COPYRIGHT(c) 2018 STMicroelectronics
   8:Src/stm32f3xx_it.c ****   *
   9:Src/stm32f3xx_it.c ****   * Redistribution and use in source and binary forms, with or without modification,
  10:Src/stm32f3xx_it.c ****   * are permitted provided that the following conditions are met:
  11:Src/stm32f3xx_it.c ****   *   1. Redistributions of source code must retain the above copyright notice,
  12:Src/stm32f3xx_it.c ****   *      this list of conditions and the following disclaimer.
  13:Src/stm32f3xx_it.c ****   *   2. Redistributions in binary form must reproduce the above copyright notice,
  14:Src/stm32f3xx_it.c ****   *      this list of conditions and the following disclaimer in the documentation
  15:Src/stm32f3xx_it.c ****   *      and/or other materials provided with the distribution.
  16:Src/stm32f3xx_it.c ****   *   3. Neither the name of STMicroelectronics nor the names of its contributors
  17:Src/stm32f3xx_it.c ****   *      may be used to endorse or promote products derived from this software
  18:Src/stm32f3xx_it.c ****   *      without specific prior written permission.
  19:Src/stm32f3xx_it.c ****   *
  20:Src/stm32f3xx_it.c ****   * THIS SOFTWARE IS PROVIDED BY THE COPYRIGHT HOLDERS AND CONTRIBUTORS "AS IS"
  21:Src/stm32f3xx_it.c ****   * AND ANY EXPRESS OR IMPLIED WARRANTIES, INCLUDING, BUT NOT LIMITED TO, THE
  22:Src/stm32f3xx_it.c ****   * IMPLIED WARRANTIES OF MERCHANTABILITY AND FITNESS FOR A PARTICULAR PURPOSE ARE
  23:Src/stm32f3xx_it.c ****   * DISCLAIMED. IN NO EVENT SHALL THE COPYRIGHT HOLDER OR CONTRIBUTORS BE LIABLE
  24:Src/stm32f3xx_it.c ****   * FOR ANY DIRECT, INDIRECT, INCIDENTAL, SPECIAL, EXEMPLARY, OR CONSEQUENTIAL
  25:Src/stm32f3xx_it.c ****   * DAMAGES (INCLUDING, BUT NOT LIMITED TO, PROCUREMENT OF SUBSTITUTE GOODS OR
  26:Src/stm32f3xx_it.c ****   * SERVICES; LOSS OF USE, DATA, OR PROFITS; OR BUSINESS INTERRUPTION) HOWEVER
  27:Src/stm32f3xx_it.c ****   * CAUSED AND ON ANY THEORY OF LIABILITY, WHETHER IN CONTRACT, STRICT LIABILITY,
  28:Src/stm32f3xx_it.c ****   * OR TORT (INCLUDING NEGLIGENCE OR OTHERWISE) ARISING IN ANY WAY OUT OF THE USE
  29:Src/stm32f3xx_it.c ****   * OF THIS SOFTWARE, EVEN IF ADVISED OF THE POSSIBILITY OF SUCH DAMAGE.
  30:Src/stm32f3xx_it.c ****   *
  31:Src/stm32f3xx_it.c ****   ******************************************************************************
ARM GAS  C:\Users\ALEX'S~1\AppData\Local\Temp\ccGCWcnw.s 			page 2


  32:Src/stm32f3xx_it.c ****   */
  33:Src/stm32f3xx_it.c **** /* Includes ------------------------------------------------------------------*/
  34:Src/stm32f3xx_it.c **** #include "stm32f3xx_hal.h"
  35:Src/stm32f3xx_it.c **** #include "stm32f3xx.h"
  36:Src/stm32f3xx_it.c **** #include "stm32f3xx_it.h"
  37:Src/stm32f3xx_it.c **** #include "cmsis_os.h"
  38:Src/stm32f3xx_it.c **** 
  39:Src/stm32f3xx_it.c **** /* USER CODE BEGIN 0 */
  40:Src/stm32f3xx_it.c **** 
  41:Src/stm32f3xx_it.c **** /* USER CODE END 0 */
  42:Src/stm32f3xx_it.c **** 
  43:Src/stm32f3xx_it.c **** /* External variables --------------------------------------------------------*/
  44:Src/stm32f3xx_it.c **** 
  45:Src/stm32f3xx_it.c **** extern TIM_HandleTypeDef htim6;
  46:Src/stm32f3xx_it.c **** 
  47:Src/stm32f3xx_it.c **** /******************************************************************************/
  48:Src/stm32f3xx_it.c **** /*            Cortex-M4 Processor Interruption and Exception Handlers         */ 
  49:Src/stm32f3xx_it.c **** /******************************************************************************/
  50:Src/stm32f3xx_it.c **** 
  51:Src/stm32f3xx_it.c **** /**
  52:Src/stm32f3xx_it.c **** * @brief This function handles Non maskable interrupt.
  53:Src/stm32f3xx_it.c **** */
  54:Src/stm32f3xx_it.c **** void NMI_Handler(void)
  55:Src/stm32f3xx_it.c **** {
  28              		.loc 1 55 0
  29              		.cfi_startproc
  30              		@ args = 0, pretend = 0, frame = 0
  31              		@ frame_needed = 0, uses_anonymous_args = 0
  32              		@ link register save eliminated.
  56:Src/stm32f3xx_it.c ****   /* USER CODE BEGIN NonMaskableInt_IRQn 0 */
  57:Src/stm32f3xx_it.c **** 
  58:Src/stm32f3xx_it.c ****   /* USER CODE END NonMaskableInt_IRQn 0 */
  59:Src/stm32f3xx_it.c ****   /* USER CODE BEGIN NonMaskableInt_IRQn 1 */
  60:Src/stm32f3xx_it.c **** 
  61:Src/stm32f3xx_it.c ****   /* USER CODE END NonMaskableInt_IRQn 1 */
  62:Src/stm32f3xx_it.c **** }
  33              		.loc 1 62 0
  34 0000 7047     		bx	lr
  35              		.cfi_endproc
  36              	.LFE131:
  38              		.section	.text.HardFault_Handler,"ax",%progbits
  39              		.align	1
  40              		.global	HardFault_Handler
  41              		.syntax unified
  42              		.thumb
  43              		.thumb_func
  44              		.fpu fpv4-sp-d16
  46              	HardFault_Handler:
  47              	.LFB132:
  63:Src/stm32f3xx_it.c **** 
  64:Src/stm32f3xx_it.c **** /**
  65:Src/stm32f3xx_it.c **** * @brief This function handles Hard fault interrupt.
  66:Src/stm32f3xx_it.c **** */
  67:Src/stm32f3xx_it.c **** void HardFault_Handler(void)
  68:Src/stm32f3xx_it.c **** {
  48              		.loc 1 68 0
  49              		.cfi_startproc
ARM GAS  C:\Users\ALEX'S~1\AppData\Local\Temp\ccGCWcnw.s 			page 3


  50              		@ Volatile: function does not return.
  51              		@ args = 0, pretend = 0, frame = 0
  52              		@ frame_needed = 0, uses_anonymous_args = 0
  53              		@ link register save eliminated.
  54              	.L3:
  55 0000 FEE7     		b	.L3
  56              		.cfi_endproc
  57              	.LFE132:
  59              		.section	.text.MemManage_Handler,"ax",%progbits
  60              		.align	1
  61              		.global	MemManage_Handler
  62              		.syntax unified
  63              		.thumb
  64              		.thumb_func
  65              		.fpu fpv4-sp-d16
  67              	MemManage_Handler:
  68              	.LFB133:
  69:Src/stm32f3xx_it.c ****   /* USER CODE BEGIN HardFault_IRQn 0 */
  70:Src/stm32f3xx_it.c **** 
  71:Src/stm32f3xx_it.c ****   /* USER CODE END HardFault_IRQn 0 */
  72:Src/stm32f3xx_it.c ****   while (1)
  73:Src/stm32f3xx_it.c ****   {
  74:Src/stm32f3xx_it.c ****     /* USER CODE BEGIN W1_HardFault_IRQn 0 */
  75:Src/stm32f3xx_it.c ****     /* USER CODE END W1_HardFault_IRQn 0 */
  76:Src/stm32f3xx_it.c ****   }
  77:Src/stm32f3xx_it.c ****   /* USER CODE BEGIN HardFault_IRQn 1 */
  78:Src/stm32f3xx_it.c **** 
  79:Src/stm32f3xx_it.c ****   /* USER CODE END HardFault_IRQn 1 */
  80:Src/stm32f3xx_it.c **** }
  81:Src/stm32f3xx_it.c **** 
  82:Src/stm32f3xx_it.c **** /**
  83:Src/stm32f3xx_it.c **** * @brief This function handles Memory management fault.
  84:Src/stm32f3xx_it.c **** */
  85:Src/stm32f3xx_it.c **** void MemManage_Handler(void)
  86:Src/stm32f3xx_it.c **** {
  69              		.loc 1 86 0
  70              		.cfi_startproc
  71              		@ Volatile: function does not return.
  72              		@ args = 0, pretend = 0, frame = 0
  73              		@ frame_needed = 0, uses_anonymous_args = 0
  74              		@ link register save eliminated.
  75              	.L5:
  76 0000 FEE7     		b	.L5
  77              		.cfi_endproc
  78              	.LFE133:
  80              		.section	.text.BusFault_Handler,"ax",%progbits
  81              		.align	1
  82              		.global	BusFault_Handler
  83              		.syntax unified
  84              		.thumb
  85              		.thumb_func
  86              		.fpu fpv4-sp-d16
  88              	BusFault_Handler:
  89              	.LFB134:
  87:Src/stm32f3xx_it.c ****   /* USER CODE BEGIN MemoryManagement_IRQn 0 */
  88:Src/stm32f3xx_it.c **** 
  89:Src/stm32f3xx_it.c ****   /* USER CODE END MemoryManagement_IRQn 0 */
ARM GAS  C:\Users\ALEX'S~1\AppData\Local\Temp\ccGCWcnw.s 			page 4


  90:Src/stm32f3xx_it.c ****   while (1)
  91:Src/stm32f3xx_it.c ****   {
  92:Src/stm32f3xx_it.c ****     /* USER CODE BEGIN W1_MemoryManagement_IRQn 0 */
  93:Src/stm32f3xx_it.c ****     /* USER CODE END W1_MemoryManagement_IRQn 0 */
  94:Src/stm32f3xx_it.c ****   }
  95:Src/stm32f3xx_it.c ****   /* USER CODE BEGIN MemoryManagement_IRQn 1 */
  96:Src/stm32f3xx_it.c **** 
  97:Src/stm32f3xx_it.c ****   /* USER CODE END MemoryManagement_IRQn 1 */
  98:Src/stm32f3xx_it.c **** }
  99:Src/stm32f3xx_it.c **** 
 100:Src/stm32f3xx_it.c **** /**
 101:Src/stm32f3xx_it.c **** * @brief This function handles Prefetch fault, memory access fault.
 102:Src/stm32f3xx_it.c **** */
 103:Src/stm32f3xx_it.c **** void BusFault_Handler(void)
 104:Src/stm32f3xx_it.c **** {
  90              		.loc 1 104 0
  91              		.cfi_startproc
  92              		@ Volatile: function does not return.
  93              		@ args = 0, pretend = 0, frame = 0
  94              		@ frame_needed = 0, uses_anonymous_args = 0
  95              		@ link register save eliminated.
  96              	.L7:
  97 0000 FEE7     		b	.L7
  98              		.cfi_endproc
  99              	.LFE134:
 101              		.section	.text.UsageFault_Handler,"ax",%progbits
 102              		.align	1
 103              		.global	UsageFault_Handler
 104              		.syntax unified
 105              		.thumb
 106              		.thumb_func
 107              		.fpu fpv4-sp-d16
 109              	UsageFault_Handler:
 110              	.LFB135:
 105:Src/stm32f3xx_it.c ****   /* USER CODE BEGIN BusFault_IRQn 0 */
 106:Src/stm32f3xx_it.c **** 
 107:Src/stm32f3xx_it.c ****   /* USER CODE END BusFault_IRQn 0 */
 108:Src/stm32f3xx_it.c ****   while (1)
 109:Src/stm32f3xx_it.c ****   {
 110:Src/stm32f3xx_it.c ****     /* USER CODE BEGIN W1_BusFault_IRQn 0 */
 111:Src/stm32f3xx_it.c ****     /* USER CODE END W1_BusFault_IRQn 0 */
 112:Src/stm32f3xx_it.c ****   }
 113:Src/stm32f3xx_it.c ****   /* USER CODE BEGIN BusFault_IRQn 1 */
 114:Src/stm32f3xx_it.c **** 
 115:Src/stm32f3xx_it.c ****   /* USER CODE END BusFault_IRQn 1 */
 116:Src/stm32f3xx_it.c **** }
 117:Src/stm32f3xx_it.c **** 
 118:Src/stm32f3xx_it.c **** /**
 119:Src/stm32f3xx_it.c **** * @brief This function handles Undefined instruction or illegal state.
 120:Src/stm32f3xx_it.c **** */
 121:Src/stm32f3xx_it.c **** void UsageFault_Handler(void)
 122:Src/stm32f3xx_it.c **** {
 111              		.loc 1 122 0
 112              		.cfi_startproc
 113              		@ Volatile: function does not return.
 114              		@ args = 0, pretend = 0, frame = 0
 115              		@ frame_needed = 0, uses_anonymous_args = 0
ARM GAS  C:\Users\ALEX'S~1\AppData\Local\Temp\ccGCWcnw.s 			page 5


 116              		@ link register save eliminated.
 117              	.L9:
 118 0000 FEE7     		b	.L9
 119              		.cfi_endproc
 120              	.LFE135:
 122              		.section	.text.DebugMon_Handler,"ax",%progbits
 123              		.align	1
 124              		.global	DebugMon_Handler
 125              		.syntax unified
 126              		.thumb
 127              		.thumb_func
 128              		.fpu fpv4-sp-d16
 130              	DebugMon_Handler:
 131              	.LFB136:
 123:Src/stm32f3xx_it.c ****   /* USER CODE BEGIN UsageFault_IRQn 0 */
 124:Src/stm32f3xx_it.c **** 
 125:Src/stm32f3xx_it.c ****   /* USER CODE END UsageFault_IRQn 0 */
 126:Src/stm32f3xx_it.c ****   while (1)
 127:Src/stm32f3xx_it.c ****   {
 128:Src/stm32f3xx_it.c ****     /* USER CODE BEGIN W1_UsageFault_IRQn 0 */
 129:Src/stm32f3xx_it.c ****     /* USER CODE END W1_UsageFault_IRQn 0 */
 130:Src/stm32f3xx_it.c ****   }
 131:Src/stm32f3xx_it.c ****   /* USER CODE BEGIN UsageFault_IRQn 1 */
 132:Src/stm32f3xx_it.c **** 
 133:Src/stm32f3xx_it.c ****   /* USER CODE END UsageFault_IRQn 1 */
 134:Src/stm32f3xx_it.c **** }
 135:Src/stm32f3xx_it.c **** 
 136:Src/stm32f3xx_it.c **** /**
 137:Src/stm32f3xx_it.c **** * @brief This function handles Debug monitor.
 138:Src/stm32f3xx_it.c **** */
 139:Src/stm32f3xx_it.c **** void DebugMon_Handler(void)
 140:Src/stm32f3xx_it.c **** {
 132              		.loc 1 140 0
 133              		.cfi_startproc
 134              		@ args = 0, pretend = 0, frame = 0
 135              		@ frame_needed = 0, uses_anonymous_args = 0
 136              		@ link register save eliminated.
 141:Src/stm32f3xx_it.c ****   /* USER CODE BEGIN DebugMonitor_IRQn 0 */
 142:Src/stm32f3xx_it.c **** 
 143:Src/stm32f3xx_it.c ****   /* USER CODE END DebugMonitor_IRQn 0 */
 144:Src/stm32f3xx_it.c ****   /* USER CODE BEGIN DebugMonitor_IRQn 1 */
 145:Src/stm32f3xx_it.c **** 
 146:Src/stm32f3xx_it.c ****   /* USER CODE END DebugMonitor_IRQn 1 */
 147:Src/stm32f3xx_it.c **** }
 137              		.loc 1 147 0
 138 0000 7047     		bx	lr
 139              		.cfi_endproc
 140              	.LFE136:
 142              		.section	.text.SysTick_Handler,"ax",%progbits
 143              		.align	1
 144              		.global	SysTick_Handler
 145              		.syntax unified
 146              		.thumb
 147              		.thumb_func
 148              		.fpu fpv4-sp-d16
 150              	SysTick_Handler:
 151              	.LFB137:
ARM GAS  C:\Users\ALEX'S~1\AppData\Local\Temp\ccGCWcnw.s 			page 6


 148:Src/stm32f3xx_it.c **** 
 149:Src/stm32f3xx_it.c **** /**
 150:Src/stm32f3xx_it.c **** * @brief This function handles System tick timer.
 151:Src/stm32f3xx_it.c **** */
 152:Src/stm32f3xx_it.c **** void SysTick_Handler(void)
 153:Src/stm32f3xx_it.c **** {
 152              		.loc 1 153 0
 153              		.cfi_startproc
 154              		@ args = 0, pretend = 0, frame = 0
 155              		@ frame_needed = 0, uses_anonymous_args = 0
 156 0000 08B5     		push	{r3, lr}
 157              	.LCFI0:
 158              		.cfi_def_cfa_offset 8
 159              		.cfi_offset 3, -8
 160              		.cfi_offset 14, -4
 154:Src/stm32f3xx_it.c ****   /* USER CODE BEGIN SysTick_IRQn 0 */
 155:Src/stm32f3xx_it.c **** 
 156:Src/stm32f3xx_it.c ****   /* USER CODE END SysTick_IRQn 0 */
 157:Src/stm32f3xx_it.c ****   osSystickHandler();
 161              		.loc 1 157 0
 162 0002 FFF7FEFF 		bl	osSystickHandler
 163              	.LVL0:
 158:Src/stm32f3xx_it.c ****   /* USER CODE BEGIN SysTick_IRQn 1 */
 159:Src/stm32f3xx_it.c **** 
 160:Src/stm32f3xx_it.c ****   /* USER CODE END SysTick_IRQn 1 */
 161:Src/stm32f3xx_it.c **** }
 164              		.loc 1 161 0
 165 0006 08BD     		pop	{r3, pc}
 166              		.cfi_endproc
 167              	.LFE137:
 169              		.section	.text.TIM6_DAC1_IRQHandler,"ax",%progbits
 170              		.align	1
 171              		.global	TIM6_DAC1_IRQHandler
 172              		.syntax unified
 173              		.thumb
 174              		.thumb_func
 175              		.fpu fpv4-sp-d16
 177              	TIM6_DAC1_IRQHandler:
 178              	.LFB138:
 162:Src/stm32f3xx_it.c **** 
 163:Src/stm32f3xx_it.c **** /******************************************************************************/
 164:Src/stm32f3xx_it.c **** /* STM32F3xx Peripheral Interrupt Handlers                                    */
 165:Src/stm32f3xx_it.c **** /* Add here the Interrupt Handlers for the used peripherals.                  */
 166:Src/stm32f3xx_it.c **** /* For the available peripheral interrupt handler names,                      */
 167:Src/stm32f3xx_it.c **** /* please refer to the startup file (startup_stm32f3xx.s).                    */
 168:Src/stm32f3xx_it.c **** /******************************************************************************/
 169:Src/stm32f3xx_it.c **** 
 170:Src/stm32f3xx_it.c **** /**
 171:Src/stm32f3xx_it.c **** * @brief This function handles TIM6 global interrupt and DAC1 underrun error interrupts.
 172:Src/stm32f3xx_it.c **** */
 173:Src/stm32f3xx_it.c **** void TIM6_DAC1_IRQHandler(void)
 174:Src/stm32f3xx_it.c **** {
 179              		.loc 1 174 0
 180              		.cfi_startproc
 181              		@ args = 0, pretend = 0, frame = 0
 182              		@ frame_needed = 0, uses_anonymous_args = 0
 183 0000 08B5     		push	{r3, lr}
ARM GAS  C:\Users\ALEX'S~1\AppData\Local\Temp\ccGCWcnw.s 			page 7


 184              	.LCFI1:
 185              		.cfi_def_cfa_offset 8
 186              		.cfi_offset 3, -8
 187              		.cfi_offset 14, -4
 175:Src/stm32f3xx_it.c ****   /* USER CODE BEGIN TIM6_DAC1_IRQn 0 */
 176:Src/stm32f3xx_it.c **** 
 177:Src/stm32f3xx_it.c ****   /* USER CODE END TIM6_DAC1_IRQn 0 */
 178:Src/stm32f3xx_it.c ****   HAL_TIM_IRQHandler(&htim6);
 188              		.loc 1 178 0
 189 0002 0248     		ldr	r0, .L15
 190 0004 FFF7FEFF 		bl	HAL_TIM_IRQHandler
 191              	.LVL1:
 179:Src/stm32f3xx_it.c ****   /* USER CODE BEGIN TIM6_DAC1_IRQn 1 */
 180:Src/stm32f3xx_it.c **** 
 181:Src/stm32f3xx_it.c ****   /* USER CODE END TIM6_DAC1_IRQn 1 */
 182:Src/stm32f3xx_it.c **** }
 192              		.loc 1 182 0
 193 0008 08BD     		pop	{r3, pc}
 194              	.L16:
 195 000a 00BF     		.align	2
 196              	.L15:
 197 000c 00000000 		.word	htim6
 198              		.cfi_endproc
 199              	.LFE138:
 201              		.text
 202              	.Letext0:
 203              		.file 2 "c:\\program files (x86)\\gnu tools arm embedded\\7 2018-q2-update\\arm-none-eabi\\include
 204              		.file 3 "c:\\program files (x86)\\gnu tools arm embedded\\7 2018-q2-update\\arm-none-eabi\\include
 205              		.file 4 "Drivers/CMSIS/Include/core_cm4.h"
 206              		.file 5 "Drivers/CMSIS/Device/ST/STM32F3xx/Include/system_stm32f3xx.h"
 207              		.file 6 "Drivers/CMSIS/Device/ST/STM32F3xx/Include/stm32f373xc.h"
 208              		.file 7 "c:\\program files (x86)\\gnu tools arm embedded\\7 2018-q2-update\\arm-none-eabi\\include
 209              		.file 8 "c:\\program files (x86)\\gnu tools arm embedded\\7 2018-q2-update\\arm-none-eabi\\include
 210              		.file 9 "c:\\program files (x86)\\gnu tools arm embedded\\7 2018-q2-update\\lib\\gcc\\arm-none-eab
 211              		.file 10 "c:\\program files (x86)\\gnu tools arm embedded\\7 2018-q2-update\\arm-none-eabi\\includ
 212              		.file 11 "Drivers/STM32F3xx_HAL_Driver/Inc/stm32f3xx_hal_def.h"
 213              		.file 12 "Drivers/STM32F3xx_HAL_Driver/Inc/stm32f3xx_hal_dma.h"
 214              		.file 13 "Drivers/STM32F3xx_HAL_Driver/Inc/stm32f3xx_hal_tim.h"
 215              		.file 14 "Middlewares/Third_Party/FreeRTOS/Source/CMSIS_RTOS/cmsis_os.h"
ARM GAS  C:\Users\ALEX'S~1\AppData\Local\Temp\ccGCWcnw.s 			page 8


DEFINED SYMBOLS
                            *ABS*:00000000 stm32f3xx_it.c
C:\Users\ALEX'S~1\AppData\Local\Temp\ccGCWcnw.s:18     .text.NMI_Handler:00000000 $t
C:\Users\ALEX'S~1\AppData\Local\Temp\ccGCWcnw.s:25     .text.NMI_Handler:00000000 NMI_Handler
C:\Users\ALEX'S~1\AppData\Local\Temp\ccGCWcnw.s:39     .text.HardFault_Handler:00000000 $t
C:\Users\ALEX'S~1\AppData\Local\Temp\ccGCWcnw.s:46     .text.HardFault_Handler:00000000 HardFault_Handler
C:\Users\ALEX'S~1\AppData\Local\Temp\ccGCWcnw.s:60     .text.MemManage_Handler:00000000 $t
C:\Users\ALEX'S~1\AppData\Local\Temp\ccGCWcnw.s:67     .text.MemManage_Handler:00000000 MemManage_Handler
C:\Users\ALEX'S~1\AppData\Local\Temp\ccGCWcnw.s:81     .text.BusFault_Handler:00000000 $t
C:\Users\ALEX'S~1\AppData\Local\Temp\ccGCWcnw.s:88     .text.BusFault_Handler:00000000 BusFault_Handler
C:\Users\ALEX'S~1\AppData\Local\Temp\ccGCWcnw.s:102    .text.UsageFault_Handler:00000000 $t
C:\Users\ALEX'S~1\AppData\Local\Temp\ccGCWcnw.s:109    .text.UsageFault_Handler:00000000 UsageFault_Handler
C:\Users\ALEX'S~1\AppData\Local\Temp\ccGCWcnw.s:123    .text.DebugMon_Handler:00000000 $t
C:\Users\ALEX'S~1\AppData\Local\Temp\ccGCWcnw.s:130    .text.DebugMon_Handler:00000000 DebugMon_Handler
C:\Users\ALEX'S~1\AppData\Local\Temp\ccGCWcnw.s:143    .text.SysTick_Handler:00000000 $t
C:\Users\ALEX'S~1\AppData\Local\Temp\ccGCWcnw.s:150    .text.SysTick_Handler:00000000 SysTick_Handler
C:\Users\ALEX'S~1\AppData\Local\Temp\ccGCWcnw.s:170    .text.TIM6_DAC1_IRQHandler:00000000 $t
C:\Users\ALEX'S~1\AppData\Local\Temp\ccGCWcnw.s:177    .text.TIM6_DAC1_IRQHandler:00000000 TIM6_DAC1_IRQHandler
C:\Users\ALEX'S~1\AppData\Local\Temp\ccGCWcnw.s:197    .text.TIM6_DAC1_IRQHandler:0000000c $d

UNDEFINED SYMBOLS
osSystickHandler
HAL_TIM_IRQHandler
htim6
