ARM GAS  C:\Users\ALEXWO~1\AppData\Local\Temp\ccMhgALo.s 			page 1


   1              		.cpu cortex-m4
   2              		.eabi_attribute 27, 1
   3              		.eabi_attribute 28, 1
   4              		.eabi_attribute 20, 1
   5              		.eabi_attribute 21, 1
   6              		.eabi_attribute 23, 3
   7              		.eabi_attribute 24, 1
   8              		.eabi_attribute 25, 1
   9              		.eabi_attribute 26, 1
  10              		.eabi_attribute 30, 2
  11              		.eabi_attribute 34, 1
  12              		.eabi_attribute 18, 4
  13              		.file	"stm32f3xx_hal_timebase_TIM.c"
  14              		.text
  15              	.Ltext0:
  16              		.cfi_sections	.debug_frame
  17              		.section	.text.HAL_InitTick,"ax",%progbits
  18              		.align	1
  19              		.p2align 2,,3
  20              		.global	HAL_InitTick
  21              		.syntax unified
  22              		.thumb
  23              		.thumb_func
  24              		.fpu fpv4-sp-d16
  26              	HAL_InitTick:
  27              	.LFB126:
  28              		.file 1 "Src/stm32f3xx_hal_timebase_TIM.c"
   1:Src/stm32f3xx_hal_timebase_TIM.c **** /**
   2:Src/stm32f3xx_hal_timebase_TIM.c ****   ******************************************************************************
   3:Src/stm32f3xx_hal_timebase_TIM.c ****   * @file    stm32f3xx_hal_timebase_TIM.c 
   4:Src/stm32f3xx_hal_timebase_TIM.c ****   * @brief   HAL time base based on the hardware TIM.
   5:Src/stm32f3xx_hal_timebase_TIM.c ****   ******************************************************************************
   6:Src/stm32f3xx_hal_timebase_TIM.c ****   * This notice applies to any and all portions of this file
   7:Src/stm32f3xx_hal_timebase_TIM.c ****   * that are not between comment pairs USER CODE BEGIN and
   8:Src/stm32f3xx_hal_timebase_TIM.c ****   * USER CODE END. Other portions of this file, whether 
   9:Src/stm32f3xx_hal_timebase_TIM.c ****   * inserted by the user or by software development tools
  10:Src/stm32f3xx_hal_timebase_TIM.c ****   * are owned by their respective copyright owners.
  11:Src/stm32f3xx_hal_timebase_TIM.c ****   *
  12:Src/stm32f3xx_hal_timebase_TIM.c ****   * Copyright (c) 2018 STMicroelectronics International N.V. 
  13:Src/stm32f3xx_hal_timebase_TIM.c ****   * All rights reserved.
  14:Src/stm32f3xx_hal_timebase_TIM.c ****   *
  15:Src/stm32f3xx_hal_timebase_TIM.c ****   * Redistribution and use in source and binary forms, with or without 
  16:Src/stm32f3xx_hal_timebase_TIM.c ****   * modification, are permitted, provided that the following conditions are met:
  17:Src/stm32f3xx_hal_timebase_TIM.c ****   *
  18:Src/stm32f3xx_hal_timebase_TIM.c ****   * 1. Redistribution of source code must retain the above copyright notice, 
  19:Src/stm32f3xx_hal_timebase_TIM.c ****   *    this list of conditions and the following disclaimer.
  20:Src/stm32f3xx_hal_timebase_TIM.c ****   * 2. Redistributions in binary form must reproduce the above copyright notice,
  21:Src/stm32f3xx_hal_timebase_TIM.c ****   *    this list of conditions and the following disclaimer in the documentation
  22:Src/stm32f3xx_hal_timebase_TIM.c ****   *    and/or other materials provided with the distribution.
  23:Src/stm32f3xx_hal_timebase_TIM.c ****   * 3. Neither the name of STMicroelectronics nor the names of other 
  24:Src/stm32f3xx_hal_timebase_TIM.c ****   *    contributors to this software may be used to endorse or promote products 
  25:Src/stm32f3xx_hal_timebase_TIM.c ****   *    derived from this software without specific written permission.
  26:Src/stm32f3xx_hal_timebase_TIM.c ****   * 4. This software, including modifications and/or derivative works of this 
  27:Src/stm32f3xx_hal_timebase_TIM.c ****   *    software, must execute solely and exclusively on microcontroller or
  28:Src/stm32f3xx_hal_timebase_TIM.c ****   *    microprocessor devices manufactured by or for STMicroelectronics.
  29:Src/stm32f3xx_hal_timebase_TIM.c ****   * 5. Redistribution and use of this software other than as permitted under 
  30:Src/stm32f3xx_hal_timebase_TIM.c ****   *    this license is void and will automatically terminate your rights under 
ARM GAS  C:\Users\ALEXWO~1\AppData\Local\Temp\ccMhgALo.s 			page 2


  31:Src/stm32f3xx_hal_timebase_TIM.c ****   *    this license. 
  32:Src/stm32f3xx_hal_timebase_TIM.c ****   *
  33:Src/stm32f3xx_hal_timebase_TIM.c ****   * THIS SOFTWARE IS PROVIDED BY STMICROELECTRONICS AND CONTRIBUTORS "AS IS" 
  34:Src/stm32f3xx_hal_timebase_TIM.c ****   * AND ANY EXPRESS, IMPLIED OR STATUTORY WARRANTIES, INCLUDING, BUT NOT 
  35:Src/stm32f3xx_hal_timebase_TIM.c ****   * LIMITED TO, THE IMPLIED WARRANTIES OF MERCHANTABILITY, FITNESS FOR A 
  36:Src/stm32f3xx_hal_timebase_TIM.c ****   * PARTICULAR PURPOSE AND NON-INFRINGEMENT OF THIRD PARTY INTELLECTUAL PROPERTY
  37:Src/stm32f3xx_hal_timebase_TIM.c ****   * RIGHTS ARE DISCLAIMED TO THE FULLEST EXTENT PERMITTED BY LAW. IN NO EVENT 
  38:Src/stm32f3xx_hal_timebase_TIM.c ****   * SHALL STMICROELECTRONICS OR CONTRIBUTORS BE LIABLE FOR ANY DIRECT, INDIRECT,
  39:Src/stm32f3xx_hal_timebase_TIM.c ****   * INCIDENTAL, SPECIAL, EXEMPLARY, OR CONSEQUENTIAL DAMAGES (INCLUDING, BUT NOT
  40:Src/stm32f3xx_hal_timebase_TIM.c ****   * LIMITED TO, PROCUREMENT OF SUBSTITUTE GOODS OR SERVICES; LOSS OF USE, DATA, 
  41:Src/stm32f3xx_hal_timebase_TIM.c ****   * OR PROFITS; OR BUSINESS INTERRUPTION) HOWEVER CAUSED AND ON ANY THEORY OF 
  42:Src/stm32f3xx_hal_timebase_TIM.c ****   * LIABILITY, WHETHER IN CONTRACT, STRICT LIABILITY, OR TORT (INCLUDING 
  43:Src/stm32f3xx_hal_timebase_TIM.c ****   * NEGLIGENCE OR OTHERWISE) ARISING IN ANY WAY OUT OF THE USE OF THIS SOFTWARE,
  44:Src/stm32f3xx_hal_timebase_TIM.c ****   * EVEN IF ADVISED OF THE POSSIBILITY OF SUCH DAMAGE.
  45:Src/stm32f3xx_hal_timebase_TIM.c ****   *
  46:Src/stm32f3xx_hal_timebase_TIM.c ****   ******************************************************************************
  47:Src/stm32f3xx_hal_timebase_TIM.c ****   */
  48:Src/stm32f3xx_hal_timebase_TIM.c **** 
  49:Src/stm32f3xx_hal_timebase_TIM.c **** /* Includes ------------------------------------------------------------------*/
  50:Src/stm32f3xx_hal_timebase_TIM.c **** #include "stm32f3xx_hal.h"
  51:Src/stm32f3xx_hal_timebase_TIM.c **** #include "stm32f3xx_hal_tim.h"
  52:Src/stm32f3xx_hal_timebase_TIM.c **** /** @addtogroup STM32F7xx_HAL_Examples
  53:Src/stm32f3xx_hal_timebase_TIM.c ****   * @{
  54:Src/stm32f3xx_hal_timebase_TIM.c ****   */
  55:Src/stm32f3xx_hal_timebase_TIM.c **** 
  56:Src/stm32f3xx_hal_timebase_TIM.c **** /** @addtogroup HAL_TimeBase
  57:Src/stm32f3xx_hal_timebase_TIM.c ****   * @{
  58:Src/stm32f3xx_hal_timebase_TIM.c ****   */ 
  59:Src/stm32f3xx_hal_timebase_TIM.c **** 
  60:Src/stm32f3xx_hal_timebase_TIM.c **** /* Private typedef -----------------------------------------------------------*/
  61:Src/stm32f3xx_hal_timebase_TIM.c **** /* Private define ------------------------------------------------------------*/
  62:Src/stm32f3xx_hal_timebase_TIM.c **** /* Private macro -------------------------------------------------------------*/
  63:Src/stm32f3xx_hal_timebase_TIM.c **** /* Private variables ---------------------------------------------------------*/
  64:Src/stm32f3xx_hal_timebase_TIM.c **** TIM_HandleTypeDef        htim6; 
  65:Src/stm32f3xx_hal_timebase_TIM.c **** uint32_t                 uwIncrementState = 0;
  66:Src/stm32f3xx_hal_timebase_TIM.c **** /* Private function prototypes -----------------------------------------------*/
  67:Src/stm32f3xx_hal_timebase_TIM.c **** /* Private functions ---------------------------------------------------------*/
  68:Src/stm32f3xx_hal_timebase_TIM.c **** 
  69:Src/stm32f3xx_hal_timebase_TIM.c **** /**
  70:Src/stm32f3xx_hal_timebase_TIM.c ****   * @brief  This function configures the TIM6 as a time base source. 
  71:Src/stm32f3xx_hal_timebase_TIM.c ****   *         The time source is configured  to have 1ms time base with a dedicated 
  72:Src/stm32f3xx_hal_timebase_TIM.c ****   *         Tick interrupt priority. 
  73:Src/stm32f3xx_hal_timebase_TIM.c ****   * @note   This function is called  automatically at the beginning of program after
  74:Src/stm32f3xx_hal_timebase_TIM.c ****   *         reset by HAL_Init() or at any time when clock is configured, by HAL_RCC_ClockConfig(). 
  75:Src/stm32f3xx_hal_timebase_TIM.c ****   * @param  TickPriority: Tick interrupt priorty.
  76:Src/stm32f3xx_hal_timebase_TIM.c ****   * @retval HAL status
  77:Src/stm32f3xx_hal_timebase_TIM.c ****   */
  78:Src/stm32f3xx_hal_timebase_TIM.c **** HAL_StatusTypeDef HAL_InitTick(uint32_t TickPriority)
  79:Src/stm32f3xx_hal_timebase_TIM.c **** {
  29              		.loc 1 79 0
  30              		.cfi_startproc
  31              		@ args = 0, pretend = 0, frame = 32
  32              		@ frame_needed = 0, uses_anonymous_args = 0
  33              	.LVL0:
  34 0000 10B5     		push	{r4, lr}
  35              	.LCFI0:
  36              		.cfi_def_cfa_offset 8
ARM GAS  C:\Users\ALEXWO~1\AppData\Local\Temp\ccMhgALo.s 			page 3


  37              		.cfi_offset 4, -8
  38              		.cfi_offset 14, -4
  80:Src/stm32f3xx_hal_timebase_TIM.c ****   RCC_ClkInitTypeDef    clkconfig;
  81:Src/stm32f3xx_hal_timebase_TIM.c ****   uint32_t              uwTimclock = 0;
  82:Src/stm32f3xx_hal_timebase_TIM.c ****   uint32_t              uwPrescalerValue = 0;
  83:Src/stm32f3xx_hal_timebase_TIM.c ****   uint32_t              pFLatency;
  84:Src/stm32f3xx_hal_timebase_TIM.c ****   
  85:Src/stm32f3xx_hal_timebase_TIM.c ****   /*Configure the TIM6 IRQ priority */
  86:Src/stm32f3xx_hal_timebase_TIM.c ****   HAL_NVIC_SetPriority(TIM6_DAC1_IRQn, TickPriority ,0); 
  39              		.loc 1 86 0
  40 0002 0146     		mov	r1, r0
  79:Src/stm32f3xx_hal_timebase_TIM.c ****   RCC_ClkInitTypeDef    clkconfig;
  41              		.loc 1 79 0
  42 0004 88B0     		sub	sp, sp, #32
  43              	.LCFI1:
  44              		.cfi_def_cfa_offset 40
  45              		.loc 1 86 0
  46 0006 0022     		movs	r2, #0
  47 0008 3620     		movs	r0, #54
  48              	.LVL1:
  49 000a FFF7FEFF 		bl	HAL_NVIC_SetPriority
  50              	.LVL2:
  87:Src/stm32f3xx_hal_timebase_TIM.c ****   
  88:Src/stm32f3xx_hal_timebase_TIM.c ****   /* Enable the TIM6 global Interrupt */
  89:Src/stm32f3xx_hal_timebase_TIM.c ****   HAL_NVIC_EnableIRQ(TIM6_DAC1_IRQn); 
  51              		.loc 1 89 0
  52 000e 3620     		movs	r0, #54
  53 0010 FFF7FEFF 		bl	HAL_NVIC_EnableIRQ
  54              	.LVL3:
  55              	.LBB2:
  90:Src/stm32f3xx_hal_timebase_TIM.c ****   
  91:Src/stm32f3xx_hal_timebase_TIM.c ****   /* Enable TIM6 clock */
  92:Src/stm32f3xx_hal_timebase_TIM.c ****   __HAL_RCC_TIM6_CLK_ENABLE();
  56              		.loc 1 92 0
  57 0014 154B     		ldr	r3, .L7
  58              	.LBE2:
  93:Src/stm32f3xx_hal_timebase_TIM.c ****   
  94:Src/stm32f3xx_hal_timebase_TIM.c ****   /* Get clock configuration */
  95:Src/stm32f3xx_hal_timebase_TIM.c ****   HAL_RCC_GetClockConfig(&clkconfig, &pFLatency);
  96:Src/stm32f3xx_hal_timebase_TIM.c ****   
  97:Src/stm32f3xx_hal_timebase_TIM.c ****   /* Compute TIM6 clock */
  98:Src/stm32f3xx_hal_timebase_TIM.c ****   uwTimclock = 2*HAL_RCC_GetPCLK1Freq();
  99:Src/stm32f3xx_hal_timebase_TIM.c ****    
 100:Src/stm32f3xx_hal_timebase_TIM.c ****   /* Compute the prescaler value to have TIM6 counter clock equal to 1MHz */
 101:Src/stm32f3xx_hal_timebase_TIM.c ****   uwPrescalerValue = (uint32_t) ((uwTimclock / 1000000) - 1);
 102:Src/stm32f3xx_hal_timebase_TIM.c ****   
 103:Src/stm32f3xx_hal_timebase_TIM.c ****   /* Initialize TIM6 */
 104:Src/stm32f3xx_hal_timebase_TIM.c ****   htim6.Instance = TIM6;
  59              		.loc 1 104 0
  60 0016 164C     		ldr	r4, .L7+4
  61              	.LBB3:
  92:Src/stm32f3xx_hal_timebase_TIM.c ****   
  62              		.loc 1 92 0
  63 0018 DA69     		ldr	r2, [r3, #28]
  64 001a 42F01002 		orr	r2, r2, #16
  65 001e DA61     		str	r2, [r3, #28]
  66 0020 DB69     		ldr	r3, [r3, #28]
ARM GAS  C:\Users\ALEXWO~1\AppData\Local\Temp\ccMhgALo.s 			page 4


  67 0022 03F01003 		and	r3, r3, #16
  68              	.LBE3:
  95:Src/stm32f3xx_hal_timebase_TIM.c ****   
  69              		.loc 1 95 0
  70 0026 01A9     		add	r1, sp, #4
  71              	.LBB4:
  92:Src/stm32f3xx_hal_timebase_TIM.c ****   
  72              		.loc 1 92 0
  73 0028 0293     		str	r3, [sp, #8]
  74              	.LBE4:
  95:Src/stm32f3xx_hal_timebase_TIM.c ****   
  75              		.loc 1 95 0
  76 002a 03A8     		add	r0, sp, #12
  77              	.LBB5:
  92:Src/stm32f3xx_hal_timebase_TIM.c ****   
  78              		.loc 1 92 0
  79 002c 029B     		ldr	r3, [sp, #8]
  80              	.LBE5:
  95:Src/stm32f3xx_hal_timebase_TIM.c ****   
  81              		.loc 1 95 0
  82 002e FFF7FEFF 		bl	HAL_RCC_GetClockConfig
  83              	.LVL4:
  98:Src/stm32f3xx_hal_timebase_TIM.c ****    
  84              		.loc 1 98 0
  85 0032 FFF7FEFF 		bl	HAL_RCC_GetPCLK1Freq
  86              	.LVL5:
 101:Src/stm32f3xx_hal_timebase_TIM.c ****   
  87              		.loc 1 101 0
  88 0036 0F4A     		ldr	r2, .L7+8
  89              		.loc 1 104 0
  90 0038 0F4B     		ldr	r3, .L7+12
  91 003a 2360     		str	r3, [r4]
  98:Src/stm32f3xx_hal_timebase_TIM.c ****    
  92              		.loc 1 98 0
  93 003c 4300     		lsls	r3, r0, #1
  94              	.LVL6:
 101:Src/stm32f3xx_hal_timebase_TIM.c ****   
  95              		.loc 1 101 0
  96 003e A2FB0323 		umull	r2, r3, r2, r3
  97              	.LVL7:
  98 0042 9B0C     		lsrs	r3, r3, #18
 105:Src/stm32f3xx_hal_timebase_TIM.c ****   
 106:Src/stm32f3xx_hal_timebase_TIM.c ****   /* Initialize TIMx peripheral as follow:
 107:Src/stm32f3xx_hal_timebase_TIM.c ****   + Period = [(TIM6CLK/1000) - 1]. to have a (1/1000) s time base.
 108:Src/stm32f3xx_hal_timebase_TIM.c ****   + Prescaler = (uwTimclock/1000000 - 1) to have a 1MHz counter clock.
 109:Src/stm32f3xx_hal_timebase_TIM.c ****   + ClockDivision = 0
 110:Src/stm32f3xx_hal_timebase_TIM.c ****   + Counter direction = Up
 111:Src/stm32f3xx_hal_timebase_TIM.c ****   */
 112:Src/stm32f3xx_hal_timebase_TIM.c ****   htim6.Init.Period = (1000000 / 1000) - 1;
 113:Src/stm32f3xx_hal_timebase_TIM.c ****   htim6.Init.Prescaler = uwPrescalerValue;
 114:Src/stm32f3xx_hal_timebase_TIM.c ****   htim6.Init.ClockDivision = 0;
  99              		.loc 1 114 0
 100 0044 0022     		movs	r2, #0
 101:Src/stm32f3xx_hal_timebase_TIM.c ****   
 101              		.loc 1 101 0
 102 0046 013B     		subs	r3, r3, #1
 112:Src/stm32f3xx_hal_timebase_TIM.c ****   htim6.Init.Prescaler = uwPrescalerValue;
ARM GAS  C:\Users\ALEXWO~1\AppData\Local\Temp\ccMhgALo.s 			page 5


 103              		.loc 1 112 0
 104 0048 40F2E731 		movw	r1, #999
 115:Src/stm32f3xx_hal_timebase_TIM.c ****   htim6.Init.CounterMode = TIM_COUNTERMODE_UP;
 116:Src/stm32f3xx_hal_timebase_TIM.c ****   if(HAL_TIM_Base_Init(&htim6) == HAL_OK)
 105              		.loc 1 116 0
 106 004c 2046     		mov	r0, r4
 107              	.LVL8:
 113:Src/stm32f3xx_hal_timebase_TIM.c ****   htim6.Init.ClockDivision = 0;
 108              		.loc 1 113 0
 109 004e 6360     		str	r3, [r4, #4]
 114:Src/stm32f3xx_hal_timebase_TIM.c ****   htim6.Init.CounterMode = TIM_COUNTERMODE_UP;
 110              		.loc 1 114 0
 111 0050 C4E90312 		strd	r1, r2, [r4, #12]
 115:Src/stm32f3xx_hal_timebase_TIM.c ****   htim6.Init.CounterMode = TIM_COUNTERMODE_UP;
 112              		.loc 1 115 0
 113 0054 A260     		str	r2, [r4, #8]
 114              		.loc 1 116 0
 115 0056 FFF7FEFF 		bl	HAL_TIM_Base_Init
 116              	.LVL9:
 117 005a 10B1     		cbz	r0, .L6
 117:Src/stm32f3xx_hal_timebase_TIM.c ****   {
 118:Src/stm32f3xx_hal_timebase_TIM.c ****     /* Start the TIM time Base generation in interrupt mode */
 119:Src/stm32f3xx_hal_timebase_TIM.c ****     return HAL_TIM_Base_Start_IT(&htim6);
 120:Src/stm32f3xx_hal_timebase_TIM.c ****   }
 121:Src/stm32f3xx_hal_timebase_TIM.c ****   
 122:Src/stm32f3xx_hal_timebase_TIM.c ****   /* Return function status */
 123:Src/stm32f3xx_hal_timebase_TIM.c ****   return HAL_ERROR;
 118              		.loc 1 123 0
 119 005c 0120     		movs	r0, #1
 124:Src/stm32f3xx_hal_timebase_TIM.c **** }
 120              		.loc 1 124 0
 121 005e 08B0     		add	sp, sp, #32
 122              	.LCFI2:
 123              		.cfi_remember_state
 124              		.cfi_def_cfa_offset 8
 125              		@ sp needed
 126 0060 10BD     		pop	{r4, pc}
 127              	.L6:
 128              	.LCFI3:
 129              		.cfi_restore_state
 119:Src/stm32f3xx_hal_timebase_TIM.c ****   }
 130              		.loc 1 119 0
 131 0062 2046     		mov	r0, r4
 132 0064 FFF7FEFF 		bl	HAL_TIM_Base_Start_IT
 133              	.LVL10:
 134              		.loc 1 124 0
 135 0068 08B0     		add	sp, sp, #32
 136              	.LCFI4:
 137              		.cfi_def_cfa_offset 8
 138              		@ sp needed
 139 006a 10BD     		pop	{r4, pc}
 140              	.L8:
 141              		.align	2
 142              	.L7:
 143 006c 00100240 		.word	1073876992
 144 0070 00000000 		.word	htim6
 145 0074 83DE1B43 		.word	1125899907
ARM GAS  C:\Users\ALEXWO~1\AppData\Local\Temp\ccMhgALo.s 			page 6


 146 0078 00100040 		.word	1073745920
 147              		.cfi_endproc
 148              	.LFE126:
 150              		.section	.text.HAL_SuspendTick,"ax",%progbits
 151              		.align	1
 152              		.p2align 2,,3
 153              		.global	HAL_SuspendTick
 154              		.syntax unified
 155              		.thumb
 156              		.thumb_func
 157              		.fpu fpv4-sp-d16
 159              	HAL_SuspendTick:
 160              	.LFB127:
 125:Src/stm32f3xx_hal_timebase_TIM.c **** 
 126:Src/stm32f3xx_hal_timebase_TIM.c **** /**
 127:Src/stm32f3xx_hal_timebase_TIM.c ****   * @brief  Suspend Tick increment.
 128:Src/stm32f3xx_hal_timebase_TIM.c ****   * @note   Disable the tick increment by disabling TIM6 update interrupt.
 129:Src/stm32f3xx_hal_timebase_TIM.c ****   * @param  None
 130:Src/stm32f3xx_hal_timebase_TIM.c ****   * @retval None
 131:Src/stm32f3xx_hal_timebase_TIM.c ****   */
 132:Src/stm32f3xx_hal_timebase_TIM.c **** void HAL_SuspendTick(void)
 133:Src/stm32f3xx_hal_timebase_TIM.c **** {
 161              		.loc 1 133 0
 162              		.cfi_startproc
 163              		@ args = 0, pretend = 0, frame = 0
 164              		@ frame_needed = 0, uses_anonymous_args = 0
 165              		@ link register save eliminated.
 134:Src/stm32f3xx_hal_timebase_TIM.c ****   /* Disable TIM6 update Interrupt */
 135:Src/stm32f3xx_hal_timebase_TIM.c ****   __HAL_TIM_DISABLE_IT(&htim6, TIM_IT_UPDATE);                                                  
 166              		.loc 1 135 0
 167 0000 034B     		ldr	r3, .L10
 168 0002 1A68     		ldr	r2, [r3]
 169 0004 D368     		ldr	r3, [r2, #12]
 170 0006 23F00103 		bic	r3, r3, #1
 171 000a D360     		str	r3, [r2, #12]
 136:Src/stm32f3xx_hal_timebase_TIM.c **** }
 172              		.loc 1 136 0
 173 000c 7047     		bx	lr
 174              	.L11:
 175 000e 00BF     		.align	2
 176              	.L10:
 177 0010 00000000 		.word	htim6
 178              		.cfi_endproc
 179              	.LFE127:
 181              		.section	.text.HAL_ResumeTick,"ax",%progbits
 182              		.align	1
 183              		.p2align 2,,3
 184              		.global	HAL_ResumeTick
 185              		.syntax unified
 186              		.thumb
 187              		.thumb_func
 188              		.fpu fpv4-sp-d16
 190              	HAL_ResumeTick:
 191              	.LFB128:
 137:Src/stm32f3xx_hal_timebase_TIM.c **** 
 138:Src/stm32f3xx_hal_timebase_TIM.c **** /**
 139:Src/stm32f3xx_hal_timebase_TIM.c ****   * @brief  Resume Tick increment.
ARM GAS  C:\Users\ALEXWO~1\AppData\Local\Temp\ccMhgALo.s 			page 7


 140:Src/stm32f3xx_hal_timebase_TIM.c ****   * @note   Enable the tick increment by Enabling TIM6 update interrupt.
 141:Src/stm32f3xx_hal_timebase_TIM.c ****   * @param  None
 142:Src/stm32f3xx_hal_timebase_TIM.c ****   * @retval None
 143:Src/stm32f3xx_hal_timebase_TIM.c ****   */
 144:Src/stm32f3xx_hal_timebase_TIM.c **** void HAL_ResumeTick(void)
 145:Src/stm32f3xx_hal_timebase_TIM.c **** {
 192              		.loc 1 145 0
 193              		.cfi_startproc
 194              		@ args = 0, pretend = 0, frame = 0
 195              		@ frame_needed = 0, uses_anonymous_args = 0
 196              		@ link register save eliminated.
 146:Src/stm32f3xx_hal_timebase_TIM.c ****   /* Enable TIM6 Update interrupt */
 147:Src/stm32f3xx_hal_timebase_TIM.c ****   __HAL_TIM_ENABLE_IT(&htim6, TIM_IT_UPDATE);
 197              		.loc 1 147 0
 198 0000 034B     		ldr	r3, .L13
 199 0002 1A68     		ldr	r2, [r3]
 200 0004 D368     		ldr	r3, [r2, #12]
 201 0006 43F00103 		orr	r3, r3, #1
 202 000a D360     		str	r3, [r2, #12]
 148:Src/stm32f3xx_hal_timebase_TIM.c **** }
 203              		.loc 1 148 0
 204 000c 7047     		bx	lr
 205              	.L14:
 206 000e 00BF     		.align	2
 207              	.L13:
 208 0010 00000000 		.word	htim6
 209              		.cfi_endproc
 210              	.LFE128:
 212              		.global	uwIncrementState
 213              		.comm	htim6,64,4
 214              		.section	.bss.uwIncrementState,"aw",%nobits
 215              		.align	2
 218              	uwIncrementState:
 219 0000 00000000 		.space	4
 220              		.text
 221              	.Letext0:
 222              		.file 2 "c:\\program files (x86)\\gnu tools arm embedded\\7 2018-q2-update\\arm-none-eabi\\include
 223              		.file 3 "c:\\program files (x86)\\gnu tools arm embedded\\7 2018-q2-update\\arm-none-eabi\\include
 224              		.file 4 "Drivers/CMSIS/Include/core_cm4.h"
 225              		.file 5 "Drivers/CMSIS/Device/ST/STM32F3xx/Include/system_stm32f3xx.h"
 226              		.file 6 "Drivers/CMSIS/Device/ST/STM32F3xx/Include/stm32f373xc.h"
 227              		.file 7 "c:\\program files (x86)\\gnu tools arm embedded\\7 2018-q2-update\\arm-none-eabi\\include
 228              		.file 8 "c:\\program files (x86)\\gnu tools arm embedded\\7 2018-q2-update\\arm-none-eabi\\include
 229              		.file 9 "c:\\program files (x86)\\gnu tools arm embedded\\7 2018-q2-update\\lib\\gcc\\arm-none-eab
 230              		.file 10 "c:\\program files (x86)\\gnu tools arm embedded\\7 2018-q2-update\\arm-none-eabi\\includ
 231              		.file 11 "Drivers/STM32F3xx_HAL_Driver/Inc/stm32f3xx_hal_def.h"
 232              		.file 12 "Drivers/STM32F3xx_HAL_Driver/Inc/stm32f3xx_hal_rcc.h"
 233              		.file 13 "Drivers/STM32F3xx_HAL_Driver/Inc/stm32f3xx_hal_dma.h"
 234              		.file 14 "Drivers/STM32F3xx_HAL_Driver/Inc/stm32f3xx_hal_tim.h"
 235              		.file 15 "Drivers/STM32F3xx_HAL_Driver/Inc/stm32f3xx_hal.h"
 236              		.file 16 "Drivers/STM32F3xx_HAL_Driver/Inc/stm32f3xx_hal_cortex.h"
ARM GAS  C:\Users\ALEXWO~1\AppData\Local\Temp\ccMhgALo.s 			page 8


DEFINED SYMBOLS
                            *ABS*:00000000 stm32f3xx_hal_timebase_TIM.c
C:\Users\ALEXWO~1\AppData\Local\Temp\ccMhgALo.s:18     .text.HAL_InitTick:00000000 $t
C:\Users\ALEXWO~1\AppData\Local\Temp\ccMhgALo.s:26     .text.HAL_InitTick:00000000 HAL_InitTick
C:\Users\ALEXWO~1\AppData\Local\Temp\ccMhgALo.s:143    .text.HAL_InitTick:0000006c $d
                            *COM*:00000040 htim6
C:\Users\ALEXWO~1\AppData\Local\Temp\ccMhgALo.s:151    .text.HAL_SuspendTick:00000000 $t
C:\Users\ALEXWO~1\AppData\Local\Temp\ccMhgALo.s:159    .text.HAL_SuspendTick:00000000 HAL_SuspendTick
C:\Users\ALEXWO~1\AppData\Local\Temp\ccMhgALo.s:177    .text.HAL_SuspendTick:00000010 $d
C:\Users\ALEXWO~1\AppData\Local\Temp\ccMhgALo.s:182    .text.HAL_ResumeTick:00000000 $t
C:\Users\ALEXWO~1\AppData\Local\Temp\ccMhgALo.s:190    .text.HAL_ResumeTick:00000000 HAL_ResumeTick
C:\Users\ALEXWO~1\AppData\Local\Temp\ccMhgALo.s:208    .text.HAL_ResumeTick:00000010 $d
C:\Users\ALEXWO~1\AppData\Local\Temp\ccMhgALo.s:218    .bss.uwIncrementState:00000000 uwIncrementState
C:\Users\ALEXWO~1\AppData\Local\Temp\ccMhgALo.s:215    .bss.uwIncrementState:00000000 $d

UNDEFINED SYMBOLS
HAL_NVIC_SetPriority
HAL_NVIC_EnableIRQ
HAL_RCC_GetClockConfig
HAL_RCC_GetPCLK1Freq
HAL_TIM_Base_Init
HAL_TIM_Base_Start_IT
